#
# A fatal error has been detected by the Java Runtime Environment:
#
#  EXCEPTION_ACCESS_VIOLATION (0xc0000005) at pc=0x0000000180005b00, pid=19212, tid=8020
#
# JRE version: Java(TM) SE Runtime Environment (11.0+5) (build 11-ea+5)
# Java VM: Java HotSpot(TM) 64-Bit Server VM (11-ea+5, mixed mode, tiered, compressed oops, g1 gc, windows-amd64)
# Problematic frame:
# C  [rxtxSerial.dll+0x5b00]
#
# No core dump will be written. Minidumps are not enabled by default on client versions of Windows
#
# If you would like to submit a bug report, please visit:
#   http://bugreport.java.com/bugreport/crash.jsp
# The crash happened outside the Java Virtual Machine in native code.
# See problematic frame for where to report the bug.
#

---------------  S U M M A R Y ------------

Command Line: -agentlib:jdwp=transport=dt_socket,server=n,suspend=y,address=localhost:61015 -Dfile.encoding=UTF-8 quoridor.Quoridor

Host: Intel(R) Core(TM) i7-8550U CPU @ 1.80GHz, 8 cores, 7G,  Windows 10 , 64 bit Build 17763 (10.0.17763.475)
Time: Tue Aug 06 12:21:15 2019 ?D1ú±ê×?ê±?? elapsed time: 11 seconds (0d 0h 0m 11s)

---------------  T H R E A D  ---------------

Current thread (0x000001c24fa00800):  JavaThread "main" [_thread_in_native, id=8020, stack(0x0000009734100000,0x0000009734200000)]

Stack: [0x0000009734100000,0x0000009734200000],  sp=0x00000097341feb80,  free space=1018k
Native frames: (J=compiled Java code, j=interpreted, Vv=VM code, C=native code)
C  [rxtxSerial.dll+0x5b00]

Java frames: (J=compiled Java code, j=interpreted, Vv=VM code)
j  gnu.io.RXTXPort.readArray([BII)I+0
j  gnu.io.RXTXPort$SerialInputStream.read([BII)I+212
j  gnu.io.RXTXPort$SerialInputStream.read([B)I+60
j  quoridor.ConsoleGame.uartReceiveDatafromSingleChipMachine(Lgnu/io/SerialPort;)[B+23
J 203% c2 quoridor.ConsoleGame.getFromUser(Ljava/lang/String;)Ljava/lang/String; (71 bytes) @ 0x000001c262e2ebe4 [0x000001c262e2eb40+0x00000000000000a4]
j  quoridor.ConsoleGame.menu()Z+22
j  quoridor.ConsoleGame.setUp()Ljava/lang/Boolean;+1
j  quoridor.ConsoleGame.<init>()V+13
j  quoridor.Quoridor.main([Ljava/lang/String;)V+4
v  ~StubRoutines::call_stub

siginfo: EXCEPTION_ACCESS_VIOLATION (0xc0000005), reading address 0x00000000366fef28


Register to memory mapping:

RIP=0x0000000180005b00 rxtxSerial.dll
RAX=0x0000000000000001 is an unknown value
RBX=0x0 is NULL
RCX=0x000000018001d4d5 rxtxSerial.dll
RDX=0xfffffffffffff665 is an unknown value
RSP=0x00000097341feb80 is pointing into the stack for thread: 0x000001c24fa00800
RBP=
[error occurred during error reporting (printing register info), id 0xc0000005]

Registers:
RAX=0x0000000000000001, RBX=0x0000000000000000, RCX=0x000000018001d4d5, RDX=0xfffffffffffff665
RSP=0x00000097341feb80, RBP=0x00000000ffffffff, RSI=0x0000000000000000, RDI=0x000001c24fa00a70
R8 =0x0000000000000002, R9 =0xfffffffffffff63c, R10=0x000001c27282af50, R11=0x8101010101010100
R12=0x00000000366fef20, R13=0x0000000000000001, R14=0x00000097341fed70, R15=0x0000000000000000
RIP=0x0000000180005b00, EFLAGS=0x0000000000010202

Top of Stack: (sp=0x00000097341feb80)
0x00000097341feb80:   0000000000000000 00000097341fed78
0x00000097341feb90:   0000000000000000 000000006ba9f9cd
0x00000097341feba0:   0000000000000000 00000097341fed70
0x00000097341febb0:   000001c27282e968 0000000000000001
0x00000097341febc0:   000001c24fa00a70 0000000000000001
0x00000097341febd0:   ffffffffffffffff 0000000180006211
0x00000097341febe0:   000001c272f4b5c0 0000000000000000
0x00000097341febf0:   ffffffff00000001 000001c272f4b5c0
0x00000097341fec00:   0000009700000001 00000000ffffffff
0x00000097341fec10:   00000097341fed78 000001c27282e970
0x00000097341fec20:   000001c27282e970 000001c24f9f2780
0x00000097341fec30:   00000097341ff428 000000006ba4ca43
0x00000097341fec40:   000001c24fa00800 000000010006c410
0x00000097341fec50:   000001c24f9f2780 00004b2ff63b1e3e
0x00000097341fec60:   000001c27282e970 000001c27282e968
0x00000097341fec70:   000001c24fa00800 00000097341fed78 

Instructions: (pc=0x0000000180005b00)
0x0000000180005ae0:   15 23 7a 01 00 48 8d 48 60 e8 3a 5d 00 00 4c 8b
0x0000000180005af0:   e5 8b ac 24 88 00 00 00 44 8b ac 24 80 00 00 00
0x0000000180005b00:   45 8b 74 24 08 41 89 5c 24 08 41 8b fd 85 ed 78
0x0000000180005b10:   09 ff 15 e9 14 01 00 44 8b f8 45 85 ed 7e 4a 90 



---------------  P R O C E S S  ---------------

Threads class SMR info:
_java_thread_list=0x000001c272f957a0, length=16, elements={
0x000001c24fa00800, 0x000001c272386800, 0x000001c272389800, 0x000001c272c55800,
0x000001c272c56000, 0x000001c272c5b000, 0x000001c272c5b800, 0x000001c272c60800,
0x000001c272c6b800, 0x000001c272c7e800, 0x000001c272e50800, 0x000001c272e54000,
0x000001c272e55800, 0x000001c272e6a000, 0x000001c272e7f800, 0x000001c272fc2800
}

Java Threads: ( => current thread )
=>0x000001c24fa00800 JavaThread "main" [_thread_in_native, id=8020, stack(0x0000009734100000,0x0000009734200000)]
  0x000001c272386800 JavaThread "Reference Handler" daemon [_thread_blocked, id=12248, stack(0x0000009735700000,0x0000009735800000)]
  0x000001c272389800 JavaThread "Finalizer" daemon [_thread_blocked, id=18220, stack(0x0000009735800000,0x0000009735900000)]
  0x000001c272c55800 JavaThread "Signal Dispatcher" daemon [_thread_blocked, id=18504, stack(0x0000009735900000,0x0000009735a00000)]
  0x000001c272c56000 JavaThread "Attach Listener" daemon [_thread_blocked, id=17332, stack(0x0000009735a00000,0x0000009735b00000)]
  0x000001c272c5b000 JavaThread "C2 CompilerThread0" daemon [_thread_blocked, id=16972, stack(0x0000009735b00000,0x0000009735c00000)]
  0x000001c272c5b800 JavaThread "C2 CompilerThread1" daemon [_thread_blocked, id=5752, stack(0x0000009735c00000,0x0000009735d00000)]
  0x000001c272c60800 JavaThread "C2 CompilerThread2" daemon [_thread_blocked, id=15280, stack(0x0000009735d00000,0x0000009735e00000)]
  0x000001c272c6b800 JavaThread "C1 CompilerThread3" daemon [_thread_blocked, id=17352, stack(0x0000009735e00000,0x0000009735f00000)]
  0x000001c272c7e800 JavaThread "Sweeper thread" daemon [_thread_blocked, id=3616, stack(0x0000009735f00000,0x0000009736000000)]
  0x000001c272e50800 JavaThread "JDWP Transport Listener: dt_socket" daemon [_thread_blocked, id=10116, stack(0x0000009736000000,0x0000009736100000)]
  0x000001c272e54000 JavaThread "JDWP Event Helper Thread" daemon [_thread_blocked, id=14200, stack(0x0000009736100000,0x0000009736200000)]
  0x000001c272e55800 JavaThread "JDWP Command Reader" daemon [_thread_in_native, id=8388, stack(0x0000009736200000,0x0000009736300000)]
  0x000001c272e6a000 JavaThread "Service Thread" daemon [_thread_blocked, id=7976, stack(0x0000009736300000,0x0000009736400000)]
  0x000001c272e7f800 JavaThread "Common-Cleaner" daemon [_thread_blocked, id=11316, stack(0x0000009736400000,0x0000009736500000)]
  0x000001c272fc2800 JavaThread "Thread-0" [_thread_in_native, id=11412, stack(0x0000009736600000,0x0000009736700000)]

Other Threads:
  0x000001c272383000 VMThread "VM Thread" [stack: 0x0000009735600000,0x0000009735700000] [id=4196]
  0x000001c272e80800 WatcherThread [stack: 0x0000009736500000,0x0000009736600000] [id=9932]
  0x000001c24fa18000 GCTaskThread "GC Thread#0" [stack: 0x0000009734200000,0x0000009734300000] [id=3068]
  0x000001c24fa19000 GCTaskThread "GC Thread#1" [stack: 0x0000009734300000,0x0000009734400000] [id=17456]
  0x000001c24fa1d800 GCTaskThread "GC Thread#2" [stack: 0x0000009734400000,0x0000009734500000] [id=15432]
  0x000001c24fa1e800 GCTaskThread "GC Thread#3" [stack: 0x0000009734500000,0x0000009734600000] [id=16820]
  0x000001c24fa21000 GCTaskThread "GC Thread#4" [stack: 0x0000009734600000,0x0000009734700000] [id=1908]
  0x000001c24fa26000 GCTaskThread "GC Thread#5" [stack: 0x0000009734700000,0x0000009734800000] [id=12684]
  0x000001c24fa27800 GCTaskThread "GC Thread#6" [stack: 0x0000009734800000,0x0000009734900000] [id=15216]
  0x000001c24fa2a800 GCTaskThread "GC Thread#7" [stack: 0x0000009734900000,0x0000009734a00000] [id=6484]
  0x000001c24fa99000 ConcurrentGCThread "G1 Main Marker" [stack: 0x0000009734a00000,0x0000009734b00000] [id=3044]
  0x000001c24fa9a000 ConcurrentGCThread "G1 Conc#0" [stack: 0x0000009734b00000,0x0000009734c00000] [id=16464]
  0x000001c24fa9b000 ConcurrentGCThread "G1 Conc#1" [stack: 0x0000009734c00000,0x0000009734d00000] [id=13456]
  0x000001c24fade000 ConcurrentGCThread "G1 Refine#0" [stack: 0x0000009734d00000,0x0000009734e00000] [id=16500]
  0x000001c2721f7800 ConcurrentGCThread "G1 Refine#1" [stack: 0x0000009734e00000,0x0000009734f00000] [id=16208]
  0x000001c2721f8000 ConcurrentGCThread "G1 Refine#2" [stack: 0x0000009734f00000,0x0000009735000000] [id=15796]
  0x000001c2721fc800 ConcurrentGCThread "G1 Refine#3" [stack: 0x0000009735000000,0x0000009735100000] [id=11536]
  0x000001c272205800 ConcurrentGCThread "G1 Refine#4" [stack: 0x0000009735100000,0x0000009735200000] [id=6496]
  0x000001c27220e800 ConcurrentGCThread "G1 Refine#5" [stack: 0x0000009735200000,0x0000009735300000] [id=15020]
  0x000001c272213000 ConcurrentGCThread "G1 Refine#6" [stack: 0x0000009735300000,0x0000009735400000] [id=16008]
  0x000001c272213800 ConcurrentGCThread "G1 Refine#7" [stack: 0x0000009735400000,0x0000009735500000] [id=7136]
  0x000001c272214800 ConcurrentGCThread "G1 Young RemSet Sampling" [stack: 0x0000009735500000,0x0000009735600000] [id=14160]

Threads with active compile tasks:

VM state:not at safepoint (normal execution)

VM Mutex/Monitor currently owned by a thread: None

Heap address: 0x0000000081600000, size: 2026 MB, Compressed Oops mode: 32-bit
Narrow klass base: 0x0000000000000000, Narrow klass shift: 3
Compressed class space size: 1073741824 Address: 0x0000000100000000

Heap:
 garbage-first heap   total 131072K, used 3072K [0x0000000081600000, 0x0000000100000000)
  region size 1024K, 4 young (4096K), 0 survivors (0K)
 Metaspace       used 5137K, capacity 5216K, committed 5376K, reserved 1056768K
  class space    used 429K, capacity 464K, committed 512K, reserved 1048576K
Heap Regions: E=young(eden), S=young(survivor), O=old, HS=humongous(starts), HC=humongous(continues), CS=collection set, F=free, A=archive, TS=gc time stamp, AC=allocation context, TAMS=top-at-mark-start (previous, next)
|   0|0x0000000081600000, 0x0000000081600000, 0x0000000081700000|  0%| F|  |TS  0|AC  0|TAMS 0x0000000081600000, 0x0000000081600000|
|   1|0x0000000081700000, 0x0000000081700000, 0x0000000081800000|  0%| F|  |TS  0|AC  0|TAMS 0x0000000081700000, 0x0000000081700000|
|   2|0x0000000081800000, 0x0000000081800000, 0x0000000081900000|  0%| F|  |TS  0|AC  0|TAMS 0x0000000081800000, 0x0000000081800000|
|   3|0x0000000081900000, 0x0000000081900000, 0x0000000081a00000|  0%| F|  |TS  0|AC  0|TAMS 0x0000000081900000, 0x0000000081900000|
|   4|0x0000000081a00000, 0x0000000081a00000, 0x0000000081b00000|  0%| F|  |TS  0|AC  0|TAMS 0x0000000081a00000, 0x0000000081a00000|
|   5|0x0000000081b00000, 0x0000000081b00000, 0x0000000081c00000|  0%| F|  |TS  0|AC  0|TAMS 0x0000000081b00000, 0x0000000081b00000|
|   6|0x0000000081c00000, 0x0000000081c00000, 0x0000000081d00000|  0%| F|  |TS  0|AC  0|TAMS 0x0000000081c00000, 0x0000000081c00000|
|   7|0x0000000081d00000, 0x0000000081d00000, 0x0000000081e00000|  0%| F|  |TS  0|AC  0|TAMS 0x0000000081d00000, 0x0000000081d00000|
|   8|0x0000000081e00000, 0x0000000081e00000, 0x0000000081f00000|  0%| F|  |TS  0|AC  0|TAMS 0x0000000081e00000, 0x0000000081e00000|
|   9|0x0000000081f00000, 0x0000000081f00000, 0x0000000082000000|  0%| F|  |TS  0|AC  0|TAMS 0x0000000081f00000, 0x0000000081f00000|
|  10|0x0000000082000000, 0x0000000082000000, 0x0000000082100000|  0%| F|  |TS  0|AC  0|TAMS 0x0000000082000000, 0x0000000082000000|
|  11|0x0000000082100000, 0x0000000082100000, 0x0000000082200000|  0%| F|  |TS  0|AC  0|TAMS 0x0000000082100000, 0x0000000082100000|
|  12|0x0000000082200000, 0x0000000082200000, 0x0000000082300000|  0%| F|  |TS  0|AC  0|TAMS 0x0000000082200000, 0x0000000082200000|
|  13|0x0000000082300000, 0x0000000082300000, 0x0000000082400000|  0%| F|  |TS  0|AC  0|TAMS 0x0000000082300000, 0x0000000082300000|
|  14|0x0000000082400000, 0x0000000082400000, 0x0000000082500000|  0%| F|  |TS  0|AC  0|TAMS 0x0000000082400000, 0x0000000082400000|
|  15|0x0000000082500000, 0x0000000082500000, 0x0000000082600000|  0%| F|  |TS  0|AC  0|TAMS 0x0000000082500000, 0x0000000082500000|
|  16|0x0000000082600000, 0x0000000082600000, 0x0000000082700000|  0%| F|  |TS  0|AC  0|TAMS 0x0000000082600000, 0x0000000082600000|
|  17|0x0000000082700000, 0x0000000082700000, 0x0000000082800000|  0%| F|  |TS  0|AC  0|TAMS 0x0000000082700000, 0x0000000082700000|
|  18|0x0000000082800000, 0x0000000082800000, 0x0000000082900000|  0%| F|  |TS  0|AC  0|TAMS 0x0000000082800000, 0x0000000082800000|
|  19|0x0000000082900000, 0x0000000082900000, 0x0000000082a00000|  0%| F|  |TS  0|AC  0|TAMS 0x0000000082900000, 0x0000000082900000|
|  20|0x0000000082a00000, 0x0000000082a00000, 0x0000000082b00000|  0%| F|  |TS  0|AC  0|TAMS 0x0000000082a00000, 0x0000000082a00000|
|  21|0x0000000082b00000, 0x0000000082b00000, 0x0000000082c00000|  0%| F|  |TS  0|AC  0|TAMS 0x0000000082b00000, 0x0000000082b00000|
|  22|0x0000000082c00000, 0x0000000082c00000, 0x0000000082d00000|  0%| F|  |TS  0|AC  0|TAMS 0x0000000082c00000, 0x0000000082c00000|
|  23|0x0000000082d00000, 0x0000000082d00000, 0x0000000082e00000|  0%| F|  |TS  0|AC  0|TAMS 0x0000000082d00000, 0x0000000082d00000|
|  24|0x0000000082e00000, 0x0000000082e00000, 0x0000000082f00000|  0%| F|  |TS  0|AC  0|TAMS 0x0000000082e00000, 0x0000000082e00000|
|  25|0x0000000082f00000, 0x0000000082f00000, 0x0000000083000000|  0%| F|  |TS  0|AC  0|TAMS 0x0000000082f00000, 0x0000000082f00000|
|  26|0x0000000083000000, 0x0000000083000000, 0x0000000083100000|  0%| F|  |TS  0|AC  0|TAMS 0x0000000083000000, 0x0000000083000000|
|  27|0x0000000083100000, 0x0000000083100000, 0x0000000083200000|  0%| F|  |TS  0|AC  0|TAMS 0x0000000083100000, 0x0000000083100000|
|  28|0x0000000083200000, 0x0000000083200000, 0x0000000083300000|  0%| F|  |TS  0|AC  0|TAMS 0x0000000083200000, 0x0000000083200000|
|  29|0x0000000083300000, 0x0000000083300000, 0x0000000083400000|  0%| F|  |TS  0|AC  0|TAMS 0x0000000083300000, 0x0000000083300000|
|  30|0x0000000083400000, 0x0000000083400000, 0x0000000083500000|  0%| F|  |TS  0|AC  0|TAMS 0x0000000083400000, 0x0000000083400000|
|  31|0x0000000083500000, 0x0000000083500000, 0x0000000083600000|  0%| F|  |TS  0|AC  0|TAMS 0x0000000083500000, 0x0000000083500000|
|  32|0x0000000083600000, 0x0000000083600000, 0x0000000083700000|  0%| F|  |TS  0|AC  0|TAMS 0x0000000083600000, 0x0000000083600000|
|  33|0x0000000083700000, 0x0000000083700000, 0x0000000083800000|  0%| F|  |TS  0|AC  0|TAMS 0x0000000083700000, 0x0000000083700000|
|  34|0x0000000083800000, 0x0000000083800000, 0x0000000083900000|  0%| F|  |TS  0|AC  0|TAMS 0x0000000083800000, 0x0000000083800000|
|  35|0x0000000083900000, 0x0000000083900000, 0x0000000083a00000|  0%| F|  |TS  0|AC  0|TAMS 0x0000000083900000, 0x0000000083900000|
|  36|0x0000000083a00000, 0x0000000083a00000, 0x0000000083b00000|  0%| F|  |TS  0|AC  0|TAMS 0x0000000083a00000, 0x0000000083a00000|
|  37|0x0000000083b00000, 0x0000000083b00000, 0x0000000083c00000|  0%| F|  |TS  0|AC  0|TAMS 0x0000000083b00000, 0x0000000083b00000|
|  38|0x0000000083c00000, 0x0000000083c00000, 0x0000000083d00000|  0%| F|  |TS  0|AC  0|TAMS 0x0000000083c00000, 0x0000000083c00000|
|  39|0x0000000083d00000, 0x0000000083d00000, 0x0000000083e00000|  0%| F|  |TS  0|AC  0|TAMS 0x0000000083d00000, 0x0000000083d00000|
|  40|0x0000000083e00000, 0x0000000083e00000, 0x0000000083f00000|  0%| F|  |TS  0|AC  0|TAMS 0x0000000083e00000, 0x0000000083e00000|
|  41|0x0000000083f00000, 0x0000000083f00000, 0x0000000084000000|  0%| F|  |TS  0|AC  0|TAMS 0x0000000083f00000, 0x0000000083f00000|
|  42|0x0000000084000000, 0x0000000084000000, 0x0000000084100000|  0%| F|  |TS  0|AC  0|TAMS 0x0000000084000000, 0x0000000084000000|
|  43|0x0000000084100000, 0x0000000084100000, 0x0000000084200000|  0%| F|  |TS  0|AC  0|TAMS 0x0000000084100000, 0x0000000084100000|
|  44|0x0000000084200000, 0x0000000084200000, 0x0000000084300000|  0%| F|  |TS  0|AC  0|TAMS 0x0000000084200000, 0x0000000084200000|
|  45|0x0000000084300000, 0x0000000084300000, 0x0000000084400000|  0%| F|  |TS  0|AC  0|TAMS 0x0000000084300000, 0x0000000084300000|
|  46|0x0000000084400000, 0x0000000084400000, 0x0000000084500000|  0%| F|  |TS  0|AC  0|TAMS 0x0000000084400000, 0x0000000084400000|
|  47|0x0000000084500000, 0x0000000084500000, 0x0000000084600000|  0%| F|  |TS  0|AC  0|TAMS 0x0000000084500000, 0x0000000084500000|
|  48|0x0000000084600000, 0x0000000084600000, 0x0000000084700000|  0%| F|  |TS  0|AC  0|TAMS 0x0000000084600000, 0x0000000084600000|
|  49|0x0000000084700000, 0x0000000084700000, 0x0000000084800000|  0%| F|  |TS  0|AC  0|TAMS 0x0000000084700000, 0x0000000084700000|
|  50|0x0000000084800000, 0x0000000084800000, 0x0000000084900000|  0%| F|  |TS  0|AC  0|TAMS 0x0000000084800000, 0x0000000084800000|
|  51|0x0000000084900000, 0x0000000084900000, 0x0000000084a00000|  0%| F|  |TS  0|AC  0|TAMS 0x0000000084900000, 0x0000000084900000|
|  52|0x0000000084a00000, 0x0000000084a00000, 0x0000000084b00000|  0%| F|  |TS  0|AC  0|TAMS 0x0000000084a00000, 0x0000000084a00000|
|  53|0x0000000084b00000, 0x0000000084b00000, 0x0000000084c00000|  0%| F|  |TS  0|AC  0|TAMS 0x0000000084b00000, 0x0000000084b00000|
|  54|0x0000000084c00000, 0x0000000084c00000, 0x0000000084d00000|  0%| F|  |TS  0|AC  0|TAMS 0x0000000084c00000, 0x0000000084c00000|
|  55|0x0000000084d00000, 0x0000000084d00000, 0x0000000084e00000|  0%| F|  |TS  0|AC  0|TAMS 0x0000000084d00000, 0x0000000084d00000|
|  56|0x0000000084e00000, 0x0000000084e00000, 0x0000000084f00000|  0%| F|  |TS  0|AC  0|TAMS 0x0000000084e00000, 0x0000000084e00000|
|  57|0x0000000084f00000, 0x0000000084f00000, 0x0000000085000000|  0%| F|  |TS  0|AC  0|TAMS 0x0000000084f00000, 0x0000000084f00000|
|  58|0x0000000085000000, 0x0000000085000000, 0x0000000085100000|  0%| F|  |TS  0|AC  0|TAMS 0x0000000085000000, 0x0000000085000000|
|  59|0x0000000085100000, 0x0000000085100000, 0x0000000085200000|  0%| F|  |TS  0|AC  0|TAMS 0x0000000085100000, 0x0000000085100000|
|  60|0x0000000085200000, 0x0000000085200000, 0x0000000085300000|  0%| F|  |TS  0|AC  0|TAMS 0x0000000085200000, 0x0000000085200000|
|  61|0x0000000085300000, 0x0000000085300000, 0x0000000085400000|  0%| F|  |TS  0|AC  0|TAMS 0x0000000085300000, 0x0000000085300000|
|  62|0x0000000085400000, 0x0000000085400000, 0x0000000085500000|  0%| F|  |TS  0|AC  0|TAMS 0x0000000085400000, 0x0000000085400000|
|  63|0x0000000085500000, 0x0000000085500000, 0x0000000085600000|  0%| F|  |TS  0|AC  0|TAMS 0x0000000085500000, 0x0000000085500000|
|  64|0x0000000085600000, 0x0000000085600000, 0x0000000085700000|  0%| F|  |TS  0|AC  0|TAMS 0x0000000085600000, 0x0000000085600000|
|  65|0x0000000085700000, 0x0000000085700000, 0x0000000085800000|  0%| F|  |TS  0|AC  0|TAMS 0x0000000085700000, 0x0000000085700000|
|  66|0x0000000085800000, 0x0000000085800000, 0x0000000085900000|  0%| F|  |TS  0|AC  0|TAMS 0x0000000085800000, 0x0000000085800000|
|  67|0x0000000085900000, 0x0000000085900000, 0x0000000085a00000|  0%| F|  |TS  0|AC  0|TAMS 0x0000000085900000, 0x0000000085900000|
|  68|0x0000000085a00000, 0x0000000085a00000, 0x0000000085b00000|  0%| F|  |TS  0|AC  0|TAMS 0x0000000085a00000, 0x0000000085a00000|
|  69|0x0000000085b00000, 0x0000000085b00000, 0x0000000085c00000|  0%| F|  |TS  0|AC  0|TAMS 0x0000000085b00000, 0x0000000085b00000|
|  70|0x0000000085c00000, 0x0000000085c00000, 0x0000000085d00000|  0%| F|  |TS  0|AC  0|TAMS 0x0000000085c00000, 0x0000000085c00000|
|  71|0x0000000085d00000, 0x0000000085d00000, 0x0000000085e00000|  0%| F|  |TS  0|AC  0|TAMS 0x0000000085d00000, 0x0000000085d00000|
|  72|0x0000000085e00000, 0x0000000085e00000, 0x0000000085f00000|  0%| F|  |TS  0|AC  0|TAMS 0x0000000085e00000, 0x0000000085e00000|
|  73|0x0000000085f00000, 0x0000000085f00000, 0x0000000086000000|  0%| F|  |TS  0|AC  0|TAMS 0x0000000085f00000, 0x0000000085f00000|
|  74|0x0000000086000000, 0x0000000086000000, 0x0000000086100000|  0%| F|  |TS  0|AC  0|TAMS 0x0000000086000000, 0x0000000086000000|
|  75|0x0000000086100000, 0x0000000086100000, 0x0000000086200000|  0%| F|  |TS  0|AC  0|TAMS 0x0000000086100000, 0x0000000086100000|
|  76|0x0000000086200000, 0x0000000086200000, 0x0000000086300000|  0%| F|  |TS  0|AC  0|TAMS 0x0000000086200000, 0x0000000086200000|
|  77|0x0000000086300000, 0x0000000086300000, 0x0000000086400000|  0%| F|  |TS  0|AC  0|TAMS 0x0000000086300000, 0x0000000086300000|
|  78|0x0000000086400000, 0x0000000086400000, 0x0000000086500000|  0%| F|  |TS  0|AC  0|TAMS 0x0000000086400000, 0x0000000086400000|
|  79|0x0000000086500000, 0x0000000086500000, 0x0000000086600000|  0%| F|  |TS  0|AC  0|TAMS 0x0000000086500000, 0x0000000086500000|
|  80|0x0000000086600000, 0x0000000086600000, 0x0000000086700000|  0%| F|  |TS  0|AC  0|TAMS 0x0000000086600000, 0x0000000086600000|
|  81|0x0000000086700000, 0x0000000086700000, 0x0000000086800000|  0%| F|  |TS  0|AC  0|TAMS 0x0000000086700000, 0x0000000086700000|
|  82|0x0000000086800000, 0x0000000086800000, 0x0000000086900000|  0%| F|  |TS  0|AC  0|TAMS 0x0000000086800000, 0x0000000086800000|
|  83|0x0000000086900000, 0x0000000086900000, 0x0000000086a00000|  0%| F|  |TS  0|AC  0|TAMS 0x0000000086900000, 0x0000000086900000|
|  84|0x0000000086a00000, 0x0000000086a00000, 0x0000000086b00000|  0%| F|  |TS  0|AC  0|TAMS 0x0000000086a00000, 0x0000000086a00000|
|  85|0x0000000086b00000, 0x0000000086b00000, 0x0000000086c00000|  0%| F|  |TS  0|AC  0|TAMS 0x0000000086b00000, 0x0000000086b00000|
|  86|0x0000000086c00000, 0x0000000086c00000, 0x0000000086d00000|  0%| F|  |TS  0|AC  0|TAMS 0x0000000086c00000, 0x0000000086c00000|
|  87|0x0000000086d00000, 0x0000000086d00000, 0x0000000086e00000|  0%| F|  |TS  0|AC  0|TAMS 0x0000000086d00000, 0x0000000086d00000|
|  88|0x0000000086e00000, 0x0000000086e00000, 0x0000000086f00000|  0%| F|  |TS  0|AC  0|TAMS 0x0000000086e00000, 0x0000000086e00000|
|  89|0x0000000086f00000, 0x0000000086f00000, 0x0000000087000000|  0%| F|  |TS  0|AC  0|TAMS 0x0000000086f00000, 0x0000000086f00000|
|  90|0x0000000087000000, 0x0000000087000000, 0x0000000087100000|  0%| F|  |TS  0|AC  0|TAMS 0x0000000087000000, 0x0000000087000000|
|  91|0x0000000087100000, 0x0000000087100000, 0x0000000087200000|  0%| F|  |TS  0|AC  0|TAMS 0x0000000087100000, 0x0000000087100000|
|  92|0x0000000087200000, 0x0000000087200000, 0x0000000087300000|  0%| F|  |TS  0|AC  0|TAMS 0x0000000087200000, 0x0000000087200000|
|  93|0x0000000087300000, 0x0000000087300000, 0x0000000087400000|  0%| F|  |TS  0|AC  0|TAMS 0x0000000087300000, 0x0000000087300000|
|  94|0x0000000087400000, 0x0000000087400000, 0x0000000087500000|  0%| F|  |TS  0|AC  0|TAMS 0x0000000087400000, 0x0000000087400000|
|  95|0x0000000087500000, 0x0000000087500000, 0x0000000087600000|  0%| F|  |TS  0|AC  0|TAMS 0x0000000087500000, 0x0000000087500000|
|  96|0x0000000087600000, 0x0000000087600000, 0x0000000087700000|  0%| F|  |TS  0|AC  0|TAMS 0x0000000087600000, 0x0000000087600000|
|  97|0x0000000087700000, 0x0000000087700000, 0x0000000087800000|  0%| F|  |TS  0|AC  0|TAMS 0x0000000087700000, 0x0000000087700000|
|  98|0x0000000087800000, 0x0000000087800000, 0x0000000087900000|  0%| F|  |TS  0|AC  0|TAMS 0x0000000087800000, 0x0000000087800000|
|  99|0x0000000087900000, 0x0000000087900000, 0x0000000087a00000|  0%| F|  |TS  0|AC  0|TAMS 0x0000000087900000, 0x0000000087900000|
| 100|0x0000000087a00000, 0x0000000087a00000, 0x0000000087b00000|  0%| F|  |TS  0|AC  0|TAMS 0x0000000087a00000, 0x0000000087a00000|
| 101|0x0000000087b00000, 0x0000000087b00000, 0x0000000087c00000|  0%| F|  |TS  0|AC  0|TAMS 0x0000000087b00000, 0x0000000087b00000|
| 102|0x0000000087c00000, 0x0000000087c00000, 0x0000000087d00000|  0%| F|  |TS  0|AC  0|TAMS 0x0000000087c00000, 0x0000000087c00000|
| 103|0x0000000087d00000, 0x0000000087d00000, 0x0000000087e00000|  0%| F|  |TS  0|AC  0|TAMS 0x0000000087d00000, 0x0000000087d00000|
| 104|0x0000000087e00000, 0x0000000087e00000, 0x0000000087f00000|  0%| F|  |TS  0|AC  0|TAMS 0x0000000087e00000, 0x0000000087e00000|
| 105|0x0000000087f00000, 0x0000000087f00000, 0x0000000088000000|  0%| F|  |TS  0|AC  0|TAMS 0x0000000087f00000, 0x0000000087f00000|
| 106|0x0000000088000000, 0x0000000088000000, 0x0000000088100000|  0%| F|  |TS  0|AC  0|TAMS 0x0000000088000000, 0x0000000088000000|
| 107|0x0000000088100000, 0x0000000088100000, 0x0000000088200000|  0%| F|  |TS  0|AC  0|TAMS 0x0000000088100000, 0x0000000088100000|
| 108|0x0000000088200000, 0x0000000088200000, 0x0000000088300000|  0%| F|  |TS  0|AC  0|TAMS 0x0000000088200000, 0x0000000088200000|
| 109|0x0000000088300000, 0x0000000088300000, 0x0000000088400000|  0%| F|  |TS  0|AC  0|TAMS 0x0000000088300000, 0x0000000088300000|
| 110|0x0000000088400000, 0x0000000088400000, 0x0000000088500000|  0%| F|  |TS  0|AC  0|TAMS 0x0000000088400000, 0x0000000088400000|
| 111|0x0000000088500000, 0x0000000088500000, 0x0000000088600000|  0%| F|  |TS  0|AC  0|TAMS 0x0000000088500000, 0x0000000088500000|
| 112|0x0000000088600000, 0x0000000088600000, 0x0000000088700000|  0%| F|  |TS  0|AC  0|TAMS 0x0000000088600000, 0x0000000088600000|
| 113|0x0000000088700000, 0x0000000088700000, 0x0000000088800000|  0%| F|  |TS  0|AC  0|TAMS 0x0000000088700000, 0x0000000088700000|
| 114|0x0000000088800000, 0x0000000088800000, 0x0000000088900000|  0%| F|  |TS  0|AC  0|TAMS 0x0000000088800000, 0x0000000088800000|
| 115|0x0000000088900000, 0x0000000088900000, 0x0000000088a00000|  0%| F|  |TS  0|AC  0|TAMS 0x0000000088900000, 0x0000000088900000|
| 116|0x0000000088a00000, 0x0000000088a00000, 0x0000000088b00000|  0%| F|  |TS  0|AC  0|TAMS 0x0000000088a00000, 0x0000000088a00000|
| 117|0x0000000088b00000, 0x0000000088b00000, 0x0000000088c00000|  0%| F|  |TS  0|AC  0|TAMS 0x0000000088b00000, 0x0000000088b00000|
| 118|0x0000000088c00000, 0x0000000088c00000, 0x0000000088d00000|  0%| F|  |TS  0|AC  0|TAMS 0x0000000088c00000, 0x0000000088c00000|
| 119|0x0000000088d00000, 0x0000000088d00000, 0x0000000088e00000|  0%| F|  |TS  0|AC  0|TAMS 0x0000000088d00000, 0x0000000088d00000|
| 120|0x0000000088e00000, 0x0000000088e00000, 0x0000000088f00000|  0%| F|  |TS  0|AC  0|TAMS 0x0000000088e00000, 0x0000000088e00000|
| 121|0x0000000088f00000, 0x0000000088f00000, 0x0000000089000000|  0%| F|  |TS  0|AC  0|TAMS 0x0000000088f00000, 0x0000000088f00000|
| 122|0x0000000089000000, 0x0000000089000000, 0x0000000089100000|  0%| F|  |TS  0|AC  0|TAMS 0x0000000089000000, 0x0000000089000000|
| 123|0x0000000089100000, 0x0000000089100000, 0x0000000089200000|  0%| F|  |TS  0|AC  0|TAMS 0x0000000089100000, 0x0000000089100000|
| 124|0x0000000089200000, 0x00000000892f7cc0, 0x0000000089300000| 96%| E|  |TS  0|AC  0|TAMS 0x0000000089200000, 0x0000000089200000|
| 125|0x0000000089300000, 0x0000000089400000, 0x0000000089400000|100%| E|CS|TS  0|AC  0|TAMS 0x0000000089300000, 0x0000000089300000|
| 126|0x0000000089400000, 0x0000000089500000, 0x0000000089500000|100%| E|CS|TS  0|AC  0|TAMS 0x0000000089400000, 0x0000000089400000|
| 127|0x0000000089500000, 0x0000000089600000, 0x0000000089600000|100%| E|CS|TS  0|AC  0|TAMS 0x0000000089500000, 0x0000000089500000|

Card table byte_map: [0x000001c26b1d0000,0x000001c26b5d0000] _byte_map_base: 0x000001c26adc5000

Marking Bits (Prev, Next): (CMBitMap*) 0x000001c24fa98590, (CMBitMap*) 0x000001c24fa985c8
 Prev Bits: [0x000001c26b9d0000, 0x000001c26d978000)
 Next Bits: [0x000001c26d980000, 0x000001c26f928000)

Polling page: 0x000001c24f880000

CodeHeap 'non-profiled nmethods': size=120000Kb used=59Kb max_used=59Kb free=119940Kb
 bounds [0x000001c262e20000, 0x000001c263090000, 0x000001c26a350000]
CodeHeap 'profiled nmethods': size=120000Kb used=316Kb max_used=316Kb free=119683Kb
 bounds [0x000001c25b8f0000, 0x000001c25bb60000, 0x000001c262e20000]
CodeHeap 'non-nmethods': size=5760Kb used=1103Kb max_used=1118Kb free=4656Kb
 bounds [0x000001c25b350000, 0x000001c25b5c0000, 0x000001c25b8f0000]
 total_blobs=571 nmethods=203 adapters=209
 compilation: enabled

Compilation events (10 events):
Event: 0.447 Thread 0x000001c272c60800  199   !   4       quoridor.ConsoleGame::uartReceiveDatafromSingleChipMachine (46 bytes)
Event: 0.448 Thread 0x000001c272c5b000  200  s!   4       gnu.io.RXTXPort$SerialInputStream::available (136 bytes)
Event: 0.457 Thread 0x000001c272c5b000 nmethod 200 0x000001c262e2c310 code [0x000001c262e2c4e0, 0x000001c262e2d048]
Event: 0.459 Thread 0x000001c272c60800 nmethod 199 0x000001c262e2d490 code [0x000001c262e2d680, 0x000001c262e2e358]
Event: 0.974 Thread 0x000001c272c6b800  201 % !   3       quoridor.ConsoleGame::getFromUser @ 10 (71 bytes)
Event: 0.975 Thread 0x000001c272c6b800 nmethod 201% 0x000001c25b93ae90 code [0x000001c25b93b1e0, 0x000001c25b93c7b0]
Event: 0.983 Thread 0x000001c272c6b800  202   !   3       quoridor.ConsoleGame::getFromUser (71 bytes)
Event: 0.984 Thread 0x000001c272c6b800 nmethod 202 0x000001c25b93d110 code [0x000001c25b93d460, 0x000001c25b93e790]
Event: 1.344 Thread 0x000001c272c5b800  203 % !   4       quoridor.ConsoleGame::getFromUser @ 10 (71 bytes)
Event: 1.345 Thread 0x000001c272c5b800 nmethod 203% 0x000001c262e2e990 code [0x000001c262e2eb40, 0x000001c262e2ecb8]

GC Heap History (0 events):
No events

Deoptimization events (2 events):
Event: 0.271 Thread 0x000001c24fa00800 Uncommon trap: reason=unstable_if action=reinterpret pc=0x000001c262e2473c method=java.lang.String.hashCode()I @ 14 c2
Event: 11.483 Thread 0x000001c24fa00800 Uncommon trap: reason=unstable_if action=reinterpret pc=0x000001c262e2de3c method=quoridor.ConsoleGame.uartReceiveDatafromSingleChipMachine(Lgnu/io/SerialPort;)[B @ 33 c2

Classes redefined (0 events):
No events

Internal exceptions (2 events):
Event: 0.358 Thread 0x000001c24fa00800 Exception <a 'java/io/FileNotFoundException'{0x000000008922a000}> (0x000000008922a000) thrown at [t:/workspace/open/src/hotspot/share/prims/jni.cpp, line 613]
Event: 0.363 Thread 0x000001c24fa00800 Exception <a 'java/io/FileNotFoundException'{0x000000008923bd28}> (0x000000008923bd28) thrown at [t:/workspace/open/src/hotspot/share/prims/jni.cpp, line 613]

Events (10 events):
Event: 0.367 loading class java/lang/IndexOutOfBoundsException
Event: 0.367 loading class java/lang/IndexOutOfBoundsException done
Event: 0.370 loading class gnu/io/RXTXPort$MonitorThread
Event: 0.370 loading class gnu/io/RXTXPort$MonitorThread done
Event: 0.370 Thread 0x000001c272fc2800 Thread added: 0x000001c272fc2800
Event: 1.415 Thread 0x000001c24fa00800 DEOPT PACKING pc=0x000001c25b93c112 sp=0x00000097341fee80
Event: 1.415 Thread 0x000001c24fa00800 DEOPT UNPACKING pc=0x000001c25b38d5ce sp=0x00000097341fe438 mode 0
Event: 11.483 Thread 0x000001c24fa00800 Uncommon trap: trap_request=0xffffff55 fr.pc=0x000001c262e2de3c relative=0x00000000000007bc
Event: 11.483 Thread 0x000001c24fa00800 DEOPT PACKING pc=0x000001c262e2de3c sp=0x00000097341feef0
Event: 11.483 Thread 0x000001c24fa00800 DEOPT UNPACKING pc=0x000001c25b38d7af sp=0x00000097341feee0 mode 2


Dynamic libraries:
0x00007ff62bb80000 - 0x00007ff62bbbe000 	D:\MDK\bin\java.exe
0x00007ff8d0290000 - 0x00007ff8d047d000 	C:\Windows\SYSTEM32\ntdll.dll
0x00007ff8ce0d0000 - 0x00007ff8ce183000 	C:\Windows\System32\KERNEL32.DLL
0x00007ff8cc360000 - 0x00007ff8cc5f3000 	C:\Windows\System32\KERNELBASE.dll
0x00007ff8cdad0000 - 0x00007ff8cdb73000 	C:\Windows\System32\ADVAPI32.dll
0x00007ff8d01a0000 - 0x00007ff8d023e000 	C:\Windows\System32\msvcrt.dll
0x00007ff8cded0000 - 0x00007ff8cdf6e000 	C:\Windows\System32\sechost.dll
0x00007ff8cd9a0000 - 0x00007ff8cdac2000 	C:\Windows\System32\RPCRT4.dll
0x00007ff8cf950000 - 0x00007ff8cfae7000 	C:\Windows\System32\USER32.dll
0x00007ff8cca10000 - 0x00007ff8cca30000 	C:\Windows\System32\win32u.dll
0x00007ff8cf8c0000 - 0x00007ff8cf8e9000 	C:\Windows\System32\GDI32.dll
0x00007ff8cd2d0000 - 0x00007ff8cd469000 	C:\Windows\System32\gdi32full.dll
0x00007ff8cc860000 - 0x00007ff8cc900000 	C:\Windows\System32\msvcp_win.dll
0x00007ff8cd1d0000 - 0x00007ff8cd2ca000 	C:\Windows\System32\ucrtbase.dll
0x00007ff8c44a0000 - 0x00007ff8c44aa000 	C:\Windows\SYSTEM32\VERSION.dll
0x00007ff8ba9f0000 - 0x00007ff8bac69000 	C:\Windows\WinSxS\amd64_microsoft.windows.common-controls_6595b64144ccf1df_6.0.17763.652_none_05b13fdc0722da13\COMCTL32.dll
0x00007ff8cd670000 - 0x00007ff8cd99c000 	C:\Windows\System32\combase.dll
0x00007ff8cc7e0000 - 0x00007ff8cc85e000 	C:\Windows\System32\bcryptPrimitives.dll
0x00007ff8cf890000 - 0x00007ff8cf8be000 	C:\Windows\System32\IMM32.DLL
0x00007ff888c10000 - 0x00007ff888cff000 	D:\MDK\bin\msvcr120.dll
0x00007ff88a360000 - 0x00007ff88a406000 	D:\MDK\bin\msvcp120.dll
0x000000006b6f0000 - 0x000000006c154000 	D:\MDK\bin\server\jvm.dll
0x00007ff8cf810000 - 0x00007ff8cf818000 	C:\Windows\System32\PSAPI.DLL
0x00007ff8ba850000 - 0x00007ff8ba859000 	C:\Windows\SYSTEM32\WSOCK32.dll
0x00007ff8c7070000 - 0x00007ff8c7094000 	C:\Windows\SYSTEM32\WINMM.dll
0x00007ff8d0130000 - 0x00007ff8d019d000 	C:\Windows\System32\WS2_32.dll
0x00007ff8c7040000 - 0x00007ff8c706d000 	C:\Windows\SYSTEM32\winmmbase.dll
0x00007ff8cca30000 - 0x00007ff8cca7a000 	C:\Windows\System32\cfgmgr32.dll
0x00007ff8b6ff0000 - 0x00007ff8b6fff000 	D:\MDK\bin\verify.dll
0x00007ff8c7c70000 - 0x00007ff8c7e5d000 	C:\Windows\SYSTEM32\DBGHELP.DLL
0x00007ff89ca10000 - 0x00007ff89ca3a000 	C:\Windows\SYSTEM32\dbgcore.DLL
0x00007ff89b5f0000 - 0x00007ff89b617000 	D:\MDK\bin\java.dll
0x00007ff8a6c90000 - 0x00007ff8a6cc6000 	D:\MDK\bin\jdwp.dll
0x00007ff89d4c0000 - 0x00007ff89d4d6000 	D:\MDK\bin\zip.dll
0x00007ff8b4be0000 - 0x00007ff8b4bea000 	D:\MDK\bin\jimage.dll
0x00007ff8ce2c0000 - 0x00007ff8cf7b0000 	C:\Windows\System32\SHELL32.dll
0x00007ff8cdf70000 - 0x00007ff8ce018000 	C:\Windows\System32\shcore.dll
0x00007ff8cca80000 - 0x00007ff8cd1ca000 	C:\Windows\System32\windows.storage.dll
0x00007ff8cc310000 - 0x00007ff8cc334000 	C:\Windows\System32\profapi.dll
0x00007ff8cc2b0000 - 0x00007ff8cc30d000 	C:\Windows\System32\powrprof.dll
0x00007ff8cf7b0000 - 0x00007ff8cf802000 	C:\Windows\System32\shlwapi.dll
0x00007ff8cc340000 - 0x00007ff8cc351000 	C:\Windows\System32\kernel.appcore.dll
0x00007ff8cd470000 - 0x00007ff8cd487000 	C:\Windows\System32\cryptsp.dll
0x00007ff8c71f0000 - 0x00007ff8c71fa000 	D:\MDK\bin\dt_socket.dll
0x00007ff8cbad0000 - 0x00007ff8cbb37000 	C:\Windows\System32\mswsock.dll
0x00007ff8cb830000 - 0x00007ff8cb8f6000 	C:\Windows\SYSTEM32\DNSAPI.dll
0x00007ff8cfaf0000 - 0x00007ff8cfaf8000 	C:\Windows\System32\NSI.dll
0x00007ff8cb7f0000 - 0x00007ff8cb82d000 	C:\Windows\SYSTEM32\IPHLPAPI.DLL
0x00007ff8bcd30000 - 0x00007ff8bcda9000 	C:\Windows\System32\fwpuclnt.dll
0x00007ff8cd490000 - 0x00007ff8cd4b6000 	C:\Windows\System32\bcrypt.dll
0x00007ff8bc8b0000 - 0x00007ff8bc8ba000 	C:\Windows\System32\rasadhlp.dll
0x00007ff89bf80000 - 0x00007ff89bf99000 	D:\MDK\bin\net.dll
0x00007ff8bcdc0000 - 0x00007ff8bceb2000 	C:\Windows\SYSTEM32\WINHTTP.dll
0x00007ff89ba80000 - 0x00007ff89ba91000 	D:\MDK\bin\nio.dll
0x0000000180000000 - 0x0000000180025000 	D:\MDK\bin\rxtxSerial.dll

dbghelp: loaded successfully - version: 4.0.5 - missing functions: none
symbol engine: initialized successfully - sym options: 0x614 - pdb path: .;D:\MDK\bin;C:\Windows\SYSTEM32;C:\Windows\WinSxS\amd64_microsoft.windows.common-controls_6595b64144ccf1df_6.0.17763.652_none_05b13fdc0722da13;D:\MDK\bin\server

VM Arguments:
jvm_args: -agentlib:jdwp=transport=dt_socket,server=n,suspend=y,address=localhost:61015 -Dfile.encoding=UTF-8 
java_command: quoridor.Quoridor
java_class_path (initial): D:\BaiduNetdiskDownload\新建文件夹\学习项目\比赛\创意组日常记录\策略部分\release\bin;C:\Users\78669\.vscode-insiders\extensions\redhat.java-0.47.0\server\config_win\org.eclipse.osgi\69\0\.cp\junit.jar;C:\Users\78669\.vscode-insiders\extensions\redhat.java-0.47.0\server\config_win\org.eclipse.osgi\67\0\.cp\;D:\BaiduNetdiskDownload\新建文件夹\学习项目\比赛\创意组日常记录\策略部分\release\lib\RXTXcomm.jar
Launcher Type: SUN_STANDARD

Logging:
Log output configuration:
 #0: stdout all=warning uptime,level,tags
 #1: stderr all=off uptime,level,tags

Environment Variables:
PATH=D:\360\;C:\Program Files (x86)\Intel\Intel(R) Management Engine Components\iCLS\;C:\Program Files\Intel\Intel(R) Management Engine Components\iCLS\;C:\Windows\system32;C:\Windows;C:\Windows\System32\Wbem;C:\Windows\System32\WindowsPowerShell\v1.0\;C:\Windows\System32\OpenSSH\;C:\Program Files (x86)\Intel\Intel(R) Management Engine Components\DAL;C:\Program Files\Intel\Intel(R) Management Engine Components\DAL;C:\Program Files (x86)\Intel\Intel(R) Management Engine Components\IPT;C:\Program Files\Intel\Intel(R) Management Engine Components\IPT;C:\Program Files (x86)\NVIDIA Corporation\PhysX\Common;C:\Program Files\NVIDIA Corporation\NVIDIA NvDLISR;D:\Matlab\runtime\win64;D:\Matlab\bin;D:\MDK\Scripts\;D:\MDK\;C:\Users\78669\AppData\Local\Microsoft\WindowsApps;D:\MDK\bin;D:\VScode\bin;
USERNAME=78669
OS=Windows_NT
PROCESSOR_IDENTIFIER=Intel64 Family 6 Model 142 Stepping 10, GenuineIntel



---------------  S Y S T E M  ---------------

OS: Windows 10 , 64 bit Build 17763 (10.0.17763.475)

CPU:total 8 (initial active 8) (4 cores per cpu, 2 threads per core) family 6 model 142 stepping 10, cmov, cx8, fxsr, mmx, sse, sse2, sse3, ssse3, sse4.1, sse4.2, popcnt, avx, avx2, aes, clmul, erms, 3dnowpref, lzcnt, ht, tsc, tscinvbit, bmi1, bmi2, adx, fma

Memory: 4k page, physical 8292580k(3893476k free), swap 9915556k(3704992k free)

vm_info: Java HotSpot(TM) 64-Bit Server VM (11-ea+5) for windows-amd64 JRE (11-ea+5), built on Mar 17 2018 01:37:32 by "mach5one" with MS VC++ 12.0 (VS2013)

END.
