#
# A fatal error has been detected by the Java Runtime Environment:
#
#  EXCEPTION_ACCESS_VIOLATION (0xc0000005) at pc=0x0000000180004465, pid=4376, tid=19236
#
# JRE version: Java(TM) SE Runtime Environment (11.0+5) (build 11-ea+5)
# Java VM: Java HotSpot(TM) 64-Bit Server VM (11-ea+5, mixed mode, tiered, compressed oops, g1 gc, windows-amd64)
# Problematic frame:
# C  [rxtxSerial.dll+0x4465]
#
# No core dump will be written. Minidumps are not enabled by default on client versions of Windows
#
# If you would like to submit a bug report, please visit:
#   http://bugreport.java.com/bugreport/crash.jsp
# The crash happened outside the Java Virtual Machine in native code.
# See problematic frame for where to report the bug.
#

---------------  S U M M A R Y ------------

Command Line: -Dfile.encoding=UTF-8 quoridor.communication

Host: Intel(R) Core(TM) i7-8550U CPU @ 1.80GHz, 8 cores, 7G,  Windows 10 , 64 bit Build 17763 (10.0.17763.475)
Time: Tue Aug 06 12:23:43 2019 ?D1ú±ê×?ê±?? elapsed time: 0 seconds (0d 0h 0m 0s)

---------------  T H R E A D  ---------------

Current thread (0x000002744a43f000):  JavaThread "main" [_thread_in_native, id=19236, stack(0x000000e33ae00000,0x000000e33af00000)]

Stack: [0x000000e33ae00000,0x000000e33af00000],  sp=0x000000e33aefe910,  free space=1018k
Native frames: (J=compiled Java code, j=interpreted, Vv=VM code, C=native code)
C  [rxtxSerial.dll+0x4465]

Java frames: (J=compiled Java code, j=interpreted, Vv=VM code)
j  gnu.io.RXTXPort.nativeDrain(Z)Z+0
j  gnu.io.RXTXPort$SerialOutputStream.flush()V+92
j  quoridor.communication.uartSendDatatoSerialPort(Lgnu/io/SerialPort;[B)V+13
j  quoridor.communication.main([Ljava/lang/String;)V+22
v  ~StubRoutines::call_stub

siginfo: EXCEPTION_ACCESS_VIOLATION (0xc0000005), reading address 0x000000003d0ff1ac


Register to memory mapping:

RIP=0x0000000180004465 rxtxSerial.dll
RAX=0x000000000000001c is an unknown value
RBX=0x000002744a43f270 is an unknown value
RCX=0x000000e33aeff02c is pointing into the stack for thread: 0x000002744a43f000
RDX=0x0 is NULL
RSP=0x000000e33aefe910 is pointing into the stack for thread: 0x000002744a43f000
RBP=0x0000000000000001 is an unknown value
RSI=0x0 is NULL
RDI=0x0000000000000001 is an unknown value
R8 =0x000000e33aefe5d0 is pointing into the stack for thread: 0x000002744a43f000
R9 =0x0000000180000000 rxtxSerial.dll
R10=0x0 is NULL
R11=0x0000000000000200 is an unknown value
R12=0x000000003d0ff1a0 is an unknown value
R13=0x0 is NULL
R14=0x000000e33aeff148 is pointing into the stack for thread: 0x000002744a43f000
R15=0x000002744a43f000 is a thread


Registers:
RAX=0x000000000000001c, RBX=0x000002744a43f270, RCX=0x000000e33aeff02c, RDX=0x0000000000000000
RSP=0x000000e33aefe910, RBP=0x0000000000000001, RSI=0x0000000000000000, RDI=0x0000000000000001
R8 =0x000000e33aefe5d0, R9 =0x0000000180000000, R10=0x0000000000000000, R11=0x0000000000000200
R12=0x000000003d0ff1a0, R13=0x0000000000000000, R14=0x000000e33aeff148, R15=0x000002744a43f000
RIP=0x0000000180004465, EFLAGS=0x0000000000010206

Top of Stack: (sp=0x000000e33aefe910)
0x000000e33aefe910:   000002744a43f270 000000018001c4c0
0x000000e33aefe920:   0000000000000000 0000000000000001
0x000000e33aefe930:   000000e33aefeb50 0000027455d70d90
0x000000e33aefe940:   000000e33aeff148 0000000000000000
0x000000e33aefe950:   00000000893a1368 00000000893dc800
0x000000e33aefe960:   00000000893a1308 00000000893dc7b8
0x000000e33aefe970:   00000000894404d0 000002746ccccf9f
0x000000e33aefe980:   000002744a43f000 00000001000022c0
0x000000e33aefe990:   0000027400000b47 000002744a43f000
0x000000e33aefe9a0:   000002746d90f218 000002746d90f218
0x000000e33aefe9b0:   fffffffe00000b47 0000000000000000
0x000000e33aefe9c0:   0000000000000000 0000000000000000
0x000000e33aefe9d0:   0000000000000003 000000006bd4470c
0x000000e33aefe9e0:   000002746ccc76c8 000002744a43dfd0
0x000000e33aefe9f0:   0000000100011f60 000000006b99c2ce
0x000000e33aefea00:   0000000000000001 000000006ba3dbaf 

Instructions: (pc=0x0000000180004465)
0x0000000180004445:   1b 48 8b d7 48 8b cb 41 ff 93 b8 00 00 00 45 84
0x0000000180004455:   ed 0f 85 97 00 00 00 4d 85 e4 0f 84 8e 00 00 00
0x0000000180004465:   41 83 7c 24 0c 00 0f 84 82 00 00 00 4c 8d 44 24
0x0000000180004475:   30 48 8d 4c 24 38 4d 8b cc 48 8b d3 e8 8a f4 ff 



---------------  P R O C E S S  ---------------

Threads class SMR info:
_java_thread_list=0x000002746d9678d0, length=13, elements={
0x000002744a43f000, 0x000002746ce0c000, 0x000002746ce17000, 0x000002746ce22000,
0x000002746d6e7800, 0x000002746d6ec000, 0x000002746d6ed000, 0x000002746d6ed800,
0x000002746d6f1800, 0x000002746d6f6800, 0x000002746d8b0800, 0x000002746d8b5800,
0x000002746d96a000
}

Java Threads: ( => current thread )
=>0x000002744a43f000 JavaThread "main" [_thread_in_native, id=19236, stack(0x000000e33ae00000,0x000000e33af00000)]
  0x000002746ce0c000 JavaThread "Reference Handler" daemon [_thread_blocked, id=12356, stack(0x000000e33c400000,0x000000e33c500000)]
  0x000002746ce17000 JavaThread "Finalizer" daemon [_thread_blocked, id=4080, stack(0x000000e33c500000,0x000000e33c600000)]
  0x000002746ce22000 JavaThread "Signal Dispatcher" daemon [_thread_blocked, id=17776, stack(0x000000e33c600000,0x000000e33c700000)]
  0x000002746d6e7800 JavaThread "Attach Listener" daemon [_thread_blocked, id=17376, stack(0x000000e33c700000,0x000000e33c800000)]
  0x000002746d6ec000 JavaThread "C2 CompilerThread0" daemon [_thread_blocked, id=10012, stack(0x000000e33c800000,0x000000e33c900000)]
  0x000002746d6ed000 JavaThread "C2 CompilerThread1" daemon [_thread_blocked, id=5844, stack(0x000000e33c900000,0x000000e33ca00000)]
  0x000002746d6ed800 JavaThread "C2 CompilerThread2" daemon [_thread_blocked, id=19608, stack(0x000000e33ca00000,0x000000e33cb00000)]
  0x000002746d6f1800 JavaThread "C1 CompilerThread3" daemon [_thread_blocked, id=20056, stack(0x000000e33cb00000,0x000000e33cc00000)]
  0x000002746d6f6800 JavaThread "Sweeper thread" daemon [_thread_blocked, id=876, stack(0x000000e33cc00000,0x000000e33cd00000)]
  0x000002746d8b0800 JavaThread "Service Thread" daemon [_thread_blocked, id=1752, stack(0x000000e33cd00000,0x000000e33ce00000)]
  0x000002746d8b5800 JavaThread "Common-Cleaner" daemon [_thread_blocked, id=712, stack(0x000000e33ce00000,0x000000e33cf00000)]
  0x000002746d96a000 JavaThread "Thread-0" [_thread_in_native, id=15384, stack(0x000000e33d000000,0x000000e33d100000)]

Other Threads:
  0x000002746ce07800 VMThread "VM Thread" [stack: 0x000000e33c300000,0x000000e33c400000] [id=8628]
  0x000002746d8b6800 WatcherThread [stack: 0x000000e33cf00000,0x000000e33d000000] [id=17684]
  0x000002744a456800 GCTaskThread "GC Thread#0" [stack: 0x000000e33af00000,0x000000e33b000000] [id=4820]
  0x000002744a457800 GCTaskThread "GC Thread#1" [stack: 0x000000e33b000000,0x000000e33b100000] [id=18396]
  0x000002744a45d000 GCTaskThread "GC Thread#2" [stack: 0x000000e33b100000,0x000000e33b200000] [id=5264]
  0x000002744a45e800 GCTaskThread "GC Thread#3" [stack: 0x000000e33b200000,0x000000e33b300000] [id=11056]
  0x000002744a460800 GCTaskThread "GC Thread#4" [stack: 0x000000e33b300000,0x000000e33b400000] [id=7372]
  0x000002744a467000 GCTaskThread "GC Thread#5" [stack: 0x000000e33b400000,0x000000e33b500000] [id=19012]
  0x000002744a468000 GCTaskThread "GC Thread#6" [stack: 0x000000e33b500000,0x000000e33b600000] [id=17316]
  0x000002744a46e000 GCTaskThread "GC Thread#7" [stack: 0x000000e33b600000,0x000000e33b700000] [id=20096]
  0x000002744a4de800 ConcurrentGCThread "G1 Main Marker" [stack: 0x000000e33b700000,0x000000e33b800000] [id=5852]
  0x000002744a4e5800 ConcurrentGCThread "G1 Conc#0" [stack: 0x000000e33b800000,0x000000e33b900000] [id=5156]
  0x000002744a4e6000 ConcurrentGCThread "G1 Conc#1" [stack: 0x000000e33b900000,0x000000e33ba00000] [id=17112]
  0x000002746cc7a800 ConcurrentGCThread "G1 Refine#0" [stack: 0x000000e33ba00000,0x000000e33bb00000] [id=16968]
  0x000002746cc7d800 ConcurrentGCThread "G1 Refine#1" [stack: 0x000000e33bb00000,0x000000e33bc00000] [id=13288]
  0x000002746cc7e800 ConcurrentGCThread "G1 Refine#2" [stack: 0x000000e33bc00000,0x000000e33bd00000] [id=15676]
  0x000002746cc80800 ConcurrentGCThread "G1 Refine#3" [stack: 0x000000e33bd00000,0x000000e33be00000] [id=17200]
  0x000002746cc91800 ConcurrentGCThread "G1 Refine#4" [stack: 0x000000e33be00000,0x000000e33bf00000] [id=1956]
  0x000002746cc92800 ConcurrentGCThread "G1 Refine#5" [stack: 0x000000e33bf00000,0x000000e33c000000] [id=8728]
  0x000002746cc97000 ConcurrentGCThread "G1 Refine#6" [stack: 0x000000e33c000000,0x000000e33c100000] [id=16776]
  0x000002746cc97800 ConcurrentGCThread "G1 Refine#7" [stack: 0x000000e33c100000,0x000000e33c200000] [id=13600]
  0x000002746cc98800 ConcurrentGCThread "G1 Young RemSet Sampling" [stack: 0x000000e33c200000,0x000000e33c300000] [id=7876]

Threads with active compile tasks:

VM state:not at safepoint (normal execution)

VM Mutex/Monitor currently owned by a thread: None

Heap address: 0x0000000081600000, size: 2026 MB, Compressed Oops mode: 32-bit
Narrow klass base: 0x0000000000000000, Narrow klass shift: 3
Compressed class space size: 1073741824 Address: 0x0000000100000000

Heap:
 garbage-first heap   total 131072K, used 2048K [0x0000000081600000, 0x0000000100000000)
  region size 1024K, 3 young (3072K), 0 survivors (0K)
 Metaspace       used 5055K, capacity 5168K, committed 5376K, reserved 1056768K
  class space    used 426K, capacity 464K, committed 512K, reserved 1048576K
Heap Regions: E=young(eden), S=young(survivor), O=old, HS=humongous(starts), HC=humongous(continues), CS=collection set, F=free, A=archive, TS=gc time stamp, AC=allocation context, TAMS=top-at-mark-start (previous, next)
|   0|0x0000000081600000, 0x0000000081600000, 0x0000000081700000|  0%| F|  |TS  0|AC  0|TAMS 0x0000000081600000, 0x0000000081600000|
|   1|0x0000000081700000, 0x0000000081700000, 0x0000000081800000|  0%| F|  |TS  0|AC  0|TAMS 0x0000000081700000, 0x0000000081700000|
|   2|0x0000000081800000, 0x0000000081800000, 0x0000000081900000|  0%| F|  |TS  0|AC  0|TAMS 0x0000000081800000, 0x0000000081800000|
|   3|0x0000000081900000, 0x0000000081900000, 0x0000000081a00000|  0%| F|  |TS  0|AC  0|TAMS 0x0000000081900000, 0x0000000081900000|
|   4|0x0000000081a00000, 0x0000000081a00000, 0x0000000081b00000|  0%| F|  |TS  0|AC  0|TAMS 0x0000000081a00000, 0x0000000081a00000|
|   5|0x0000000081b00000, 0x0000000081b00000, 0x0000000081c00000|  0%| F|  |TS  0|AC  0|TAMS 0x0000000081b00000, 0x0000000081b00000|
|   6|0x0000000081c00000, 0x0000000081c00000, 0x0000000081d00000|  0%| F|  |TS  0|AC  0|TAMS 0x0000000081c00000, 0x0000000081c00000|
|   7|0x0000000081d00000, 0x0000000081d00000, 0x0000000081e00000|  0%| F|  |TS  0|AC  0|TAMS 0x0000000081d00000, 0x0000000081d00000|
|   8|0x0000000081e00000, 0x0000000081e00000, 0x0000000081f00000|  0%| F|  |TS  0|AC  0|TAMS 0x0000000081e00000, 0x0000000081e00000|
|   9|0x0000000081f00000, 0x0000000081f00000, 0x0000000082000000|  0%| F|  |TS  0|AC  0|TAMS 0x0000000081f00000, 0x0000000081f00000|
|  10|0x0000000082000000, 0x0000000082000000, 0x0000000082100000|  0%| F|  |TS  0|AC  0|TAMS 0x0000000082000000, 0x0000000082000000|
|  11|0x0000000082100000, 0x0000000082100000, 0x0000000082200000|  0%| F|  |TS  0|AC  0|TAMS 0x0000000082100000, 0x0000000082100000|
|  12|0x0000000082200000, 0x0000000082200000, 0x0000000082300000|  0%| F|  |TS  0|AC  0|TAMS 0x0000000082200000, 0x0000000082200000|
|  13|0x0000000082300000, 0x0000000082300000, 0x0000000082400000|  0%| F|  |TS  0|AC  0|TAMS 0x0000000082300000, 0x0000000082300000|
|  14|0x0000000082400000, 0x0000000082400000, 0x0000000082500000|  0%| F|  |TS  0|AC  0|TAMS 0x0000000082400000, 0x0000000082400000|
|  15|0x0000000082500000, 0x0000000082500000, 0x0000000082600000|  0%| F|  |TS  0|AC  0|TAMS 0x0000000082500000, 0x0000000082500000|
|  16|0x0000000082600000, 0x0000000082600000, 0x0000000082700000|  0%| F|  |TS  0|AC  0|TAMS 0x0000000082600000, 0x0000000082600000|
|  17|0x0000000082700000, 0x0000000082700000, 0x0000000082800000|  0%| F|  |TS  0|AC  0|TAMS 0x0000000082700000, 0x0000000082700000|
|  18|0x0000000082800000, 0x0000000082800000, 0x0000000082900000|  0%| F|  |TS  0|AC  0|TAMS 0x0000000082800000, 0x0000000082800000|
|  19|0x0000000082900000, 0x0000000082900000, 0x0000000082a00000|  0%| F|  |TS  0|AC  0|TAMS 0x0000000082900000, 0x0000000082900000|
|  20|0x0000000082a00000, 0x0000000082a00000, 0x0000000082b00000|  0%| F|  |TS  0|AC  0|TAMS 0x0000000082a00000, 0x0000000082a00000|
|  21|0x0000000082b00000, 0x0000000082b00000, 0x0000000082c00000|  0%| F|  |TS  0|AC  0|TAMS 0x0000000082b00000, 0x0000000082b00000|
|  22|0x0000000082c00000, 0x0000000082c00000, 0x0000000082d00000|  0%| F|  |TS  0|AC  0|TAMS 0x0000000082c00000, 0x0000000082c00000|
|  23|0x0000000082d00000, 0x0000000082d00000, 0x0000000082e00000|  0%| F|  |TS  0|AC  0|TAMS 0x0000000082d00000, 0x0000000082d00000|
|  24|0x0000000082e00000, 0x0000000082e00000, 0x0000000082f00000|  0%| F|  |TS  0|AC  0|TAMS 0x0000000082e00000, 0x0000000082e00000|
|  25|0x0000000082f00000, 0x0000000082f00000, 0x0000000083000000|  0%| F|  |TS  0|AC  0|TAMS 0x0000000082f00000, 0x0000000082f00000|
|  26|0x0000000083000000, 0x0000000083000000, 0x0000000083100000|  0%| F|  |TS  0|AC  0|TAMS 0x0000000083000000, 0x0000000083000000|
|  27|0x0000000083100000, 0x0000000083100000, 0x0000000083200000|  0%| F|  |TS  0|AC  0|TAMS 0x0000000083100000, 0x0000000083100000|
|  28|0x0000000083200000, 0x0000000083200000, 0x0000000083300000|  0%| F|  |TS  0|AC  0|TAMS 0x0000000083200000, 0x0000000083200000|
|  29|0x0000000083300000, 0x0000000083300000, 0x0000000083400000|  0%| F|  |TS  0|AC  0|TAMS 0x0000000083300000, 0x0000000083300000|
|  30|0x0000000083400000, 0x0000000083400000, 0x0000000083500000|  0%| F|  |TS  0|AC  0|TAMS 0x0000000083400000, 0x0000000083400000|
|  31|0x0000000083500000, 0x0000000083500000, 0x0000000083600000|  0%| F|  |TS  0|AC  0|TAMS 0x0000000083500000, 0x0000000083500000|
|  32|0x0000000083600000, 0x0000000083600000, 0x0000000083700000|  0%| F|  |TS  0|AC  0|TAMS 0x0000000083600000, 0x0000000083600000|
|  33|0x0000000083700000, 0x0000000083700000, 0x0000000083800000|  0%| F|  |TS  0|AC  0|TAMS 0x0000000083700000, 0x0000000083700000|
|  34|0x0000000083800000, 0x0000000083800000, 0x0000000083900000|  0%| F|  |TS  0|AC  0|TAMS 0x0000000083800000, 0x0000000083800000|
|  35|0x0000000083900000, 0x0000000083900000, 0x0000000083a00000|  0%| F|  |TS  0|AC  0|TAMS 0x0000000083900000, 0x0000000083900000|
|  36|0x0000000083a00000, 0x0000000083a00000, 0x0000000083b00000|  0%| F|  |TS  0|AC  0|TAMS 0x0000000083a00000, 0x0000000083a00000|
|  37|0x0000000083b00000, 0x0000000083b00000, 0x0000000083c00000|  0%| F|  |TS  0|AC  0|TAMS 0x0000000083b00000, 0x0000000083b00000|
|  38|0x0000000083c00000, 0x0000000083c00000, 0x0000000083d00000|  0%| F|  |TS  0|AC  0|TAMS 0x0000000083c00000, 0x0000000083c00000|
|  39|0x0000000083d00000, 0x0000000083d00000, 0x0000000083e00000|  0%| F|  |TS  0|AC  0|TAMS 0x0000000083d00000, 0x0000000083d00000|
|  40|0x0000000083e00000, 0x0000000083e00000, 0x0000000083f00000|  0%| F|  |TS  0|AC  0|TAMS 0x0000000083e00000, 0x0000000083e00000|
|  41|0x0000000083f00000, 0x0000000083f00000, 0x0000000084000000|  0%| F|  |TS  0|AC  0|TAMS 0x0000000083f00000, 0x0000000083f00000|
|  42|0x0000000084000000, 0x0000000084000000, 0x0000000084100000|  0%| F|  |TS  0|AC  0|TAMS 0x0000000084000000, 0x0000000084000000|
|  43|0x0000000084100000, 0x0000000084100000, 0x0000000084200000|  0%| F|  |TS  0|AC  0|TAMS 0x0000000084100000, 0x0000000084100000|
|  44|0x0000000084200000, 0x0000000084200000, 0x0000000084300000|  0%| F|  |TS  0|AC  0|TAMS 0x0000000084200000, 0x0000000084200000|
|  45|0x0000000084300000, 0x0000000084300000, 0x0000000084400000|  0%| F|  |TS  0|AC  0|TAMS 0x0000000084300000, 0x0000000084300000|
|  46|0x0000000084400000, 0x0000000084400000, 0x0000000084500000|  0%| F|  |TS  0|AC  0|TAMS 0x0000000084400000, 0x0000000084400000|
|  47|0x0000000084500000, 0x0000000084500000, 0x0000000084600000|  0%| F|  |TS  0|AC  0|TAMS 0x0000000084500000, 0x0000000084500000|
|  48|0x0000000084600000, 0x0000000084600000, 0x0000000084700000|  0%| F|  |TS  0|AC  0|TAMS 0x0000000084600000, 0x0000000084600000|
|  49|0x0000000084700000, 0x0000000084700000, 0x0000000084800000|  0%| F|  |TS  0|AC  0|TAMS 0x0000000084700000, 0x0000000084700000|
|  50|0x0000000084800000, 0x0000000084800000, 0x0000000084900000|  0%| F|  |TS  0|AC  0|TAMS 0x0000000084800000, 0x0000000084800000|
|  51|0x0000000084900000, 0x0000000084900000, 0x0000000084a00000|  0%| F|  |TS  0|AC  0|TAMS 0x0000000084900000, 0x0000000084900000|
|  52|0x0000000084a00000, 0x0000000084a00000, 0x0000000084b00000|  0%| F|  |TS  0|AC  0|TAMS 0x0000000084a00000, 0x0000000084a00000|
|  53|0x0000000084b00000, 0x0000000084b00000, 0x0000000084c00000|  0%| F|  |TS  0|AC  0|TAMS 0x0000000084b00000, 0x0000000084b00000|
|  54|0x0000000084c00000, 0x0000000084c00000, 0x0000000084d00000|  0%| F|  |TS  0|AC  0|TAMS 0x0000000084c00000, 0x0000000084c00000|
|  55|0x0000000084d00000, 0x0000000084d00000, 0x0000000084e00000|  0%| F|  |TS  0|AC  0|TAMS 0x0000000084d00000, 0x0000000084d00000|
|  56|0x0000000084e00000, 0x0000000084e00000, 0x0000000084f00000|  0%| F|  |TS  0|AC  0|TAMS 0x0000000084e00000, 0x0000000084e00000|
|  57|0x0000000084f00000, 0x0000000084f00000, 0x0000000085000000|  0%| F|  |TS  0|AC  0|TAMS 0x0000000084f00000, 0x0000000084f00000|
|  58|0x0000000085000000, 0x0000000085000000, 0x0000000085100000|  0%| F|  |TS  0|AC  0|TAMS 0x0000000085000000, 0x0000000085000000|
|  59|0x0000000085100000, 0x0000000085100000, 0x0000000085200000|  0%| F|  |TS  0|AC  0|TAMS 0x0000000085100000, 0x0000000085100000|
|  60|0x0000000085200000, 0x0000000085200000, 0x0000000085300000|  0%| F|  |TS  0|AC  0|TAMS 0x0000000085200000, 0x0000000085200000|
|  61|0x0000000085300000, 0x0000000085300000, 0x0000000085400000|  0%| F|  |TS  0|AC  0|TAMS 0x0000000085300000, 0x0000000085300000|
|  62|0x0000000085400000, 0x0000000085400000, 0x0000000085500000|  0%| F|  |TS  0|AC  0|TAMS 0x0000000085400000, 0x0000000085400000|
|  63|0x0000000085500000, 0x0000000085500000, 0x0000000085600000|  0%| F|  |TS  0|AC  0|TAMS 0x0000000085500000, 0x0000000085500000|
|  64|0x0000000085600000, 0x0000000085600000, 0x0000000085700000|  0%| F|  |TS  0|AC  0|TAMS 0x0000000085600000, 0x0000000085600000|
|  65|0x0000000085700000, 0x0000000085700000, 0x0000000085800000|  0%| F|  |TS  0|AC  0|TAMS 0x0000000085700000, 0x0000000085700000|
|  66|0x0000000085800000, 0x0000000085800000, 0x0000000085900000|  0%| F|  |TS  0|AC  0|TAMS 0x0000000085800000, 0x0000000085800000|
|  67|0x0000000085900000, 0x0000000085900000, 0x0000000085a00000|  0%| F|  |TS  0|AC  0|TAMS 0x0000000085900000, 0x0000000085900000|
|  68|0x0000000085a00000, 0x0000000085a00000, 0x0000000085b00000|  0%| F|  |TS  0|AC  0|TAMS 0x0000000085a00000, 0x0000000085a00000|
|  69|0x0000000085b00000, 0x0000000085b00000, 0x0000000085c00000|  0%| F|  |TS  0|AC  0|TAMS 0x0000000085b00000, 0x0000000085b00000|
|  70|0x0000000085c00000, 0x0000000085c00000, 0x0000000085d00000|  0%| F|  |TS  0|AC  0|TAMS 0x0000000085c00000, 0x0000000085c00000|
|  71|0x0000000085d00000, 0x0000000085d00000, 0x0000000085e00000|  0%| F|  |TS  0|AC  0|TAMS 0x0000000085d00000, 0x0000000085d00000|
|  72|0x0000000085e00000, 0x0000000085e00000, 0x0000000085f00000|  0%| F|  |TS  0|AC  0|TAMS 0x0000000085e00000, 0x0000000085e00000|
|  73|0x0000000085f00000, 0x0000000085f00000, 0x0000000086000000|  0%| F|  |TS  0|AC  0|TAMS 0x0000000085f00000, 0x0000000085f00000|
|  74|0x0000000086000000, 0x0000000086000000, 0x0000000086100000|  0%| F|  |TS  0|AC  0|TAMS 0x0000000086000000, 0x0000000086000000|
|  75|0x0000000086100000, 0x0000000086100000, 0x0000000086200000|  0%| F|  |TS  0|AC  0|TAMS 0x0000000086100000, 0x0000000086100000|
|  76|0x0000000086200000, 0x0000000086200000, 0x0000000086300000|  0%| F|  |TS  0|AC  0|TAMS 0x0000000086200000, 0x0000000086200000|
|  77|0x0000000086300000, 0x0000000086300000, 0x0000000086400000|  0%| F|  |TS  0|AC  0|TAMS 0x0000000086300000, 0x0000000086300000|
|  78|0x0000000086400000, 0x0000000086400000, 0x0000000086500000|  0%| F|  |TS  0|AC  0|TAMS 0x0000000086400000, 0x0000000086400000|
|  79|0x0000000086500000, 0x0000000086500000, 0x0000000086600000|  0%| F|  |TS  0|AC  0|TAMS 0x0000000086500000, 0x0000000086500000|
|  80|0x0000000086600000, 0x0000000086600000, 0x0000000086700000|  0%| F|  |TS  0|AC  0|TAMS 0x0000000086600000, 0x0000000086600000|
|  81|0x0000000086700000, 0x0000000086700000, 0x0000000086800000|  0%| F|  |TS  0|AC  0|TAMS 0x0000000086700000, 0x0000000086700000|
|  82|0x0000000086800000, 0x0000000086800000, 0x0000000086900000|  0%| F|  |TS  0|AC  0|TAMS 0x0000000086800000, 0x0000000086800000|
|  83|0x0000000086900000, 0x0000000086900000, 0x0000000086a00000|  0%| F|  |TS  0|AC  0|TAMS 0x0000000086900000, 0x0000000086900000|
|  84|0x0000000086a00000, 0x0000000086a00000, 0x0000000086b00000|  0%| F|  |TS  0|AC  0|TAMS 0x0000000086a00000, 0x0000000086a00000|
|  85|0x0000000086b00000, 0x0000000086b00000, 0x0000000086c00000|  0%| F|  |TS  0|AC  0|TAMS 0x0000000086b00000, 0x0000000086b00000|
|  86|0x0000000086c00000, 0x0000000086c00000, 0x0000000086d00000|  0%| F|  |TS  0|AC  0|TAMS 0x0000000086c00000, 0x0000000086c00000|
|  87|0x0000000086d00000, 0x0000000086d00000, 0x0000000086e00000|  0%| F|  |TS  0|AC  0|TAMS 0x0000000086d00000, 0x0000000086d00000|
|  88|0x0000000086e00000, 0x0000000086e00000, 0x0000000086f00000|  0%| F|  |TS  0|AC  0|TAMS 0x0000000086e00000, 0x0000000086e00000|
|  89|0x0000000086f00000, 0x0000000086f00000, 0x0000000087000000|  0%| F|  |TS  0|AC  0|TAMS 0x0000000086f00000, 0x0000000086f00000|
|  90|0x0000000087000000, 0x0000000087000000, 0x0000000087100000|  0%| F|  |TS  0|AC  0|TAMS 0x0000000087000000, 0x0000000087000000|
|  91|0x0000000087100000, 0x0000000087100000, 0x0000000087200000|  0%| F|  |TS  0|AC  0|TAMS 0x0000000087100000, 0x0000000087100000|
|  92|0x0000000087200000, 0x0000000087200000, 0x0000000087300000|  0%| F|  |TS  0|AC  0|TAMS 0x0000000087200000, 0x0000000087200000|
|  93|0x0000000087300000, 0x0000000087300000, 0x0000000087400000|  0%| F|  |TS  0|AC  0|TAMS 0x0000000087300000, 0x0000000087300000|
|  94|0x0000000087400000, 0x0000000087400000, 0x0000000087500000|  0%| F|  |TS  0|AC  0|TAMS 0x0000000087400000, 0x0000000087400000|
|  95|0x0000000087500000, 0x0000000087500000, 0x0000000087600000|  0%| F|  |TS  0|AC  0|TAMS 0x0000000087500000, 0x0000000087500000|
|  96|0x0000000087600000, 0x0000000087600000, 0x0000000087700000|  0%| F|  |TS  0|AC  0|TAMS 0x0000000087600000, 0x0000000087600000|
|  97|0x0000000087700000, 0x0000000087700000, 0x0000000087800000|  0%| F|  |TS  0|AC  0|TAMS 0x0000000087700000, 0x0000000087700000|
|  98|0x0000000087800000, 0x0000000087800000, 0x0000000087900000|  0%| F|  |TS  0|AC  0|TAMS 0x0000000087800000, 0x0000000087800000|
|  99|0x0000000087900000, 0x0000000087900000, 0x0000000087a00000|  0%| F|  |TS  0|AC  0|TAMS 0x0000000087900000, 0x0000000087900000|
| 100|0x0000000087a00000, 0x0000000087a00000, 0x0000000087b00000|  0%| F|  |TS  0|AC  0|TAMS 0x0000000087a00000, 0x0000000087a00000|
| 101|0x0000000087b00000, 0x0000000087b00000, 0x0000000087c00000|  0%| F|  |TS  0|AC  0|TAMS 0x0000000087b00000, 0x0000000087b00000|
| 102|0x0000000087c00000, 0x0000000087c00000, 0x0000000087d00000|  0%| F|  |TS  0|AC  0|TAMS 0x0000000087c00000, 0x0000000087c00000|
| 103|0x0000000087d00000, 0x0000000087d00000, 0x0000000087e00000|  0%| F|  |TS  0|AC  0|TAMS 0x0000000087d00000, 0x0000000087d00000|
| 104|0x0000000087e00000, 0x0000000087e00000, 0x0000000087f00000|  0%| F|  |TS  0|AC  0|TAMS 0x0000000087e00000, 0x0000000087e00000|
| 105|0x0000000087f00000, 0x0000000087f00000, 0x0000000088000000|  0%| F|  |TS  0|AC  0|TAMS 0x0000000087f00000, 0x0000000087f00000|
| 106|0x0000000088000000, 0x0000000088000000, 0x0000000088100000|  0%| F|  |TS  0|AC  0|TAMS 0x0000000088000000, 0x0000000088000000|
| 107|0x0000000088100000, 0x0000000088100000, 0x0000000088200000|  0%| F|  |TS  0|AC  0|TAMS 0x0000000088100000, 0x0000000088100000|
| 108|0x0000000088200000, 0x0000000088200000, 0x0000000088300000|  0%| F|  |TS  0|AC  0|TAMS 0x0000000088200000, 0x0000000088200000|
| 109|0x0000000088300000, 0x0000000088300000, 0x0000000088400000|  0%| F|  |TS  0|AC  0|TAMS 0x0000000088300000, 0x0000000088300000|
| 110|0x0000000088400000, 0x0000000088400000, 0x0000000088500000|  0%| F|  |TS  0|AC  0|TAMS 0x0000000088400000, 0x0000000088400000|
| 111|0x0000000088500000, 0x0000000088500000, 0x0000000088600000|  0%| F|  |TS  0|AC  0|TAMS 0x0000000088500000, 0x0000000088500000|
| 112|0x0000000088600000, 0x0000000088600000, 0x0000000088700000|  0%| F|  |TS  0|AC  0|TAMS 0x0000000088600000, 0x0000000088600000|
| 113|0x0000000088700000, 0x0000000088700000, 0x0000000088800000|  0%| F|  |TS  0|AC  0|TAMS 0x0000000088700000, 0x0000000088700000|
| 114|0x0000000088800000, 0x0000000088800000, 0x0000000088900000|  0%| F|  |TS  0|AC  0|TAMS 0x0000000088800000, 0x0000000088800000|
| 115|0x0000000088900000, 0x0000000088900000, 0x0000000088a00000|  0%| F|  |TS  0|AC  0|TAMS 0x0000000088900000, 0x0000000088900000|
| 116|0x0000000088a00000, 0x0000000088a00000, 0x0000000088b00000|  0%| F|  |TS  0|AC  0|TAMS 0x0000000088a00000, 0x0000000088a00000|
| 117|0x0000000088b00000, 0x0000000088b00000, 0x0000000088c00000|  0%| F|  |TS  0|AC  0|TAMS 0x0000000088b00000, 0x0000000088b00000|
| 118|0x0000000088c00000, 0x0000000088c00000, 0x0000000088d00000|  0%| F|  |TS  0|AC  0|TAMS 0x0000000088c00000, 0x0000000088c00000|
| 119|0x0000000088d00000, 0x0000000088d00000, 0x0000000088e00000|  0%| F|  |TS  0|AC  0|TAMS 0x0000000088d00000, 0x0000000088d00000|
| 120|0x0000000088e00000, 0x0000000088e00000, 0x0000000088f00000|  0%| F|  |TS  0|AC  0|TAMS 0x0000000088e00000, 0x0000000088e00000|
| 121|0x0000000088f00000, 0x0000000088f00000, 0x0000000089000000|  0%| F|  |TS  0|AC  0|TAMS 0x0000000088f00000, 0x0000000088f00000|
| 122|0x0000000089000000, 0x0000000089000000, 0x0000000089100000|  0%| F|  |TS  0|AC  0|TAMS 0x0000000089000000, 0x0000000089000000|
| 123|0x0000000089100000, 0x0000000089100000, 0x0000000089200000|  0%| F|  |TS  0|AC  0|TAMS 0x0000000089100000, 0x0000000089100000|
| 124|0x0000000089200000, 0x0000000089200000, 0x0000000089300000|  0%| F|  |TS  0|AC  0|TAMS 0x0000000089200000, 0x0000000089200000|
| 125|0x0000000089300000, 0x0000000089400000, 0x0000000089400000|100%| E|  |TS  0|AC  0|TAMS 0x0000000089300000, 0x0000000089300000|
| 126|0x0000000089400000, 0x0000000089500000, 0x0000000089500000|100%| E|CS|TS  0|AC  0|TAMS 0x0000000089400000, 0x0000000089400000|
| 127|0x0000000089500000, 0x0000000089600000, 0x0000000089600000|100%| E|CS|TS  0|AC  0|TAMS 0x0000000089500000, 0x0000000089500000|

Card table byte_map: [0x0000027465bd0000,0x0000027465fd0000] _byte_map_base: 0x00000274657c5000

Marking Bits (Prev, Next): (CMBitMap*) 0x000002744a4ddd10, (CMBitMap*) 0x000002744a4ddd48
 Prev Bits: [0x00000274663d0000, 0x0000027468378000)
 Next Bits: [0x0000027468380000, 0x000002746a328000)

Polling page: 0x000002744a400000

CodeHeap 'non-profiled nmethods': size=120000Kb used=41Kb max_used=41Kb free=119959Kb
 bounds [0x000002745d840000, 0x000002745dab0000, 0x0000027464d70000]
CodeHeap 'profiled nmethods': size=120000Kb used=279Kb max_used=279Kb free=119720Kb
 bounds [0x0000027456310000, 0x0000027456580000, 0x000002745d840000]
CodeHeap 'non-nmethods': size=5760Kb used=1025Kb max_used=1036Kb free=4734Kb
 bounds [0x0000027455d70000, 0x0000027455fe0000, 0x0000027456310000]
 total_blobs=555 nmethods=187 adapters=209
 compilation: enabled

Compilation events (10 events):
Event: 0.248 Thread 0x000002746d6f1800  185       3       java.lang.StringLatin1::replace (196 bytes)
Event: 0.250 Thread 0x000002746d6f1800 nmethod 185 0x0000027456354190 code [0x0000027456354400, 0x0000027456355080]
Event: 0.250 Thread 0x000002746d6f1800  186       3       java.lang.AbstractStringBuilder::newCapacity (55 bytes)
Event: 0.250 Thread 0x000002746d6f1800 nmethod 186 0x0000027456355510 code [0x00000274563556e0, 0x0000027456355970]
Event: 0.250 Thread 0x000002746d6f1800  187       1       java.util.zip.ZipFile::access$300 (5 bytes)
Event: 0.251 Thread 0x000002746d6f1800 nmethod 187 0x000002745d849d10 code [0x000002745d849ec0, 0x000002745d849fb8]
Event: 0.251 Thread 0x000002746d6f1800  184       1       java.util.zip.Inflater$InflaterZStreamRef::address (5 bytes)
Event: 0.251 Thread 0x000002746d6f1800 nmethod 184 0x000002745d84a090 code [0x000002745d84a240, 0x000002745d84a358]
Event: 0.251 Thread 0x000002746d6f1800  188       3       java.lang.System::getSecurityManager (4 bytes)
Event: 0.251 Thread 0x000002746d6f1800 nmethod 188 0x0000027456355a90 code [0x0000027456355c40, 0x0000027456355d98]

GC Heap History (0 events):
No events

Deoptimization events (1 events):
Event: 0.194 Thread 0x000002744a43f000 Uncommon trap: reason=unstable_if action=reinterpret pc=0x000002745d844610 method=java.lang.String.hashCode()I @ 14 c2

Classes redefined (0 events):
No events

Internal exceptions (2 events):
Event: 0.235 Thread 0x000002744a43f000 Exception <a 'java/io/FileNotFoundException'{0x00000000893a5080}> (0x00000000893a5080) thrown at [t:/workspace/open/src/hotspot/share/prims/jni.cpp, line 613]
Event: 0.242 Thread 0x000002744a43f000 Exception <a 'java/io/FileNotFoundException'{0x00000000893b6da8}> (0x00000000893b6da8) thrown at [t:/workspace/open/src/hotspot/share/prims/jni.cpp, line 613]

Events (10 events):
Event: 0.248 loading class gnu/io/Zystem done
Event: 0.249 loading class gnu/io/UnSupportedLoggerException
Event: 0.249 loading class gnu/io/UnSupportedLoggerException done
Event: 0.251 loading class java/lang/NumberFormatException
Event: 0.251 loading class java/lang/NumberFormatException done
Event: 0.252 loading class java/lang/IndexOutOfBoundsException
Event: 0.252 loading class java/lang/IndexOutOfBoundsException done
Event: 0.256 loading class gnu/io/RXTXPort$MonitorThread
Event: 0.256 loading class gnu/io/RXTXPort$MonitorThread done
Event: 0.258 Thread 0x000002746d96a000 Thread added: 0x000002746d96a000


Dynamic libraries:
0x00007ff62bb80000 - 0x00007ff62bbbe000 	D:\MDK\bin\java.exe
0x00007ff8d0290000 - 0x00007ff8d047d000 	C:\Windows\SYSTEM32\ntdll.dll
0x00007ff8ce0d0000 - 0x00007ff8ce183000 	C:\Windows\System32\KERNEL32.DLL
0x00007ff8cc360000 - 0x00007ff8cc5f3000 	C:\Windows\System32\KERNELBASE.dll
0x00007ff8cdad0000 - 0x00007ff8cdb73000 	C:\Windows\System32\ADVAPI32.dll
0x00007ff8d01a0000 - 0x00007ff8d023e000 	C:\Windows\System32\msvcrt.dll
0x00007ff8cded0000 - 0x00007ff8cdf6e000 	C:\Windows\System32\sechost.dll
0x00007ff8cd9a0000 - 0x00007ff8cdac2000 	C:\Windows\System32\RPCRT4.dll
0x00007ff8cf950000 - 0x00007ff8cfae7000 	C:\Windows\System32\USER32.dll
0x00007ff8cca10000 - 0x00007ff8cca30000 	C:\Windows\System32\win32u.dll
0x00007ff8cf8c0000 - 0x00007ff8cf8e9000 	C:\Windows\System32\GDI32.dll
0x00007ff8cd2d0000 - 0x00007ff8cd469000 	C:\Windows\System32\gdi32full.dll
0x00007ff8cc860000 - 0x00007ff8cc900000 	C:\Windows\System32\msvcp_win.dll
0x00007ff8cd1d0000 - 0x00007ff8cd2ca000 	C:\Windows\System32\ucrtbase.dll
0x00007ff8ba9f0000 - 0x00007ff8bac69000 	C:\Windows\WinSxS\amd64_microsoft.windows.common-controls_6595b64144ccf1df_6.0.17763.652_none_05b13fdc0722da13\COMCTL32.dll
0x00007ff8c44a0000 - 0x00007ff8c44aa000 	C:\Windows\SYSTEM32\VERSION.dll
0x00007ff8cd670000 - 0x00007ff8cd99c000 	C:\Windows\System32\combase.dll
0x00007ff8cc7e0000 - 0x00007ff8cc85e000 	C:\Windows\System32\bcryptPrimitives.dll
0x00007ff8cf890000 - 0x00007ff8cf8be000 	C:\Windows\System32\IMM32.DLL
0x00007ff888c10000 - 0x00007ff888cff000 	D:\MDK\bin\msvcr120.dll
0x00007ff88a360000 - 0x00007ff88a406000 	D:\MDK\bin\msvcp120.dll
0x000000006b6f0000 - 0x000000006c154000 	D:\MDK\bin\server\jvm.dll
0x00007ff8cf810000 - 0x00007ff8cf818000 	C:\Windows\System32\PSAPI.DLL
0x00007ff8ba850000 - 0x00007ff8ba859000 	C:\Windows\SYSTEM32\WSOCK32.dll
0x00007ff8c7070000 - 0x00007ff8c7094000 	C:\Windows\SYSTEM32\WINMM.dll
0x00007ff8d0130000 - 0x00007ff8d019d000 	C:\Windows\System32\WS2_32.dll
0x00007ff8c7040000 - 0x00007ff8c706d000 	C:\Windows\SYSTEM32\winmmbase.dll
0x00007ff8cca30000 - 0x00007ff8cca7a000 	C:\Windows\System32\cfgmgr32.dll
0x00007ff8b6ff0000 - 0x00007ff8b6fff000 	D:\MDK\bin\verify.dll
0x00007ff8c7c70000 - 0x00007ff8c7e5d000 	C:\Windows\SYSTEM32\DBGHELP.DLL
0x00007ff89ca10000 - 0x00007ff89ca3a000 	C:\Windows\SYSTEM32\dbgcore.DLL
0x00007ff89b5f0000 - 0x00007ff89b617000 	D:\MDK\bin\java.dll
0x00007ff89d4c0000 - 0x00007ff89d4d6000 	D:\MDK\bin\zip.dll
0x00007ff8b4be0000 - 0x00007ff8b4bea000 	D:\MDK\bin\jimage.dll
0x00007ff8ce2c0000 - 0x00007ff8cf7b0000 	C:\Windows\System32\SHELL32.dll
0x00007ff8cdf70000 - 0x00007ff8ce018000 	C:\Windows\System32\shcore.dll
0x00007ff8cca80000 - 0x00007ff8cd1ca000 	C:\Windows\System32\windows.storage.dll
0x00007ff8cc310000 - 0x00007ff8cc334000 	C:\Windows\System32\profapi.dll
0x00007ff8cc2b0000 - 0x00007ff8cc30d000 	C:\Windows\System32\powrprof.dll
0x00007ff8cf7b0000 - 0x00007ff8cf802000 	C:\Windows\System32\shlwapi.dll
0x00007ff8cc340000 - 0x00007ff8cc351000 	C:\Windows\System32\kernel.appcore.dll
0x00007ff8cd470000 - 0x00007ff8cd487000 	C:\Windows\System32\cryptsp.dll
0x00007ff89bf80000 - 0x00007ff89bf99000 	D:\MDK\bin\net.dll
0x00007ff8bcdc0000 - 0x00007ff8bceb2000 	C:\Windows\SYSTEM32\WINHTTP.dll
0x00007ff8cbad0000 - 0x00007ff8cbb37000 	C:\Windows\system32\mswsock.dll
0x00007ff89ba80000 - 0x00007ff89ba91000 	D:\MDK\bin\nio.dll
0x0000000180000000 - 0x0000000180025000 	D:\MDK\bin\rxtxSerial.dll

dbghelp: loaded successfully - version: 4.0.5 - missing functions: none
symbol engine: initialized successfully - sym options: 0x614 - pdb path: .;D:\MDK\bin;C:\Windows\SYSTEM32;C:\Windows\WinSxS\amd64_microsoft.windows.common-controls_6595b64144ccf1df_6.0.17763.652_none_05b13fdc0722da13;D:\MDK\bin\server

VM Arguments:
jvm_args: -Dfile.encoding=UTF-8 
java_command: quoridor.communication
java_class_path (initial): D:\BaiduNetdiskDownload\新建文件夹\学习项目\比赛\创意组日常记录\策略部分\release\bin;C:\Users\78669\.vscode-insiders\extensions\redhat.java-0.47.0\server\config_win\org.eclipse.osgi\69\0\.cp\junit.jar;C:\Users\78669\.vscode-insiders\extensions\redhat.java-0.47.0\server\config_win\org.eclipse.osgi\67\0\.cp\;D:\BaiduNetdiskDownload\新建文件夹\学习项目\比赛\创意组日常记录\策略部分\release\lib\RXTXcomm.jar
Launcher Type: SUN_STANDARD

Logging:
Log output configuration:
 #0: stdout all=warning uptime,level,tags
 #1: stderr all=off uptime,level,tags

Environment Variables:
PATH=D:\360\;C:\Program Files (x86)\Intel\Intel(R) Management Engine Components\iCLS\;C:\Program Files\Intel\Intel(R) Management Engine Components\iCLS\;C:\Windows\system32;C:\Windows;C:\Windows\System32\Wbem;C:\Windows\System32\WindowsPowerShell\v1.0\;C:\Windows\System32\OpenSSH\;C:\Program Files (x86)\Intel\Intel(R) Management Engine Components\DAL;C:\Program Files\Intel\Intel(R) Management Engine Components\DAL;C:\Program Files (x86)\Intel\Intel(R) Management Engine Components\IPT;C:\Program Files\Intel\Intel(R) Management Engine Components\IPT;C:\Program Files (x86)\NVIDIA Corporation\PhysX\Common;C:\Program Files\NVIDIA Corporation\NVIDIA NvDLISR;D:\Matlab\runtime\win64;D:\Matlab\bin;D:\MDK\Scripts\;D:\MDK\;C:\Users\78669\AppData\Local\Microsoft\WindowsApps;D:\MDK\bin;D:\VScode\bin;
USERNAME=78669
OS=Windows_NT
PROCESSOR_IDENTIFIER=Intel64 Family 6 Model 142 Stepping 10, GenuineIntel



---------------  S Y S T E M  ---------------

OS: Windows 10 , 64 bit Build 17763 (10.0.17763.475)

CPU:total 8 (initial active 8) (4 cores per cpu, 2 threads per core) family 6 model 142 stepping 10, cmov, cx8, fxsr, mmx, sse, sse2, sse3, ssse3, sse4.1, sse4.2, popcnt, avx, avx2, aes, clmul, erms, 3dnowpref, lzcnt, ht, tsc, tscinvbit, bmi1, bmi2, adx, fma

Memory: 4k page, physical 8292580k(3861248k free), swap 9915556k(3627408k free)

vm_info: Java HotSpot(TM) 64-Bit Server VM (11-ea+5) for windows-amd64 JRE (11-ea+5), built on Mar 17 2018 01:37:32 by "mach5one" with MS VC++ 12.0 (VS2013)

END.
