#
# A fatal error has been detected by the Java Runtime Environment:
#
#  EXCEPTION_ACCESS_VIOLATION (0xc0000005) at pc=0x0000000180004465, pid=9912, tid=9652
#
# JRE version: Java(TM) SE Runtime Environment (11.0+5) (build 11-ea+5)
# Java VM: Java HotSpot(TM) 64-Bit Server VM (11-ea+5, mixed mode, tiered, compressed oops, g1 gc, windows-amd64)
# Problematic frame:
# C  [rxtxSerial.dll+0x4465]
#
# No core dump will be written. Minidumps are not enabled by default on client versions of Windows
#
# If you would like to submit a bug report, please visit:
#   http://bugreport.java.com/bugreport/crash.jsp
# The crash happened outside the Java Virtual Machine in native code.
# See problematic frame for where to report the bug.
#

---------------  S U M M A R Y ------------

Command Line: -agentlib:jdwp=transport=dt_socket,server=n,suspend=y,address=localhost:56632 -Dfile.encoding=UTF-8 quoridor.communication

Host: Intel(R) Core(TM) i7-8550U CPU @ 1.80GHz, 8 cores, 7G,  Windows 10 , 64 bit Build 17763 (10.0.17763.475)
Time: Sun Aug 11 13:55:01 2019 ?D1ú±ê×?ê±?? elapsed time: 0 seconds (0d 0h 0m 0s)

---------------  T H R E A D  ---------------

Current thread (0x00000184aa720800):  JavaThread "main" [_thread_in_native, id=9652, stack(0x0000000817100000,0x0000000817200000)]

Stack: [0x0000000817100000,0x0000000817200000],  sp=0x00000008171feb70,  free space=1018k
Native frames: (J=compiled Java code, j=interpreted, Vv=VM code, C=native code)
C  [rxtxSerial.dll+0x4465]

Java frames: (J=compiled Java code, j=interpreted, Vv=VM code)
j  gnu.io.RXTXPort.nativeDrain(Z)Z+0
j  gnu.io.RXTXPort$SerialOutputStream.flush()V+92
j  quoridor.communication.uartSendDatatoSerialPort(Lgnu/io/SerialPort;[B)V+13
j  quoridor.communication.main([Ljava/lang/String;)V+22
v  ~StubRoutines::call_stub

siginfo: EXCEPTION_ACCESS_VIOLATION (0xc0000005), reading address 0x00000000196ff05c


Register to memory mapping:

RIP=0x0000000180004465 rxtxSerial.dll
RAX=0x000000000000001c is an unknown value
RBX=0x00000184aa720a70 is an unknown value
RCX=0x00000008171ff28c is pointing into the stack for thread: 0x00000184aa720800
RDX=0x0 is NULL
RSP=0x00000008171feb70 is pointing into the stack for thread: 0x00000184aa720800
RBP=0x0000000000000001 is an unknown value
RSI=0x0 is NULL
RDI=0x0000000000000001 is an unknown value
R8 =0x00000008171fe830 is pointing into the stack for thread: 0x00000184aa720800
R9 =0x0000000180000000 rxtxSerial.dll
R10=0x0 is NULL
R11=0x0000000000000200 is an unknown value
R12=0x00000000196ff050 is an unknown value
R13=0x0 is NULL
R14=0x00000008171ff3a8 is pointing into the stack for thread: 0x00000184aa720800
R15=0x00000184aa720800 is a thread


Registers:
RAX=0x000000000000001c, RBX=0x00000184aa720a70, RCX=0x00000008171ff28c, RDX=0x0000000000000000
RSP=0x00000008171feb70, RBP=0x0000000000000001, RSI=0x0000000000000000, RDI=0x0000000000000001
R8 =0x00000008171fe830, R9 =0x0000000180000000, R10=0x0000000000000000, R11=0x0000000000000200
R12=0x00000000196ff050, R13=0x0000000000000000, R14=0x00000008171ff3a8, R15=0x00000184aa720800
RIP=0x0000000180004465, EFLAGS=0x0000000000010206

Top of Stack: (sp=0x00000008171feb70)
0x00000008171feb70:   00000184aa720a70 000000018001c4c0
0x00000008171feb80:   0000000000000000 0000000000000001
0x00000008171feb90:   00000008171fedb0 00000184b4500d90
0x00000008171feba0:   00000008171ff3a8 0000000000000000
0x00000008171febb0:   000000008921e598 0000000089259920
0x00000008171febc0:   000000008921e538 00000000892598d8
0x00000008171febd0:   00000000894404d0 00000184caca6d3f
0x00000008171febe0:   00000184aa720800 00000001000022c0
0x00000008171febf0:   0000018400000b47 00000184aa720800
0x00000008171fec00:   00000184cb906488 00000184cb906488
0x00000008171fec10:   fffffffe00000b47 0000000000000000
0x00000008171fec20:   0000000000000000 0000000000000000
0x00000008171fec30:   0000000000000003 000000006327470c
0x00000008171fec40:   00000184caca1468 00000184aa71dc00
0x00000008171fec50:   0000000100011f60 0000000062ecc2ce
0x00000008171fec60:   0000000000000001 0000000062f6dbaf 

Instructions: (pc=0x0000000180004465)
0x0000000180004445:   1b 48 8b d7 48 8b cb 41 ff 93 b8 00 00 00 45 84
0x0000000180004455:   ed 0f 85 97 00 00 00 4d 85 e4 0f 84 8e 00 00 00
0x0000000180004465:   41 83 7c 24 0c 00 0f 84 82 00 00 00 4c 8d 44 24
0x0000000180004475:   30 48 8d 4c 24 38 4d 8b cc 48 8b d3 e8 8a f4 ff 



---------------  P R O C E S S  ---------------

Threads class SMR info:
_java_thread_list=0x00000184cb97e910, length=16, elements={
0x00000184aa720800, 0x00000184cadef800, 0x00000184cadf0000, 0x00000184cae02000,
0x00000184cae02800, 0x00000184cae03800, 0x00000184cae04800, 0x00000184cb6be800,
0x00000184cb6bf000, 0x00000184cae0d000, 0x00000184cb89d000, 0x00000184cb8a0800,
0x00000184cb8a1000, 0x00000184cb8b9000, 0x00000184cb8be000, 0x00000184cb99a000
}

Java Threads: ( => current thread )
=>0x00000184aa720800 JavaThread "main" [_thread_in_native, id=9652, stack(0x0000000817100000,0x0000000817200000)]
  0x00000184cadef800 JavaThread "Reference Handler" daemon [_thread_blocked, id=5216, stack(0x0000000818700000,0x0000000818800000)]
  0x00000184cadf0000 JavaThread "Finalizer" daemon [_thread_blocked, id=12872, stack(0x0000000818800000,0x0000000818900000)]
  0x00000184cae02000 JavaThread "Signal Dispatcher" daemon [_thread_blocked, id=2716, stack(0x0000000818900000,0x0000000818a00000)]
  0x00000184cae02800 JavaThread "Attach Listener" daemon [_thread_blocked, id=3024, stack(0x0000000818a00000,0x0000000818b00000)]
  0x00000184cae03800 JavaThread "C2 CompilerThread0" daemon [_thread_blocked, id=8240, stack(0x0000000818b00000,0x0000000818c00000)]
  0x00000184cae04800 JavaThread "C2 CompilerThread1" daemon [_thread_blocked, id=12756, stack(0x0000000818c00000,0x0000000818d00000)]
  0x00000184cb6be800 JavaThread "C2 CompilerThread2" daemon [_thread_blocked, id=2664, stack(0x0000000818d00000,0x0000000818e00000)]
  0x00000184cb6bf000 JavaThread "C1 CompilerThread3" daemon [_thread_blocked, id=16048, stack(0x0000000818e00000,0x0000000818f00000)]
  0x00000184cae0d000 JavaThread "Sweeper thread" daemon [_thread_blocked, id=3704, stack(0x0000000818f00000,0x0000000819000000)]
  0x00000184cb89d000 JavaThread "JDWP Transport Listener: dt_socket" daemon [_thread_blocked, id=8292, stack(0x0000000819000000,0x0000000819100000)]
  0x00000184cb8a0800 JavaThread "JDWP Event Helper Thread" daemon [_thread_blocked, id=1764, stack(0x0000000819100000,0x0000000819200000)]
  0x00000184cb8a1000 JavaThread "JDWP Command Reader" daemon [_thread_in_native, id=11664, stack(0x0000000819200000,0x0000000819300000)]
  0x00000184cb8b9000 JavaThread "Service Thread" daemon [_thread_blocked, id=316, stack(0x0000000819300000,0x0000000819400000)]
  0x00000184cb8be000 JavaThread "Common-Cleaner" daemon [_thread_blocked, id=15616, stack(0x0000000819400000,0x0000000819500000)]
  0x00000184cb99a000 JavaThread "Thread-0" [_thread_in_native, id=15032, stack(0x0000000819600000,0x0000000819700000)]

Other Threads:
  0x00000184caddb000 VMThread "VM Thread" [stack: 0x0000000818600000,0x0000000818700000] [id=13592]
  0x00000184cb8be800 WatcherThread [stack: 0x0000000819500000,0x0000000819600000] [id=2492]
  0x00000184aa738800 GCTaskThread "GC Thread#0" [stack: 0x0000000817200000,0x0000000817300000] [id=3056]
  0x00000184aa739800 GCTaskThread "GC Thread#1" [stack: 0x0000000817300000,0x0000000817400000] [id=15592]
  0x00000184aa73d000 GCTaskThread "GC Thread#2" [stack: 0x0000000817400000,0x0000000817500000] [id=4828]
  0x00000184aa73e800 GCTaskThread "GC Thread#3" [stack: 0x0000000817500000,0x0000000817600000] [id=11836]
  0x00000184aa73f800 GCTaskThread "GC Thread#4" [stack: 0x0000000817600000,0x0000000817700000] [id=13304]
  0x00000184aa741000 GCTaskThread "GC Thread#5" [stack: 0x0000000817700000,0x0000000817800000] [id=15076]
  0x00000184aa749000 GCTaskThread "GC Thread#6" [stack: 0x0000000817800000,0x0000000817900000] [id=11424]
  0x00000184aa74a000 GCTaskThread "GC Thread#7" [stack: 0x0000000817900000,0x0000000817a00000] [id=3528]
  0x00000184aa7bd000 ConcurrentGCThread "G1 Main Marker" [stack: 0x0000000817a00000,0x0000000817b00000] [id=13176]
  0x00000184aa7be000 ConcurrentGCThread "G1 Conc#0" [stack: 0x0000000817b00000,0x0000000817c00000] [id=1504]
  0x00000184aa7be800 ConcurrentGCThread "G1 Conc#1" [stack: 0x0000000817c00000,0x0000000817d00000] [id=564]
  0x00000184cac5a800 ConcurrentGCThread "G1 Refine#0" [stack: 0x0000000817d00000,0x0000000817e00000] [id=4076]
  0x00000184cac5b000 ConcurrentGCThread "G1 Refine#1" [stack: 0x0000000817e00000,0x0000000817f00000] [id=5460]
  0x00000184cac5e000 ConcurrentGCThread "G1 Refine#2" [stack: 0x0000000817f00000,0x0000000818000000] [id=16252]
  0x00000184cac68000 ConcurrentGCThread "G1 Refine#3" [stack: 0x0000000818000000,0x0000000818100000] [id=8424]
  0x00000184cac69000 ConcurrentGCThread "G1 Refine#4" [stack: 0x0000000818100000,0x0000000818200000] [id=8496]
  0x00000184cac6b000 ConcurrentGCThread "G1 Refine#5" [stack: 0x0000000818200000,0x0000000818300000] [id=10396]
  0x00000184cac70000 ConcurrentGCThread "G1 Refine#6" [stack: 0x0000000818300000,0x0000000818400000] [id=9932]
  0x00000184cac70800 ConcurrentGCThread "G1 Refine#7" [stack: 0x0000000818400000,0x0000000818500000] [id=10504]
  0x00000184cac71800 ConcurrentGCThread "G1 Young RemSet Sampling" [stack: 0x0000000818500000,0x0000000818600000] [id=8748]

Threads with active compile tasks:

VM state:not at safepoint (normal execution)

VM Mutex/Monitor currently owned by a thread: None

Heap address: 0x0000000081600000, size: 2026 MB, Compressed Oops mode: 32-bit
Narrow klass base: 0x0000000000000000, Narrow klass shift: 3
Compressed class space size: 1073741824 Address: 0x0000000100000000

Heap:
 garbage-first heap   total 131072K, used 3072K [0x0000000081600000, 0x0000000100000000)
  region size 1024K, 4 young (4096K), 0 survivors (0K)
 Metaspace       used 5107K, capacity 5216K, committed 5376K, reserved 1056768K
  class space    used 427K, capacity 464K, committed 512K, reserved 1048576K
Heap Regions: E=young(eden), S=young(survivor), O=old, HS=humongous(starts), HC=humongous(continues), CS=collection set, F=free, A=archive, TS=gc time stamp, AC=allocation context, TAMS=top-at-mark-start (previous, next)
|   0|0x0000000081600000, 0x0000000081600000, 0x0000000081700000|  0%| F|  |TS  0|AC  0|TAMS 0x0000000081600000, 0x0000000081600000|
|   1|0x0000000081700000, 0x0000000081700000, 0x0000000081800000|  0%| F|  |TS  0|AC  0|TAMS 0x0000000081700000, 0x0000000081700000|
|   2|0x0000000081800000, 0x0000000081800000, 0x0000000081900000|  0%| F|  |TS  0|AC  0|TAMS 0x0000000081800000, 0x0000000081800000|
|   3|0x0000000081900000, 0x0000000081900000, 0x0000000081a00000|  0%| F|  |TS  0|AC  0|TAMS 0x0000000081900000, 0x0000000081900000|
|   4|0x0000000081a00000, 0x0000000081a00000, 0x0000000081b00000|  0%| F|  |TS  0|AC  0|TAMS 0x0000000081a00000, 0x0000000081a00000|
|   5|0x0000000081b00000, 0x0000000081b00000, 0x0000000081c00000|  0%| F|  |TS  0|AC  0|TAMS 0x0000000081b00000, 0x0000000081b00000|
|   6|0x0000000081c00000, 0x0000000081c00000, 0x0000000081d00000|  0%| F|  |TS  0|AC  0|TAMS 0x0000000081c00000, 0x0000000081c00000|
|   7|0x0000000081d00000, 0x0000000081d00000, 0x0000000081e00000|  0%| F|  |TS  0|AC  0|TAMS 0x0000000081d00000, 0x0000000081d00000|
|   8|0x0000000081e00000, 0x0000000081e00000, 0x0000000081f00000|  0%| F|  |TS  0|AC  0|TAMS 0x0000000081e00000, 0x0000000081e00000|
|   9|0x0000000081f00000, 0x0000000081f00000, 0x0000000082000000|  0%| F|  |TS  0|AC  0|TAMS 0x0000000081f00000, 0x0000000081f00000|
|  10|0x0000000082000000, 0x0000000082000000, 0x0000000082100000|  0%| F|  |TS  0|AC  0|TAMS 0x0000000082000000, 0x0000000082000000|
|  11|0x0000000082100000, 0x0000000082100000, 0x0000000082200000|  0%| F|  |TS  0|AC  0|TAMS 0x0000000082100000, 0x0000000082100000|
|  12|0x0000000082200000, 0x0000000082200000, 0x0000000082300000|  0%| F|  |TS  0|AC  0|TAMS 0x0000000082200000, 0x0000000082200000|
|  13|0x0000000082300000, 0x0000000082300000, 0x0000000082400000|  0%| F|  |TS  0|AC  0|TAMS 0x0000000082300000, 0x0000000082300000|
|  14|0x0000000082400000, 0x0000000082400000, 0x0000000082500000|  0%| F|  |TS  0|AC  0|TAMS 0x0000000082400000, 0x0000000082400000|
|  15|0x0000000082500000, 0x0000000082500000, 0x0000000082600000|  0%| F|  |TS  0|AC  0|TAMS 0x0000000082500000, 0x0000000082500000|
|  16|0x0000000082600000, 0x0000000082600000, 0x0000000082700000|  0%| F|  |TS  0|AC  0|TAMS 0x0000000082600000, 0x0000000082600000|
|  17|0x0000000082700000, 0x0000000082700000, 0x0000000082800000|  0%| F|  |TS  0|AC  0|TAMS 0x0000000082700000, 0x0000000082700000|
|  18|0x0000000082800000, 0x0000000082800000, 0x0000000082900000|  0%| F|  |TS  0|AC  0|TAMS 0x0000000082800000, 0x0000000082800000|
|  19|0x0000000082900000, 0x0000000082900000, 0x0000000082a00000|  0%| F|  |TS  0|AC  0|TAMS 0x0000000082900000, 0x0000000082900000|
|  20|0x0000000082a00000, 0x0000000082a00000, 0x0000000082b00000|  0%| F|  |TS  0|AC  0|TAMS 0x0000000082a00000, 0x0000000082a00000|
|  21|0x0000000082b00000, 0x0000000082b00000, 0x0000000082c00000|  0%| F|  |TS  0|AC  0|TAMS 0x0000000082b00000, 0x0000000082b00000|
|  22|0x0000000082c00000, 0x0000000082c00000, 0x0000000082d00000|  0%| F|  |TS  0|AC  0|TAMS 0x0000000082c00000, 0x0000000082c00000|
|  23|0x0000000082d00000, 0x0000000082d00000, 0x0000000082e00000|  0%| F|  |TS  0|AC  0|TAMS 0x0000000082d00000, 0x0000000082d00000|
|  24|0x0000000082e00000, 0x0000000082e00000, 0x0000000082f00000|  0%| F|  |TS  0|AC  0|TAMS 0x0000000082e00000, 0x0000000082e00000|
|  25|0x0000000082f00000, 0x0000000082f00000, 0x0000000083000000|  0%| F|  |TS  0|AC  0|TAMS 0x0000000082f00000, 0x0000000082f00000|
|  26|0x0000000083000000, 0x0000000083000000, 0x0000000083100000|  0%| F|  |TS  0|AC  0|TAMS 0x0000000083000000, 0x0000000083000000|
|  27|0x0000000083100000, 0x0000000083100000, 0x0000000083200000|  0%| F|  |TS  0|AC  0|TAMS 0x0000000083100000, 0x0000000083100000|
|  28|0x0000000083200000, 0x0000000083200000, 0x0000000083300000|  0%| F|  |TS  0|AC  0|TAMS 0x0000000083200000, 0x0000000083200000|
|  29|0x0000000083300000, 0x0000000083300000, 0x0000000083400000|  0%| F|  |TS  0|AC  0|TAMS 0x0000000083300000, 0x0000000083300000|
|  30|0x0000000083400000, 0x0000000083400000, 0x0000000083500000|  0%| F|  |TS  0|AC  0|TAMS 0x0000000083400000, 0x0000000083400000|
|  31|0x0000000083500000, 0x0000000083500000, 0x0000000083600000|  0%| F|  |TS  0|AC  0|TAMS 0x0000000083500000, 0x0000000083500000|
|  32|0x0000000083600000, 0x0000000083600000, 0x0000000083700000|  0%| F|  |TS  0|AC  0|TAMS 0x0000000083600000, 0x0000000083600000|
|  33|0x0000000083700000, 0x0000000083700000, 0x0000000083800000|  0%| F|  |TS  0|AC  0|TAMS 0x0000000083700000, 0x0000000083700000|
|  34|0x0000000083800000, 0x0000000083800000, 0x0000000083900000|  0%| F|  |TS  0|AC  0|TAMS 0x0000000083800000, 0x0000000083800000|
|  35|0x0000000083900000, 0x0000000083900000, 0x0000000083a00000|  0%| F|  |TS  0|AC  0|TAMS 0x0000000083900000, 0x0000000083900000|
|  36|0x0000000083a00000, 0x0000000083a00000, 0x0000000083b00000|  0%| F|  |TS  0|AC  0|TAMS 0x0000000083a00000, 0x0000000083a00000|
|  37|0x0000000083b00000, 0x0000000083b00000, 0x0000000083c00000|  0%| F|  |TS  0|AC  0|TAMS 0x0000000083b00000, 0x0000000083b00000|
|  38|0x0000000083c00000, 0x0000000083c00000, 0x0000000083d00000|  0%| F|  |TS  0|AC  0|TAMS 0x0000000083c00000, 0x0000000083c00000|
|  39|0x0000000083d00000, 0x0000000083d00000, 0x0000000083e00000|  0%| F|  |TS  0|AC  0|TAMS 0x0000000083d00000, 0x0000000083d00000|
|  40|0x0000000083e00000, 0x0000000083e00000, 0x0000000083f00000|  0%| F|  |TS  0|AC  0|TAMS 0x0000000083e00000, 0x0000000083e00000|
|  41|0x0000000083f00000, 0x0000000083f00000, 0x0000000084000000|  0%| F|  |TS  0|AC  0|TAMS 0x0000000083f00000, 0x0000000083f00000|
|  42|0x0000000084000000, 0x0000000084000000, 0x0000000084100000|  0%| F|  |TS  0|AC  0|TAMS 0x0000000084000000, 0x0000000084000000|
|  43|0x0000000084100000, 0x0000000084100000, 0x0000000084200000|  0%| F|  |TS  0|AC  0|TAMS 0x0000000084100000, 0x0000000084100000|
|  44|0x0000000084200000, 0x0000000084200000, 0x0000000084300000|  0%| F|  |TS  0|AC  0|TAMS 0x0000000084200000, 0x0000000084200000|
|  45|0x0000000084300000, 0x0000000084300000, 0x0000000084400000|  0%| F|  |TS  0|AC  0|TAMS 0x0000000084300000, 0x0000000084300000|
|  46|0x0000000084400000, 0x0000000084400000, 0x0000000084500000|  0%| F|  |TS  0|AC  0|TAMS 0x0000000084400000, 0x0000000084400000|
|  47|0x0000000084500000, 0x0000000084500000, 0x0000000084600000|  0%| F|  |TS  0|AC  0|TAMS 0x0000000084500000, 0x0000000084500000|
|  48|0x0000000084600000, 0x0000000084600000, 0x0000000084700000|  0%| F|  |TS  0|AC  0|TAMS 0x0000000084600000, 0x0000000084600000|
|  49|0x0000000084700000, 0x0000000084700000, 0x0000000084800000|  0%| F|  |TS  0|AC  0|TAMS 0x0000000084700000, 0x0000000084700000|
|  50|0x0000000084800000, 0x0000000084800000, 0x0000000084900000|  0%| F|  |TS  0|AC  0|TAMS 0x0000000084800000, 0x0000000084800000|
|  51|0x0000000084900000, 0x0000000084900000, 0x0000000084a00000|  0%| F|  |TS  0|AC  0|TAMS 0x0000000084900000, 0x0000000084900000|
|  52|0x0000000084a00000, 0x0000000084a00000, 0x0000000084b00000|  0%| F|  |TS  0|AC  0|TAMS 0x0000000084a00000, 0x0000000084a00000|
|  53|0x0000000084b00000, 0x0000000084b00000, 0x0000000084c00000|  0%| F|  |TS  0|AC  0|TAMS 0x0000000084b00000, 0x0000000084b00000|
|  54|0x0000000084c00000, 0x0000000084c00000, 0x0000000084d00000|  0%| F|  |TS  0|AC  0|TAMS 0x0000000084c00000, 0x0000000084c00000|
|  55|0x0000000084d00000, 0x0000000084d00000, 0x0000000084e00000|  0%| F|  |TS  0|AC  0|TAMS 0x0000000084d00000, 0x0000000084d00000|
|  56|0x0000000084e00000, 0x0000000084e00000, 0x0000000084f00000|  0%| F|  |TS  0|AC  0|TAMS 0x0000000084e00000, 0x0000000084e00000|
|  57|0x0000000084f00000, 0x0000000084f00000, 0x0000000085000000|  0%| F|  |TS  0|AC  0|TAMS 0x0000000084f00000, 0x0000000084f00000|
|  58|0x0000000085000000, 0x0000000085000000, 0x0000000085100000|  0%| F|  |TS  0|AC  0|TAMS 0x0000000085000000, 0x0000000085000000|
|  59|0x0000000085100000, 0x0000000085100000, 0x0000000085200000|  0%| F|  |TS  0|AC  0|TAMS 0x0000000085100000, 0x0000000085100000|
|  60|0x0000000085200000, 0x0000000085200000, 0x0000000085300000|  0%| F|  |TS  0|AC  0|TAMS 0x0000000085200000, 0x0000000085200000|
|  61|0x0000000085300000, 0x0000000085300000, 0x0000000085400000|  0%| F|  |TS  0|AC  0|TAMS 0x0000000085300000, 0x0000000085300000|
|  62|0x0000000085400000, 0x0000000085400000, 0x0000000085500000|  0%| F|  |TS  0|AC  0|TAMS 0x0000000085400000, 0x0000000085400000|
|  63|0x0000000085500000, 0x0000000085500000, 0x0000000085600000|  0%| F|  |TS  0|AC  0|TAMS 0x0000000085500000, 0x0000000085500000|
|  64|0x0000000085600000, 0x0000000085600000, 0x0000000085700000|  0%| F|  |TS  0|AC  0|TAMS 0x0000000085600000, 0x0000000085600000|
|  65|0x0000000085700000, 0x0000000085700000, 0x0000000085800000|  0%| F|  |TS  0|AC  0|TAMS 0x0000000085700000, 0x0000000085700000|
|  66|0x0000000085800000, 0x0000000085800000, 0x0000000085900000|  0%| F|  |TS  0|AC  0|TAMS 0x0000000085800000, 0x0000000085800000|
|  67|0x0000000085900000, 0x0000000085900000, 0x0000000085a00000|  0%| F|  |TS  0|AC  0|TAMS 0x0000000085900000, 0x0000000085900000|
|  68|0x0000000085a00000, 0x0000000085a00000, 0x0000000085b00000|  0%| F|  |TS  0|AC  0|TAMS 0x0000000085a00000, 0x0000000085a00000|
|  69|0x0000000085b00000, 0x0000000085b00000, 0x0000000085c00000|  0%| F|  |TS  0|AC  0|TAMS 0x0000000085b00000, 0x0000000085b00000|
|  70|0x0000000085c00000, 0x0000000085c00000, 0x0000000085d00000|  0%| F|  |TS  0|AC  0|TAMS 0x0000000085c00000, 0x0000000085c00000|
|  71|0x0000000085d00000, 0x0000000085d00000, 0x0000000085e00000|  0%| F|  |TS  0|AC  0|TAMS 0x0000000085d00000, 0x0000000085d00000|
|  72|0x0000000085e00000, 0x0000000085e00000, 0x0000000085f00000|  0%| F|  |TS  0|AC  0|TAMS 0x0000000085e00000, 0x0000000085e00000|
|  73|0x0000000085f00000, 0x0000000085f00000, 0x0000000086000000|  0%| F|  |TS  0|AC  0|TAMS 0x0000000085f00000, 0x0000000085f00000|
|  74|0x0000000086000000, 0x0000000086000000, 0x0000000086100000|  0%| F|  |TS  0|AC  0|TAMS 0x0000000086000000, 0x0000000086000000|
|  75|0x0000000086100000, 0x0000000086100000, 0x0000000086200000|  0%| F|  |TS  0|AC  0|TAMS 0x0000000086100000, 0x0000000086100000|
|  76|0x0000000086200000, 0x0000000086200000, 0x0000000086300000|  0%| F|  |TS  0|AC  0|TAMS 0x0000000086200000, 0x0000000086200000|
|  77|0x0000000086300000, 0x0000000086300000, 0x0000000086400000|  0%| F|  |TS  0|AC  0|TAMS 0x0000000086300000, 0x0000000086300000|
|  78|0x0000000086400000, 0x0000000086400000, 0x0000000086500000|  0%| F|  |TS  0|AC  0|TAMS 0x0000000086400000, 0x0000000086400000|
|  79|0x0000000086500000, 0x0000000086500000, 0x0000000086600000|  0%| F|  |TS  0|AC  0|TAMS 0x0000000086500000, 0x0000000086500000|
|  80|0x0000000086600000, 0x0000000086600000, 0x0000000086700000|  0%| F|  |TS  0|AC  0|TAMS 0x0000000086600000, 0x0000000086600000|
|  81|0x0000000086700000, 0x0000000086700000, 0x0000000086800000|  0%| F|  |TS  0|AC  0|TAMS 0x0000000086700000, 0x0000000086700000|
|  82|0x0000000086800000, 0x0000000086800000, 0x0000000086900000|  0%| F|  |TS  0|AC  0|TAMS 0x0000000086800000, 0x0000000086800000|
|  83|0x0000000086900000, 0x0000000086900000, 0x0000000086a00000|  0%| F|  |TS  0|AC  0|TAMS 0x0000000086900000, 0x0000000086900000|
|  84|0x0000000086a00000, 0x0000000086a00000, 0x0000000086b00000|  0%| F|  |TS  0|AC  0|TAMS 0x0000000086a00000, 0x0000000086a00000|
|  85|0x0000000086b00000, 0x0000000086b00000, 0x0000000086c00000|  0%| F|  |TS  0|AC  0|TAMS 0x0000000086b00000, 0x0000000086b00000|
|  86|0x0000000086c00000, 0x0000000086c00000, 0x0000000086d00000|  0%| F|  |TS  0|AC  0|TAMS 0x0000000086c00000, 0x0000000086c00000|
|  87|0x0000000086d00000, 0x0000000086d00000, 0x0000000086e00000|  0%| F|  |TS  0|AC  0|TAMS 0x0000000086d00000, 0x0000000086d00000|
|  88|0x0000000086e00000, 0x0000000086e00000, 0x0000000086f00000|  0%| F|  |TS  0|AC  0|TAMS 0x0000000086e00000, 0x0000000086e00000|
|  89|0x0000000086f00000, 0x0000000086f00000, 0x0000000087000000|  0%| F|  |TS  0|AC  0|TAMS 0x0000000086f00000, 0x0000000086f00000|
|  90|0x0000000087000000, 0x0000000087000000, 0x0000000087100000|  0%| F|  |TS  0|AC  0|TAMS 0x0000000087000000, 0x0000000087000000|
|  91|0x0000000087100000, 0x0000000087100000, 0x0000000087200000|  0%| F|  |TS  0|AC  0|TAMS 0x0000000087100000, 0x0000000087100000|
|  92|0x0000000087200000, 0x0000000087200000, 0x0000000087300000|  0%| F|  |TS  0|AC  0|TAMS 0x0000000087200000, 0x0000000087200000|
|  93|0x0000000087300000, 0x0000000087300000, 0x0000000087400000|  0%| F|  |TS  0|AC  0|TAMS 0x0000000087300000, 0x0000000087300000|
|  94|0x0000000087400000, 0x0000000087400000, 0x0000000087500000|  0%| F|  |TS  0|AC  0|TAMS 0x0000000087400000, 0x0000000087400000|
|  95|0x0000000087500000, 0x0000000087500000, 0x0000000087600000|  0%| F|  |TS  0|AC  0|TAMS 0x0000000087500000, 0x0000000087500000|
|  96|0x0000000087600000, 0x0000000087600000, 0x0000000087700000|  0%| F|  |TS  0|AC  0|TAMS 0x0000000087600000, 0x0000000087600000|
|  97|0x0000000087700000, 0x0000000087700000, 0x0000000087800000|  0%| F|  |TS  0|AC  0|TAMS 0x0000000087700000, 0x0000000087700000|
|  98|0x0000000087800000, 0x0000000087800000, 0x0000000087900000|  0%| F|  |TS  0|AC  0|TAMS 0x0000000087800000, 0x0000000087800000|
|  99|0x0000000087900000, 0x0000000087900000, 0x0000000087a00000|  0%| F|  |TS  0|AC  0|TAMS 0x0000000087900000, 0x0000000087900000|
| 100|0x0000000087a00000, 0x0000000087a00000, 0x0000000087b00000|  0%| F|  |TS  0|AC  0|TAMS 0x0000000087a00000, 0x0000000087a00000|
| 101|0x0000000087b00000, 0x0000000087b00000, 0x0000000087c00000|  0%| F|  |TS  0|AC  0|TAMS 0x0000000087b00000, 0x0000000087b00000|
| 102|0x0000000087c00000, 0x0000000087c00000, 0x0000000087d00000|  0%| F|  |TS  0|AC  0|TAMS 0x0000000087c00000, 0x0000000087c00000|
| 103|0x0000000087d00000, 0x0000000087d00000, 0x0000000087e00000|  0%| F|  |TS  0|AC  0|TAMS 0x0000000087d00000, 0x0000000087d00000|
| 104|0x0000000087e00000, 0x0000000087e00000, 0x0000000087f00000|  0%| F|  |TS  0|AC  0|TAMS 0x0000000087e00000, 0x0000000087e00000|
| 105|0x0000000087f00000, 0x0000000087f00000, 0x0000000088000000|  0%| F|  |TS  0|AC  0|TAMS 0x0000000087f00000, 0x0000000087f00000|
| 106|0x0000000088000000, 0x0000000088000000, 0x0000000088100000|  0%| F|  |TS  0|AC  0|TAMS 0x0000000088000000, 0x0000000088000000|
| 107|0x0000000088100000, 0x0000000088100000, 0x0000000088200000|  0%| F|  |TS  0|AC  0|TAMS 0x0000000088100000, 0x0000000088100000|
| 108|0x0000000088200000, 0x0000000088200000, 0x0000000088300000|  0%| F|  |TS  0|AC  0|TAMS 0x0000000088200000, 0x0000000088200000|
| 109|0x0000000088300000, 0x0000000088300000, 0x0000000088400000|  0%| F|  |TS  0|AC  0|TAMS 0x0000000088300000, 0x0000000088300000|
| 110|0x0000000088400000, 0x0000000088400000, 0x0000000088500000|  0%| F|  |TS  0|AC  0|TAMS 0x0000000088400000, 0x0000000088400000|
| 111|0x0000000088500000, 0x0000000088500000, 0x0000000088600000|  0%| F|  |TS  0|AC  0|TAMS 0x0000000088500000, 0x0000000088500000|
| 112|0x0000000088600000, 0x0000000088600000, 0x0000000088700000|  0%| F|  |TS  0|AC  0|TAMS 0x0000000088600000, 0x0000000088600000|
| 113|0x0000000088700000, 0x0000000088700000, 0x0000000088800000|  0%| F|  |TS  0|AC  0|TAMS 0x0000000088700000, 0x0000000088700000|
| 114|0x0000000088800000, 0x0000000088800000, 0x0000000088900000|  0%| F|  |TS  0|AC  0|TAMS 0x0000000088800000, 0x0000000088800000|
| 115|0x0000000088900000, 0x0000000088900000, 0x0000000088a00000|  0%| F|  |TS  0|AC  0|TAMS 0x0000000088900000, 0x0000000088900000|
| 116|0x0000000088a00000, 0x0000000088a00000, 0x0000000088b00000|  0%| F|  |TS  0|AC  0|TAMS 0x0000000088a00000, 0x0000000088a00000|
| 117|0x0000000088b00000, 0x0000000088b00000, 0x0000000088c00000|  0%| F|  |TS  0|AC  0|TAMS 0x0000000088b00000, 0x0000000088b00000|
| 118|0x0000000088c00000, 0x0000000088c00000, 0x0000000088d00000|  0%| F|  |TS  0|AC  0|TAMS 0x0000000088c00000, 0x0000000088c00000|
| 119|0x0000000088d00000, 0x0000000088d00000, 0x0000000088e00000|  0%| F|  |TS  0|AC  0|TAMS 0x0000000088d00000, 0x0000000088d00000|
| 120|0x0000000088e00000, 0x0000000088e00000, 0x0000000088f00000|  0%| F|  |TS  0|AC  0|TAMS 0x0000000088e00000, 0x0000000088e00000|
| 121|0x0000000088f00000, 0x0000000088f00000, 0x0000000089000000|  0%| F|  |TS  0|AC  0|TAMS 0x0000000088f00000, 0x0000000088f00000|
| 122|0x0000000089000000, 0x0000000089000000, 0x0000000089100000|  0%| F|  |TS  0|AC  0|TAMS 0x0000000089000000, 0x0000000089000000|
| 123|0x0000000089100000, 0x0000000089100000, 0x0000000089200000|  0%| F|  |TS  0|AC  0|TAMS 0x0000000089100000, 0x0000000089100000|
| 124|0x0000000089200000, 0x00000000892f7cc0, 0x0000000089300000| 96%| E|  |TS  0|AC  0|TAMS 0x0000000089200000, 0x0000000089200000|
| 125|0x0000000089300000, 0x0000000089400000, 0x0000000089400000|100%| E|CS|TS  0|AC  0|TAMS 0x0000000089300000, 0x0000000089300000|
| 126|0x0000000089400000, 0x0000000089500000, 0x0000000089500000|100%| E|CS|TS  0|AC  0|TAMS 0x0000000089400000, 0x0000000089400000|
| 127|0x0000000089500000, 0x0000000089600000, 0x0000000089600000|100%| E|CS|TS  0|AC  0|TAMS 0x0000000089500000, 0x0000000089500000|

Card table byte_map: [0x00000184c3c30000,0x00000184c4030000] _byte_map_base: 0x00000184c3825000

Marking Bits (Prev, Next): (CMBitMap*) 0x00000184aa7bc9f0, (CMBitMap*) 0x00000184aa7bca28
 Prev Bits: [0x00000184c4430000, 0x00000184c63d8000)
 Next Bits: [0x00000184c63e0000, 0x00000184c8388000)

Polling page: 0x00000184a83d0000

CodeHeap 'non-profiled nmethods': size=120000Kb used=41Kb max_used=41Kb free=119958Kb
 bounds [0x00000184bbfd0000, 0x00000184bc240000, 0x00000184c3500000]
CodeHeap 'profiled nmethods': size=120000Kb used=295Kb max_used=295Kb free=119705Kb
 bounds [0x00000184b4aa0000, 0x00000184b4d10000, 0x00000184bbfd0000]
CodeHeap 'non-nmethods': size=5760Kb used=1102Kb max_used=1113Kb free=4657Kb
 bounds [0x00000184b4500000, 0x00000184b4770000, 0x00000184b4aa0000]
 total_blobs=545 nmethods=189 adapters=209
 compilation: enabled

Compilation events (10 events):
Event: 0.191 Thread 0x00000184cb6bf000  185       1       java.util.zip.Inflater$InflaterZStreamRef::address (5 bytes)
Event: 0.191 Thread 0x00000184cb6bf000 nmethod 185 0x00000184bbfd9f10 code [0x00000184bbfda0c0, 0x00000184bbfda1d8]
Event: 0.191 Thread 0x00000184cb6bf000  187       3       java.lang.AbstractStringBuilder::newCapacity (55 bytes)
Event: 0.192 Thread 0x00000184cb6bf000 nmethod 187 0x00000184b4ae8190 code [0x00000184b4ae8360, 0x00000184b4ae8610]
Event: 0.192 Thread 0x00000184cb6bf000  188       1       java.util.zip.ZipFile::access$300 (5 bytes)
Event: 0.192 Thread 0x00000184cb6bf000 nmethod 188 0x00000184bbfda290 code [0x00000184bbfda440, 0x00000184bbfda538]
Event: 0.194 Thread 0x00000184cb6bf000  189       3       java.lang.String::indexOf (65 bytes)
Event: 0.195 Thread 0x00000184cb6bf000 nmethod 189 0x00000184b4ae8710 code [0x00000184b4ae8980, 0x00000184b4ae93b0]
Event: 0.195 Thread 0x00000184cb6bf000  190       3       java.lang.StringLatin1::indexOf (25 bytes)
Event: 0.195 Thread 0x00000184cb6bf000 nmethod 190 0x00000184b4ae9710 code [0x00000184b4ae98e0, 0x00000184b4ae9b10]

GC Heap History (0 events):
No events

Deoptimization events (1 events):
Event: 0.130 Thread 0x00000184aa720800 Uncommon trap: reason=unstable_if action=reinterpret pc=0x00000184bbfd4744 method=java.lang.String.hashCode()I @ 14 c2

Classes redefined (0 events):
No events

Internal exceptions (2 events):
Event: 0.183 Thread 0x00000184aa720800 Exception <a 'java/io/FileNotFoundException'{0x00000000892222b0}> (0x00000000892222b0) thrown at [t:/workspace/open/src/hotspot/share/prims/jni.cpp, line 613]
Event: 0.188 Thread 0x00000184aa720800 Exception <a 'java/io/FileNotFoundException'{0x0000000089233fd8}> (0x0000000089233fd8) thrown at [t:/workspace/open/src/hotspot/share/prims/jni.cpp, line 613]

Events (10 events):
Event: 0.191 loading class gnu/io/Zystem done
Event: 0.191 loading class gnu/io/UnSupportedLoggerException
Event: 0.191 loading class gnu/io/UnSupportedLoggerException done
Event: 0.191 loading class java/lang/NumberFormatException
Event: 0.191 loading class java/lang/NumberFormatException done
Event: 0.192 loading class java/lang/IndexOutOfBoundsException
Event: 0.192 loading class java/lang/IndexOutOfBoundsException done
Event: 0.194 loading class gnu/io/RXTXPort$MonitorThread
Event: 0.194 loading class gnu/io/RXTXPort$MonitorThread done
Event: 0.195 Thread 0x00000184cb99a000 Thread added: 0x00000184cb99a000


Dynamic libraries:
0x00007ff736b30000 - 0x00007ff736b6e000 	D:\MDK\bin\java.exe
0x00007fff58940000 - 0x00007fff58b2d000 	C:\Windows\SYSTEM32\ntdll.dll
0x00007fff56380000 - 0x00007fff56433000 	C:\Windows\System32\KERNEL32.DLL
0x00007fff55040000 - 0x00007fff552d3000 	C:\Windows\System32\KERNELBASE.dll
0x00007fff57ec0000 - 0x00007fff57f63000 	C:\Windows\System32\ADVAPI32.dll
0x00007fff58500000 - 0x00007fff5859e000 	C:\Windows\System32\msvcrt.dll
0x00007fff561b0000 - 0x00007fff5624e000 	C:\Windows\System32\sechost.dll
0x00007fff586a0000 - 0x00007fff587c2000 	C:\Windows\System32\RPCRT4.dll
0x00007fff57bb0000 - 0x00007fff57d47000 	C:\Windows\System32\USER32.dll
0x00007fff55b50000 - 0x00007fff55b70000 	C:\Windows\System32\win32u.dll
0x00007fff582a0000 - 0x00007fff582c9000 	C:\Windows\System32\GDI32.dll
0x00007fff54d40000 - 0x00007fff54ed9000 	C:\Windows\System32\gdi32full.dll
0x00007fff54a10000 - 0x00007fff54ab0000 	C:\Windows\System32\msvcp_win.dll
0x00007fff54f40000 - 0x00007fff5503a000 	C:\Windows\System32\ucrtbase.dll
0x00007fff43a50000 - 0x00007fff43cc9000 	C:\Windows\WinSxS\amd64_microsoft.windows.common-controls_6595b64144ccf1df_6.0.17763.652_none_05b13fdc0722da13\COMCTL32.dll
0x00007fff4c940000 - 0x00007fff4c94a000 	C:\Windows\SYSTEM32\VERSION.dll
0x00007fff57f70000 - 0x00007fff5829c000 	C:\Windows\System32\combase.dll
0x00007fff552e0000 - 0x00007fff5535e000 	C:\Windows\System32\bcryptPrimitives.dll
0x00007fff58610000 - 0x00007fff5863e000 	C:\Windows\System32\IMM32.DLL
0x00007fff07080000 - 0x00007fff0716f000 	D:\MDK\bin\msvcr120.dll
0x00007fff14880000 - 0x00007fff14926000 	D:\MDK\bin\msvcp120.dll
0x0000000062c20000 - 0x0000000063684000 	D:\MDK\bin\server\jvm.dll
0x00007fff56120000 - 0x00007fff56128000 	C:\Windows\System32\PSAPI.DLL
0x00007fff41410000 - 0x00007fff41419000 	C:\Windows\SYSTEM32\WSOCK32.dll
0x00007fff45b90000 - 0x00007fff45bb4000 	C:\Windows\SYSTEM32\WINMM.dll
0x00007fff585a0000 - 0x00007fff5860d000 	C:\Windows\System32\WS2_32.dll
0x00007fff48070000 - 0x00007fff4809d000 	C:\Windows\SYSTEM32\winmmbase.dll
0x00007fff55ad0000 - 0x00007fff55b1a000 	C:\Windows\System32\cfgmgr32.dll
0x00007fff3c3a0000 - 0x00007fff3c3af000 	D:\MDK\bin\verify.dll
0x00007fff50320000 - 0x00007fff5050d000 	C:\Windows\SYSTEM32\DBGHELP.DLL
0x00007fff41b70000 - 0x00007fff41b9a000 	C:\Windows\SYSTEM32\dbgcore.DLL
0x00007fff23ff0000 - 0x00007fff24017000 	D:\MDK\bin\java.dll
0x00007fff4c150000 - 0x00007fff4c186000 	D:\MDK\bin\jdwp.dll
0x00007fff23eb0000 - 0x00007fff23ec6000 	D:\MDK\bin\zip.dll
0x00007fff3bf60000 - 0x00007fff3bf6a000 	D:\MDK\bin\jimage.dll
0x00007fff566c0000 - 0x00007fff57bb0000 	C:\Windows\System32\SHELL32.dll
0x00007fff55b70000 - 0x00007fff55c18000 	C:\Windows\System32\shcore.dll
0x00007fff55380000 - 0x00007fff55aca000 	C:\Windows\System32\windows.storage.dll
0x00007fff549e0000 - 0x00007fff54a04000 	C:\Windows\System32\profapi.dll
0x00007fff54980000 - 0x00007fff549dd000 	C:\Windows\System32\powrprof.dll
0x00007fff56440000 - 0x00007fff56492000 	C:\Windows\System32\shlwapi.dll
0x00007fff54960000 - 0x00007fff54971000 	C:\Windows\System32\kernel.appcore.dll
0x00007fff55360000 - 0x00007fff55377000 	C:\Windows\System32\cryptsp.dll
0x00007fff4e450000 - 0x00007fff4e45a000 	D:\MDK\bin\dt_socket.dll
0x00007fff54180000 - 0x00007fff541e7000 	C:\Windows\System32\mswsock.dll
0x00007fff53ee0000 - 0x00007fff53fa6000 	C:\Windows\SYSTEM32\DNSAPI.dll
0x00007fff58900000 - 0x00007fff58908000 	C:\Windows\System32\NSI.dll
0x00007fff53ea0000 - 0x00007fff53edd000 	C:\Windows\SYSTEM32\IPHLPAPI.DLL
0x00007fff49970000 - 0x00007fff499e9000 	C:\Windows\System32\fwpuclnt.dll
0x00007fff55b20000 - 0x00007fff55b46000 	C:\Windows\System32\bcrypt.dll
0x00007fff49c10000 - 0x00007fff49c1a000 	C:\Windows\System32\rasadhlp.dll
0x00007fff23e90000 - 0x00007fff23ea9000 	D:\MDK\bin\net.dll
0x00007fff499f0000 - 0x00007fff49ae2000 	C:\Windows\SYSTEM32\WINHTTP.dll
0x00007fff23e40000 - 0x00007fff23e51000 	D:\MDK\bin\nio.dll
0x0000000180000000 - 0x0000000180025000 	D:\MDK\bin\rxtxSerial.dll

dbghelp: loaded successfully - version: 4.0.5 - missing functions: none
symbol engine: initialized successfully - sym options: 0x614 - pdb path: .;D:\MDK\bin;C:\Windows\SYSTEM32;C:\Windows\WinSxS\amd64_microsoft.windows.common-controls_6595b64144ccf1df_6.0.17763.652_none_05b13fdc0722da13;D:\MDK\bin\server

VM Arguments:
jvm_args: -agentlib:jdwp=transport=dt_socket,server=n,suspend=y,address=localhost:56632 -Dfile.encoding=UTF-8 
java_command: quoridor.communication
java_class_path (initial): D:\BaiduNetdiskDownload\新建文件夹\学习项目\比赛\创意组日常记录\策略部分\release\bin;C:\Users\78669\.vscode-insiders\extensions\redhat.java-0.47.0\server\config_win\org.eclipse.osgi\69\0\.cp\junit.jar;C:\Users\78669\.vscode-insiders\extensions\redhat.java-0.47.0\server\config_win\org.eclipse.osgi\67\0\.cp\;D:\BaiduNetdiskDownload\新建文件夹\学习项目\比赛\创意组日常记录\策略部分\release\lib\RXTXcomm.jar
Launcher Type: SUN_STANDARD

Logging:
Log output configuration:
 #0: stdout all=warning uptime,level,tags
 #1: stderr all=off uptime,level,tags

Environment Variables:
PATH=D:\360\;C:\Program Files (x86)\Intel\Intel(R) Management Engine Components\iCLS\;C:\Program Files\Intel\Intel(R) Management Engine Components\iCLS\;C:\Windows\system32;C:\Windows;C:\Windows\System32\Wbem;C:\Windows\System32\WindowsPowerShell\v1.0\;C:\Windows\System32\OpenSSH\;C:\Program Files (x86)\Intel\Intel(R) Management Engine Components\DAL;C:\Program Files\Intel\Intel(R) Management Engine Components\DAL;C:\Program Files (x86)\Intel\Intel(R) Management Engine Components\IPT;C:\Program Files\Intel\Intel(R) Management Engine Components\IPT;C:\Program Files (x86)\NVIDIA Corporation\PhysX\Common;C:\Program Files\NVIDIA Corporation\NVIDIA NvDLISR;D:\Matlab\runtime\win64;D:\Matlab\bin;D:\SPSS\JRE\bin;D:\MDK\Scripts\;D:\MDK\;C:\Users\78669\AppData\Local\Microsoft\WindowsApps;D:\MDK\bin;D:\VScode\bin;
USERNAME=78669
OS=Windows_NT
PROCESSOR_IDENTIFIER=Intel64 Family 6 Model 142 Stepping 10, GenuineIntel



---------------  S Y S T E M  ---------------

OS: Windows 10 , 64 bit Build 17763 (10.0.17763.475)

CPU:total 8 (initial active 8) (4 cores per cpu, 2 threads per core) family 6 model 142 stepping 10, cmov, cx8, fxsr, mmx, sse, sse2, sse3, ssse3, sse4.1, sse4.2, popcnt, avx, avx2, aes, clmul, erms, 3dnowpref, lzcnt, ht, tsc, tscinvbit, bmi1, bmi2, adx, fma

Memory: 4k page, physical 8292580k(3967744k free), swap 11569380k(5493984k free)

vm_info: Java HotSpot(TM) 64-Bit Server VM (11-ea+5) for windows-amd64 JRE (11-ea+5), built on Mar 17 2018 01:37:32 by "mach5one" with MS VC++ 12.0 (VS2013)

END.
