#
# A fatal error has been detected by the Java Runtime Environment:
#
#  EXCEPTION_ACCESS_VIOLATION (0xc0000005) at pc=0x0000000180005b00, pid=14484, tid=8628
#
# JRE version: Java(TM) SE Runtime Environment (11.0+5) (build 11-ea+5)
# Java VM: Java HotSpot(TM) 64-Bit Server VM (11-ea+5, mixed mode, tiered, compressed oops, g1 gc, windows-amd64)
# Problematic frame:
# C  [rxtxSerial.dll+0x5b00]
#
# No core dump will be written. Minidumps are not enabled by default on client versions of Windows
#
# If you would like to submit a bug report, please visit:
#   http://bugreport.java.com/bugreport/crash.jsp
# The crash happened outside the Java Virtual Machine in native code.
# See problematic frame for where to report the bug.
#

---------------  S U M M A R Y ------------

Command Line: -Dfile.encoding=UTF-8 quoridor.communication

Host: Intel(R) Core(TM) i7-8550U CPU @ 1.80GHz, 8 cores, 7G,  Windows 10 , 64 bit Build 17763 (10.0.17763.475)
Time: Tue Aug 06 13:14:14 2019 ?D1ú±ê×?ê±?? elapsed time: 38 seconds (0d 0h 0m 38s)

---------------  T H R E A D  ---------------

Current thread (0x0000026526bef000):  JavaThread "main" [_thread_in_native, id=8628, stack(0x000000d90da00000,0x000000d90db00000)]

Stack: [0x000000d90da00000,0x000000d90db00000],  sp=0x000000d90daff370,  free space=1020k
Native frames: (J=compiled Java code, j=interpreted, Vv=VM code, C=native code)
C  [rxtxSerial.dll+0x5b00]

Java frames: (J=compiled Java code, j=interpreted, Vv=VM code)
j  gnu.io.RXTXPort.readArray([BII)I+0
j  gnu.io.RXTXPort$SerialInputStream.read([BII)I+212
j  gnu.io.RXTXPort$SerialInputStream.read([B)I+60
j  quoridor.communication.uartReceiveDatafromSingleChipMachine(Lgnu/io/SerialPort;)[B+23
j  quoridor.communication.main([Ljava/lang/String;)V+20
v  ~StubRoutines::call_stub

siginfo: EXCEPTION_ACCESS_VIOLATION (0xc0000005), reading address 0x000000000fcff138


Register to memory mapping:

RIP=0x0000000180005b00 rxtxSerial.dll
RAX=0x0000000000000001 is an unknown value
RBX=0x0 is NULL
RCX=0x000000018001d4d5 rxtxSerial.dll
RDX=0xfffffffffffff665 is an unknown value
RSP=0x000000d90daff370 is pointing into the stack for thread: 0x0000026526bef000
RBP=
[error occurred during error reporting (printing register info), id 0xc0000005]

Registers:
RAX=0x0000000000000001, RBX=0x0000000000000000, RCX=0x000000018001d4d5, RDX=0xfffffffffffff665
RSP=0x000000d90daff370, RBP=0x00000000ffffffff, RSI=0x0000000000000000, RDI=0x0000026526bef270
R8 =0x0000000000000002, R9 =0xfffffffffffff63c, R10=0x000000000000000a, R11=0x8101010101010100
R12=0x000000000fcff130, R13=0x0000000000000002, R14=0x000000d90daff560, R15=0x0000000000000000
RIP=0x0000000180005b00, EFLAGS=0x0000000000010202

Top of Stack: (sp=0x000000d90daff370)
0x000000d90daff370:   0000000000000000 0000000000000000
0x000000d90daff380:   000000d90daff568 0000000000000000
0x000000d90daff390:   0000000000000000 000000d90daff560
0x000000d90daff3a0:   0000026547751590 0000000000000001
0x000000d90daff3b0:   0000026526bef270 0000000000000002
0x000000d90daff3c0:   ffffffffffffffff 0000000180006211
0x000000d90daff3d0:   0000026547e67290 0000000000000000
0x000000d90daff3e0:   ffffffff00000001 0000026547e67290
0x000000d90daff3f0:   000000d900000002 00000000ffffffff
0x000000d90daff400:   000000d90daff568 0000026547751598
0x000000d90daff410:   0000026547751598 0000026526be1380
0x000000d90daff420:   000000d90daffa88 000000006ba4ca43
0x000000d90daff430:   0000026526bef000 000000010006c030
0x000000d90daff440:   0000026526be1380 00004b72887b77b2
0x000000d90daff450:   0000026547751598 0000026547751590
0x000000d90daff460:   0000026526bef000 000000d90daff568 

Instructions: (pc=0x0000000180005b00)
0x0000000180005ae0:   15 23 7a 01 00 48 8d 48 60 e8 3a 5d 00 00 4c 8b
0x0000000180005af0:   e5 8b ac 24 88 00 00 00 44 8b ac 24 80 00 00 00
0x0000000180005b00:   45 8b 74 24 08 41 89 5c 24 08 41 8b fd 85 ed 78
0x0000000180005b10:   09 ff 15 e9 14 01 00 44 8b f8 45 85 ed 7e 4a 90 



---------------  P R O C E S S  ---------------

Threads class SMR info:
_java_thread_list=0x0000026547e63700, length=13, elements={
0x0000026526bef000, 0x00000265472bc000, 0x00000265472c1000, 0x00000265472d4000,
0x0000026547b97800, 0x0000026547b9c000, 0x0000026547b9d000, 0x0000026547ba1000,
0x0000026547ba1800, 0x0000026547bb4800, 0x0000026547d76800, 0x0000026547d9b800,
0x0000026547e62000
}

Java Threads: ( => current thread )
=>0x0000026526bef000 JavaThread "main" [_thread_in_native, id=8628, stack(0x000000d90da00000,0x000000d90db00000)]
  0x00000265472bc000 JavaThread "Reference Handler" daemon [_thread_blocked, id=9232, stack(0x000000d90f000000,0x000000d90f100000)]
  0x00000265472c1000 JavaThread "Finalizer" daemon [_thread_blocked, id=13460, stack(0x000000d90f100000,0x000000d90f200000)]
  0x00000265472d4000 JavaThread "Signal Dispatcher" daemon [_thread_blocked, id=9392, stack(0x000000d90f200000,0x000000d90f300000)]
  0x0000026547b97800 JavaThread "Attach Listener" daemon [_thread_blocked, id=8340, stack(0x000000d90f300000,0x000000d90f400000)]
  0x0000026547b9c000 JavaThread "C2 CompilerThread0" daemon [_thread_blocked, id=1188, stack(0x000000d90f400000,0x000000d90f500000)]
  0x0000026547b9d000 JavaThread "C2 CompilerThread1" daemon [_thread_blocked, id=20116, stack(0x000000d90f500000,0x000000d90f600000)]
  0x0000026547ba1000 JavaThread "C2 CompilerThread2" daemon [_thread_blocked, id=8356, stack(0x000000d90f600000,0x000000d90f700000)]
  0x0000026547ba1800 JavaThread "C1 CompilerThread3" daemon [_thread_blocked, id=2604, stack(0x000000d90f700000,0x000000d90f800000)]
  0x0000026547bb4800 JavaThread "Sweeper thread" daemon [_thread_blocked, id=15568, stack(0x000000d90f800000,0x000000d90f900000)]
  0x0000026547d76800 JavaThread "Service Thread" daemon [_thread_blocked, id=3500, stack(0x000000d90f900000,0x000000d90fa00000)]
  0x0000026547d9b800 JavaThread "Common-Cleaner" daemon [_thread_blocked, id=6444, stack(0x000000d90fa00000,0x000000d90fb00000)]
  0x0000026547e62000 JavaThread "Thread-0" [_thread_in_native, id=20012, stack(0x000000d90fc00000,0x000000d90fd00000)]

Other Threads:
  0x00000265472b9800 VMThread "VM Thread" [stack: 0x000000d90ef00000,0x000000d90f000000] [id=12424]
  0x0000026547d9d000 WatcherThread [stack: 0x000000d90fb00000,0x000000d90fc00000] [id=8896]
  0x0000026526c06800 GCTaskThread "GC Thread#0" [stack: 0x000000d90db00000,0x000000d90dc00000] [id=5844]
  0x0000026526c07800 GCTaskThread "GC Thread#1" [stack: 0x000000d90dc00000,0x000000d90dd00000] [id=7148]
  0x0000026526c0d000 GCTaskThread "GC Thread#2" [stack: 0x000000d90dd00000,0x000000d90de00000] [id=2164]
  0x0000026526c0f000 GCTaskThread "GC Thread#3" [stack: 0x000000d90de00000,0x000000d90df00000] [id=16180]
  0x0000026526c14800 GCTaskThread "GC Thread#4" [stack: 0x000000d90df00000,0x000000d90e000000] [id=3940]
  0x0000026526c16000 GCTaskThread "GC Thread#5" [stack: 0x000000d90e000000,0x000000d90e100000] [id=19608]
  0x0000026526c16800 GCTaskThread "GC Thread#6" [stack: 0x000000d90e100000,0x000000d90e200000] [id=19928]
  0x0000026526c18800 GCTaskThread "GC Thread#7" [stack: 0x000000d90e200000,0x000000d90e300000] [id=5488]
  0x0000026526c8f800 ConcurrentGCThread "G1 Main Marker" [stack: 0x000000d90e300000,0x000000d90e400000] [id=7384]
  0x0000026526c98800 ConcurrentGCThread "G1 Conc#0" [stack: 0x000000d90e400000,0x000000d90e500000] [id=8260]
  0x0000026526c94000 ConcurrentGCThread "G1 Conc#1" [stack: 0x000000d90e500000,0x000000d90e600000] [id=15496]
  0x0000026526cce800 ConcurrentGCThread "G1 Refine#0" [stack: 0x000000d90e600000,0x000000d90e700000] [id=4560]
  0x000002654712f800 ConcurrentGCThread "G1 Refine#1" [stack: 0x000000d90e700000,0x000000d90e800000] [id=1148]
  0x0000026547130800 ConcurrentGCThread "G1 Refine#2" [stack: 0x000000d90e800000,0x000000d90e900000] [id=5296]
  0x0000026547132800 ConcurrentGCThread "G1 Refine#3" [stack: 0x000000d90e900000,0x000000d90ea00000] [id=5876]
  0x000002654713b800 ConcurrentGCThread "G1 Refine#4" [stack: 0x000000d90ea00000,0x000000d90eb00000] [id=17140]
  0x000002654713c800 ConcurrentGCThread "G1 Refine#5" [stack: 0x000000d90eb00000,0x000000d90ec00000] [id=4568]
  0x0000026547141000 ConcurrentGCThread "G1 Refine#6" [stack: 0x000000d90ec00000,0x000000d90ed00000] [id=17684]
  0x000002654714a000 ConcurrentGCThread "G1 Refine#7" [stack: 0x000000d90ed00000,0x000000d90ee00000] [id=19528]
  0x000002654714a800 ConcurrentGCThread "G1 Young RemSet Sampling" [stack: 0x000000d90ee00000,0x000000d90ef00000] [id=1792]

Threads with active compile tasks:

VM state:not at safepoint (normal execution)

VM Mutex/Monitor currently owned by a thread: None

Heap address: 0x0000000081600000, size: 2026 MB, Compressed Oops mode: 32-bit
Narrow klass base: 0x0000000000000000, Narrow klass shift: 3
Compressed class space size: 1073741824 Address: 0x0000000100000000

Heap:
 garbage-first heap   total 131072K, used 2048K [0x0000000081600000, 0x0000000100000000)
  region size 1024K, 3 young (3072K), 0 survivors (0K)
 Metaspace       used 5059K, capacity 5168K, committed 5376K, reserved 1056768K
  class space    used 426K, capacity 464K, committed 512K, reserved 1048576K
Heap Regions: E=young(eden), S=young(survivor), O=old, HS=humongous(starts), HC=humongous(continues), CS=collection set, F=free, A=archive, TS=gc time stamp, AC=allocation context, TAMS=top-at-mark-start (previous, next)
|   0|0x0000000081600000, 0x0000000081600000, 0x0000000081700000|  0%| F|  |TS  0|AC  0|TAMS 0x0000000081600000, 0x0000000081600000|
|   1|0x0000000081700000, 0x0000000081700000, 0x0000000081800000|  0%| F|  |TS  0|AC  0|TAMS 0x0000000081700000, 0x0000000081700000|
|   2|0x0000000081800000, 0x0000000081800000, 0x0000000081900000|  0%| F|  |TS  0|AC  0|TAMS 0x0000000081800000, 0x0000000081800000|
|   3|0x0000000081900000, 0x0000000081900000, 0x0000000081a00000|  0%| F|  |TS  0|AC  0|TAMS 0x0000000081900000, 0x0000000081900000|
|   4|0x0000000081a00000, 0x0000000081a00000, 0x0000000081b00000|  0%| F|  |TS  0|AC  0|TAMS 0x0000000081a00000, 0x0000000081a00000|
|   5|0x0000000081b00000, 0x0000000081b00000, 0x0000000081c00000|  0%| F|  |TS  0|AC  0|TAMS 0x0000000081b00000, 0x0000000081b00000|
|   6|0x0000000081c00000, 0x0000000081c00000, 0x0000000081d00000|  0%| F|  |TS  0|AC  0|TAMS 0x0000000081c00000, 0x0000000081c00000|
|   7|0x0000000081d00000, 0x0000000081d00000, 0x0000000081e00000|  0%| F|  |TS  0|AC  0|TAMS 0x0000000081d00000, 0x0000000081d00000|
|   8|0x0000000081e00000, 0x0000000081e00000, 0x0000000081f00000|  0%| F|  |TS  0|AC  0|TAMS 0x0000000081e00000, 0x0000000081e00000|
|   9|0x0000000081f00000, 0x0000000081f00000, 0x0000000082000000|  0%| F|  |TS  0|AC  0|TAMS 0x0000000081f00000, 0x0000000081f00000|
|  10|0x0000000082000000, 0x0000000082000000, 0x0000000082100000|  0%| F|  |TS  0|AC  0|TAMS 0x0000000082000000, 0x0000000082000000|
|  11|0x0000000082100000, 0x0000000082100000, 0x0000000082200000|  0%| F|  |TS  0|AC  0|TAMS 0x0000000082100000, 0x0000000082100000|
|  12|0x0000000082200000, 0x0000000082200000, 0x0000000082300000|  0%| F|  |TS  0|AC  0|TAMS 0x0000000082200000, 0x0000000082200000|
|  13|0x0000000082300000, 0x0000000082300000, 0x0000000082400000|  0%| F|  |TS  0|AC  0|TAMS 0x0000000082300000, 0x0000000082300000|
|  14|0x0000000082400000, 0x0000000082400000, 0x0000000082500000|  0%| F|  |TS  0|AC  0|TAMS 0x0000000082400000, 0x0000000082400000|
|  15|0x0000000082500000, 0x0000000082500000, 0x0000000082600000|  0%| F|  |TS  0|AC  0|TAMS 0x0000000082500000, 0x0000000082500000|
|  16|0x0000000082600000, 0x0000000082600000, 0x0000000082700000|  0%| F|  |TS  0|AC  0|TAMS 0x0000000082600000, 0x0000000082600000|
|  17|0x0000000082700000, 0x0000000082700000, 0x0000000082800000|  0%| F|  |TS  0|AC  0|TAMS 0x0000000082700000, 0x0000000082700000|
|  18|0x0000000082800000, 0x0000000082800000, 0x0000000082900000|  0%| F|  |TS  0|AC  0|TAMS 0x0000000082800000, 0x0000000082800000|
|  19|0x0000000082900000, 0x0000000082900000, 0x0000000082a00000|  0%| F|  |TS  0|AC  0|TAMS 0x0000000082900000, 0x0000000082900000|
|  20|0x0000000082a00000, 0x0000000082a00000, 0x0000000082b00000|  0%| F|  |TS  0|AC  0|TAMS 0x0000000082a00000, 0x0000000082a00000|
|  21|0x0000000082b00000, 0x0000000082b00000, 0x0000000082c00000|  0%| F|  |TS  0|AC  0|TAMS 0x0000000082b00000, 0x0000000082b00000|
|  22|0x0000000082c00000, 0x0000000082c00000, 0x0000000082d00000|  0%| F|  |TS  0|AC  0|TAMS 0x0000000082c00000, 0x0000000082c00000|
|  23|0x0000000082d00000, 0x0000000082d00000, 0x0000000082e00000|  0%| F|  |TS  0|AC  0|TAMS 0x0000000082d00000, 0x0000000082d00000|
|  24|0x0000000082e00000, 0x0000000082e00000, 0x0000000082f00000|  0%| F|  |TS  0|AC  0|TAMS 0x0000000082e00000, 0x0000000082e00000|
|  25|0x0000000082f00000, 0x0000000082f00000, 0x0000000083000000|  0%| F|  |TS  0|AC  0|TAMS 0x0000000082f00000, 0x0000000082f00000|
|  26|0x0000000083000000, 0x0000000083000000, 0x0000000083100000|  0%| F|  |TS  0|AC  0|TAMS 0x0000000083000000, 0x0000000083000000|
|  27|0x0000000083100000, 0x0000000083100000, 0x0000000083200000|  0%| F|  |TS  0|AC  0|TAMS 0x0000000083100000, 0x0000000083100000|
|  28|0x0000000083200000, 0x0000000083200000, 0x0000000083300000|  0%| F|  |TS  0|AC  0|TAMS 0x0000000083200000, 0x0000000083200000|
|  29|0x0000000083300000, 0x0000000083300000, 0x0000000083400000|  0%| F|  |TS  0|AC  0|TAMS 0x0000000083300000, 0x0000000083300000|
|  30|0x0000000083400000, 0x0000000083400000, 0x0000000083500000|  0%| F|  |TS  0|AC  0|TAMS 0x0000000083400000, 0x0000000083400000|
|  31|0x0000000083500000, 0x0000000083500000, 0x0000000083600000|  0%| F|  |TS  0|AC  0|TAMS 0x0000000083500000, 0x0000000083500000|
|  32|0x0000000083600000, 0x0000000083600000, 0x0000000083700000|  0%| F|  |TS  0|AC  0|TAMS 0x0000000083600000, 0x0000000083600000|
|  33|0x0000000083700000, 0x0000000083700000, 0x0000000083800000|  0%| F|  |TS  0|AC  0|TAMS 0x0000000083700000, 0x0000000083700000|
|  34|0x0000000083800000, 0x0000000083800000, 0x0000000083900000|  0%| F|  |TS  0|AC  0|TAMS 0x0000000083800000, 0x0000000083800000|
|  35|0x0000000083900000, 0x0000000083900000, 0x0000000083a00000|  0%| F|  |TS  0|AC  0|TAMS 0x0000000083900000, 0x0000000083900000|
|  36|0x0000000083a00000, 0x0000000083a00000, 0x0000000083b00000|  0%| F|  |TS  0|AC  0|TAMS 0x0000000083a00000, 0x0000000083a00000|
|  37|0x0000000083b00000, 0x0000000083b00000, 0x0000000083c00000|  0%| F|  |TS  0|AC  0|TAMS 0x0000000083b00000, 0x0000000083b00000|
|  38|0x0000000083c00000, 0x0000000083c00000, 0x0000000083d00000|  0%| F|  |TS  0|AC  0|TAMS 0x0000000083c00000, 0x0000000083c00000|
|  39|0x0000000083d00000, 0x0000000083d00000, 0x0000000083e00000|  0%| F|  |TS  0|AC  0|TAMS 0x0000000083d00000, 0x0000000083d00000|
|  40|0x0000000083e00000, 0x0000000083e00000, 0x0000000083f00000|  0%| F|  |TS  0|AC  0|TAMS 0x0000000083e00000, 0x0000000083e00000|
|  41|0x0000000083f00000, 0x0000000083f00000, 0x0000000084000000|  0%| F|  |TS  0|AC  0|TAMS 0x0000000083f00000, 0x0000000083f00000|
|  42|0x0000000084000000, 0x0000000084000000, 0x0000000084100000|  0%| F|  |TS  0|AC  0|TAMS 0x0000000084000000, 0x0000000084000000|
|  43|0x0000000084100000, 0x0000000084100000, 0x0000000084200000|  0%| F|  |TS  0|AC  0|TAMS 0x0000000084100000, 0x0000000084100000|
|  44|0x0000000084200000, 0x0000000084200000, 0x0000000084300000|  0%| F|  |TS  0|AC  0|TAMS 0x0000000084200000, 0x0000000084200000|
|  45|0x0000000084300000, 0x0000000084300000, 0x0000000084400000|  0%| F|  |TS  0|AC  0|TAMS 0x0000000084300000, 0x0000000084300000|
|  46|0x0000000084400000, 0x0000000084400000, 0x0000000084500000|  0%| F|  |TS  0|AC  0|TAMS 0x0000000084400000, 0x0000000084400000|
|  47|0x0000000084500000, 0x0000000084500000, 0x0000000084600000|  0%| F|  |TS  0|AC  0|TAMS 0x0000000084500000, 0x0000000084500000|
|  48|0x0000000084600000, 0x0000000084600000, 0x0000000084700000|  0%| F|  |TS  0|AC  0|TAMS 0x0000000084600000, 0x0000000084600000|
|  49|0x0000000084700000, 0x0000000084700000, 0x0000000084800000|  0%| F|  |TS  0|AC  0|TAMS 0x0000000084700000, 0x0000000084700000|
|  50|0x0000000084800000, 0x0000000084800000, 0x0000000084900000|  0%| F|  |TS  0|AC  0|TAMS 0x0000000084800000, 0x0000000084800000|
|  51|0x0000000084900000, 0x0000000084900000, 0x0000000084a00000|  0%| F|  |TS  0|AC  0|TAMS 0x0000000084900000, 0x0000000084900000|
|  52|0x0000000084a00000, 0x0000000084a00000, 0x0000000084b00000|  0%| F|  |TS  0|AC  0|TAMS 0x0000000084a00000, 0x0000000084a00000|
|  53|0x0000000084b00000, 0x0000000084b00000, 0x0000000084c00000|  0%| F|  |TS  0|AC  0|TAMS 0x0000000084b00000, 0x0000000084b00000|
|  54|0x0000000084c00000, 0x0000000084c00000, 0x0000000084d00000|  0%| F|  |TS  0|AC  0|TAMS 0x0000000084c00000, 0x0000000084c00000|
|  55|0x0000000084d00000, 0x0000000084d00000, 0x0000000084e00000|  0%| F|  |TS  0|AC  0|TAMS 0x0000000084d00000, 0x0000000084d00000|
|  56|0x0000000084e00000, 0x0000000084e00000, 0x0000000084f00000|  0%| F|  |TS  0|AC  0|TAMS 0x0000000084e00000, 0x0000000084e00000|
|  57|0x0000000084f00000, 0x0000000084f00000, 0x0000000085000000|  0%| F|  |TS  0|AC  0|TAMS 0x0000000084f00000, 0x0000000084f00000|
|  58|0x0000000085000000, 0x0000000085000000, 0x0000000085100000|  0%| F|  |TS  0|AC  0|TAMS 0x0000000085000000, 0x0000000085000000|
|  59|0x0000000085100000, 0x0000000085100000, 0x0000000085200000|  0%| F|  |TS  0|AC  0|TAMS 0x0000000085100000, 0x0000000085100000|
|  60|0x0000000085200000, 0x0000000085200000, 0x0000000085300000|  0%| F|  |TS  0|AC  0|TAMS 0x0000000085200000, 0x0000000085200000|
|  61|0x0000000085300000, 0x0000000085300000, 0x0000000085400000|  0%| F|  |TS  0|AC  0|TAMS 0x0000000085300000, 0x0000000085300000|
|  62|0x0000000085400000, 0x0000000085400000, 0x0000000085500000|  0%| F|  |TS  0|AC  0|TAMS 0x0000000085400000, 0x0000000085400000|
|  63|0x0000000085500000, 0x0000000085500000, 0x0000000085600000|  0%| F|  |TS  0|AC  0|TAMS 0x0000000085500000, 0x0000000085500000|
|  64|0x0000000085600000, 0x0000000085600000, 0x0000000085700000|  0%| F|  |TS  0|AC  0|TAMS 0x0000000085600000, 0x0000000085600000|
|  65|0x0000000085700000, 0x0000000085700000, 0x0000000085800000|  0%| F|  |TS  0|AC  0|TAMS 0x0000000085700000, 0x0000000085700000|
|  66|0x0000000085800000, 0x0000000085800000, 0x0000000085900000|  0%| F|  |TS  0|AC  0|TAMS 0x0000000085800000, 0x0000000085800000|
|  67|0x0000000085900000, 0x0000000085900000, 0x0000000085a00000|  0%| F|  |TS  0|AC  0|TAMS 0x0000000085900000, 0x0000000085900000|
|  68|0x0000000085a00000, 0x0000000085a00000, 0x0000000085b00000|  0%| F|  |TS  0|AC  0|TAMS 0x0000000085a00000, 0x0000000085a00000|
|  69|0x0000000085b00000, 0x0000000085b00000, 0x0000000085c00000|  0%| F|  |TS  0|AC  0|TAMS 0x0000000085b00000, 0x0000000085b00000|
|  70|0x0000000085c00000, 0x0000000085c00000, 0x0000000085d00000|  0%| F|  |TS  0|AC  0|TAMS 0x0000000085c00000, 0x0000000085c00000|
|  71|0x0000000085d00000, 0x0000000085d00000, 0x0000000085e00000|  0%| F|  |TS  0|AC  0|TAMS 0x0000000085d00000, 0x0000000085d00000|
|  72|0x0000000085e00000, 0x0000000085e00000, 0x0000000085f00000|  0%| F|  |TS  0|AC  0|TAMS 0x0000000085e00000, 0x0000000085e00000|
|  73|0x0000000085f00000, 0x0000000085f00000, 0x0000000086000000|  0%| F|  |TS  0|AC  0|TAMS 0x0000000085f00000, 0x0000000085f00000|
|  74|0x0000000086000000, 0x0000000086000000, 0x0000000086100000|  0%| F|  |TS  0|AC  0|TAMS 0x0000000086000000, 0x0000000086000000|
|  75|0x0000000086100000, 0x0000000086100000, 0x0000000086200000|  0%| F|  |TS  0|AC  0|TAMS 0x0000000086100000, 0x0000000086100000|
|  76|0x0000000086200000, 0x0000000086200000, 0x0000000086300000|  0%| F|  |TS  0|AC  0|TAMS 0x0000000086200000, 0x0000000086200000|
|  77|0x0000000086300000, 0x0000000086300000, 0x0000000086400000|  0%| F|  |TS  0|AC  0|TAMS 0x0000000086300000, 0x0000000086300000|
|  78|0x0000000086400000, 0x0000000086400000, 0x0000000086500000|  0%| F|  |TS  0|AC  0|TAMS 0x0000000086400000, 0x0000000086400000|
|  79|0x0000000086500000, 0x0000000086500000, 0x0000000086600000|  0%| F|  |TS  0|AC  0|TAMS 0x0000000086500000, 0x0000000086500000|
|  80|0x0000000086600000, 0x0000000086600000, 0x0000000086700000|  0%| F|  |TS  0|AC  0|TAMS 0x0000000086600000, 0x0000000086600000|
|  81|0x0000000086700000, 0x0000000086700000, 0x0000000086800000|  0%| F|  |TS  0|AC  0|TAMS 0x0000000086700000, 0x0000000086700000|
|  82|0x0000000086800000, 0x0000000086800000, 0x0000000086900000|  0%| F|  |TS  0|AC  0|TAMS 0x0000000086800000, 0x0000000086800000|
|  83|0x0000000086900000, 0x0000000086900000, 0x0000000086a00000|  0%| F|  |TS  0|AC  0|TAMS 0x0000000086900000, 0x0000000086900000|
|  84|0x0000000086a00000, 0x0000000086a00000, 0x0000000086b00000|  0%| F|  |TS  0|AC  0|TAMS 0x0000000086a00000, 0x0000000086a00000|
|  85|0x0000000086b00000, 0x0000000086b00000, 0x0000000086c00000|  0%| F|  |TS  0|AC  0|TAMS 0x0000000086b00000, 0x0000000086b00000|
|  86|0x0000000086c00000, 0x0000000086c00000, 0x0000000086d00000|  0%| F|  |TS  0|AC  0|TAMS 0x0000000086c00000, 0x0000000086c00000|
|  87|0x0000000086d00000, 0x0000000086d00000, 0x0000000086e00000|  0%| F|  |TS  0|AC  0|TAMS 0x0000000086d00000, 0x0000000086d00000|
|  88|0x0000000086e00000, 0x0000000086e00000, 0x0000000086f00000|  0%| F|  |TS  0|AC  0|TAMS 0x0000000086e00000, 0x0000000086e00000|
|  89|0x0000000086f00000, 0x0000000086f00000, 0x0000000087000000|  0%| F|  |TS  0|AC  0|TAMS 0x0000000086f00000, 0x0000000086f00000|
|  90|0x0000000087000000, 0x0000000087000000, 0x0000000087100000|  0%| F|  |TS  0|AC  0|TAMS 0x0000000087000000, 0x0000000087000000|
|  91|0x0000000087100000, 0x0000000087100000, 0x0000000087200000|  0%| F|  |TS  0|AC  0|TAMS 0x0000000087100000, 0x0000000087100000|
|  92|0x0000000087200000, 0x0000000087200000, 0x0000000087300000|  0%| F|  |TS  0|AC  0|TAMS 0x0000000087200000, 0x0000000087200000|
|  93|0x0000000087300000, 0x0000000087300000, 0x0000000087400000|  0%| F|  |TS  0|AC  0|TAMS 0x0000000087300000, 0x0000000087300000|
|  94|0x0000000087400000, 0x0000000087400000, 0x0000000087500000|  0%| F|  |TS  0|AC  0|TAMS 0x0000000087400000, 0x0000000087400000|
|  95|0x0000000087500000, 0x0000000087500000, 0x0000000087600000|  0%| F|  |TS  0|AC  0|TAMS 0x0000000087500000, 0x0000000087500000|
|  96|0x0000000087600000, 0x0000000087600000, 0x0000000087700000|  0%| F|  |TS  0|AC  0|TAMS 0x0000000087600000, 0x0000000087600000|
|  97|0x0000000087700000, 0x0000000087700000, 0x0000000087800000|  0%| F|  |TS  0|AC  0|TAMS 0x0000000087700000, 0x0000000087700000|
|  98|0x0000000087800000, 0x0000000087800000, 0x0000000087900000|  0%| F|  |TS  0|AC  0|TAMS 0x0000000087800000, 0x0000000087800000|
|  99|0x0000000087900000, 0x0000000087900000, 0x0000000087a00000|  0%| F|  |TS  0|AC  0|TAMS 0x0000000087900000, 0x0000000087900000|
| 100|0x0000000087a00000, 0x0000000087a00000, 0x0000000087b00000|  0%| F|  |TS  0|AC  0|TAMS 0x0000000087a00000, 0x0000000087a00000|
| 101|0x0000000087b00000, 0x0000000087b00000, 0x0000000087c00000|  0%| F|  |TS  0|AC  0|TAMS 0x0000000087b00000, 0x0000000087b00000|
| 102|0x0000000087c00000, 0x0000000087c00000, 0x0000000087d00000|  0%| F|  |TS  0|AC  0|TAMS 0x0000000087c00000, 0x0000000087c00000|
| 103|0x0000000087d00000, 0x0000000087d00000, 0x0000000087e00000|  0%| F|  |TS  0|AC  0|TAMS 0x0000000087d00000, 0x0000000087d00000|
| 104|0x0000000087e00000, 0x0000000087e00000, 0x0000000087f00000|  0%| F|  |TS  0|AC  0|TAMS 0x0000000087e00000, 0x0000000087e00000|
| 105|0x0000000087f00000, 0x0000000087f00000, 0x0000000088000000|  0%| F|  |TS  0|AC  0|TAMS 0x0000000087f00000, 0x0000000087f00000|
| 106|0x0000000088000000, 0x0000000088000000, 0x0000000088100000|  0%| F|  |TS  0|AC  0|TAMS 0x0000000088000000, 0x0000000088000000|
| 107|0x0000000088100000, 0x0000000088100000, 0x0000000088200000|  0%| F|  |TS  0|AC  0|TAMS 0x0000000088100000, 0x0000000088100000|
| 108|0x0000000088200000, 0x0000000088200000, 0x0000000088300000|  0%| F|  |TS  0|AC  0|TAMS 0x0000000088200000, 0x0000000088200000|
| 109|0x0000000088300000, 0x0000000088300000, 0x0000000088400000|  0%| F|  |TS  0|AC  0|TAMS 0x0000000088300000, 0x0000000088300000|
| 110|0x0000000088400000, 0x0000000088400000, 0x0000000088500000|  0%| F|  |TS  0|AC  0|TAMS 0x0000000088400000, 0x0000000088400000|
| 111|0x0000000088500000, 0x0000000088500000, 0x0000000088600000|  0%| F|  |TS  0|AC  0|TAMS 0x0000000088500000, 0x0000000088500000|
| 112|0x0000000088600000, 0x0000000088600000, 0x0000000088700000|  0%| F|  |TS  0|AC  0|TAMS 0x0000000088600000, 0x0000000088600000|
| 113|0x0000000088700000, 0x0000000088700000, 0x0000000088800000|  0%| F|  |TS  0|AC  0|TAMS 0x0000000088700000, 0x0000000088700000|
| 114|0x0000000088800000, 0x0000000088800000, 0x0000000088900000|  0%| F|  |TS  0|AC  0|TAMS 0x0000000088800000, 0x0000000088800000|
| 115|0x0000000088900000, 0x0000000088900000, 0x0000000088a00000|  0%| F|  |TS  0|AC  0|TAMS 0x0000000088900000, 0x0000000088900000|
| 116|0x0000000088a00000, 0x0000000088a00000, 0x0000000088b00000|  0%| F|  |TS  0|AC  0|TAMS 0x0000000088a00000, 0x0000000088a00000|
| 117|0x0000000088b00000, 0x0000000088b00000, 0x0000000088c00000|  0%| F|  |TS  0|AC  0|TAMS 0x0000000088b00000, 0x0000000088b00000|
| 118|0x0000000088c00000, 0x0000000088c00000, 0x0000000088d00000|  0%| F|  |TS  0|AC  0|TAMS 0x0000000088c00000, 0x0000000088c00000|
| 119|0x0000000088d00000, 0x0000000088d00000, 0x0000000088e00000|  0%| F|  |TS  0|AC  0|TAMS 0x0000000088d00000, 0x0000000088d00000|
| 120|0x0000000088e00000, 0x0000000088e00000, 0x0000000088f00000|  0%| F|  |TS  0|AC  0|TAMS 0x0000000088e00000, 0x0000000088e00000|
| 121|0x0000000088f00000, 0x0000000088f00000, 0x0000000089000000|  0%| F|  |TS  0|AC  0|TAMS 0x0000000088f00000, 0x0000000088f00000|
| 122|0x0000000089000000, 0x0000000089000000, 0x0000000089100000|  0%| F|  |TS  0|AC  0|TAMS 0x0000000089000000, 0x0000000089000000|
| 123|0x0000000089100000, 0x0000000089100000, 0x0000000089200000|  0%| F|  |TS  0|AC  0|TAMS 0x0000000089100000, 0x0000000089100000|
| 124|0x0000000089200000, 0x0000000089200000, 0x0000000089300000|  0%| F|  |TS  0|AC  0|TAMS 0x0000000089200000, 0x0000000089200000|
| 125|0x0000000089300000, 0x0000000089400000, 0x0000000089400000|100%| E|  |TS  0|AC  0|TAMS 0x0000000089300000, 0x0000000089300000|
| 126|0x0000000089400000, 0x0000000089500000, 0x0000000089500000|100%| E|CS|TS  0|AC  0|TAMS 0x0000000089400000, 0x0000000089400000|
| 127|0x0000000089500000, 0x0000000089600000, 0x0000000089600000|100%| E|CS|TS  0|AC  0|TAMS 0x0000000089500000, 0x0000000089500000|

Card table byte_map: [0x0000026540100000,0x0000026540500000] _byte_map_base: 0x000002653fcf5000

Marking Bits (Prev, Next): (CMBitMap*) 0x0000026526c8ebd0, (CMBitMap*) 0x0000026526c8ec08
 Prev Bits: [0x0000026540900000, 0x00000265428a8000)
 Next Bits: [0x00000265428b0000, 0x0000026544858000)

Polling page: 0x00000265247a0000

CodeHeap 'non-profiled nmethods': size=120000Kb used=43Kb max_used=43Kb free=119957Kb
 bounds [0x00000265384a0000, 0x0000026538710000, 0x000002653f9d0000]
CodeHeap 'profiled nmethods': size=120000Kb used=287Kb max_used=287Kb free=119712Kb
 bounds [0x0000026530f70000, 0x00000265311e0000, 0x00000265384a0000]
CodeHeap 'non-nmethods': size=5760Kb used=1026Kb max_used=1038Kb free=4733Kb
 bounds [0x00000265309d0000, 0x0000026530c40000, 0x0000026530f70000]
 total_blobs=561 nmethods=193 adapters=209
 compilation: enabled

Compilation events (10 events):
Event: 0.174 Thread 0x0000026547ba1800  189       3       java.lang.StringLatin1::replace (196 bytes)
Event: 0.175 Thread 0x0000026547ba1800 nmethod 189 0x0000026530fb5210 code [0x0000026530fb5480, 0x0000026530fb6100]
Event: 0.175 Thread 0x0000026547ba1800  190       3       java.lang.AbstractStringBuilder::newCapacity (55 bytes)
Event: 0.175 Thread 0x0000026547ba1800 nmethod 190 0x0000026530fb6590 code [0x0000026530fb6760, 0x0000026530fb69f0]
Event: 0.175 Thread 0x0000026547ba1800  191       1       java.util.zip.ZipFile::access$300 (5 bytes)
Event: 0.175 Thread 0x0000026547ba1800 nmethod 191 0x00000265384aa890 code [0x00000265384aaa40, 0x00000265384aab38]
Event: 0.178 Thread 0x0000026547ba1800  192       3       java.lang.String::indexOf (65 bytes)
Event: 0.178 Thread 0x0000026547ba1800 nmethod 192 0x0000026530fb6b10 code [0x0000026530fb6d80, 0x0000026530fb7750]
Event: 0.178 Thread 0x0000026547ba1800  193       3       java.lang.StringLatin1::indexOf (25 bytes)
Event: 0.179 Thread 0x0000026547ba1800 nmethod 193 0x0000026530fb7a90 code [0x0000026530fb7c60, 0x0000026530fb7e90]

GC Heap History (0 events):
No events

Deoptimization events (1 events):
Event: 0.122 Thread 0x0000026526bef000 Uncommon trap: reason=unstable_if action=reinterpret pc=0x00000265384a45fc method=java.lang.String.hashCode()I @ 14 c2

Classes redefined (0 events):
No events

Internal exceptions (2 events):
Event: 0.167 Thread 0x0000026526bef000 Exception <a 'java/io/FileNotFoundException'{0x00000000893a5080}> (0x00000000893a5080) thrown at [t:/workspace/open/src/hotspot/share/prims/jni.cpp, line 613]
Event: 0.170 Thread 0x0000026526bef000 Exception <a 'java/io/FileNotFoundException'{0x00000000893b6d78}> (0x00000000893b6d78) thrown at [t:/workspace/open/src/hotspot/share/prims/jni.cpp, line 613]

Events (10 events):
Event: 0.174 loading class gnu/io/Zystem done
Event: 0.174 loading class gnu/io/UnSupportedLoggerException
Event: 0.174 loading class gnu/io/UnSupportedLoggerException done
Event: 0.175 loading class java/lang/NumberFormatException
Event: 0.175 loading class java/lang/NumberFormatException done
Event: 0.175 loading class java/lang/IndexOutOfBoundsException
Event: 0.175 loading class java/lang/IndexOutOfBoundsException done
Event: 0.178 loading class gnu/io/RXTXPort$MonitorThread
Event: 0.178 loading class gnu/io/RXTXPort$MonitorThread done
Event: 0.178 Thread 0x0000026547e62000 Thread added: 0x0000026547e62000


Dynamic libraries:
0x00007ff62bb80000 - 0x00007ff62bbbe000 	D:\MDK\bin\java.exe
0x00007ff8d0290000 - 0x00007ff8d047d000 	C:\Windows\SYSTEM32\ntdll.dll
0x00007ff8ce0d0000 - 0x00007ff8ce183000 	C:\Windows\System32\KERNEL32.DLL
0x00007ff8cc360000 - 0x00007ff8cc5f3000 	C:\Windows\System32\KERNELBASE.dll
0x00007ff8cdad0000 - 0x00007ff8cdb73000 	C:\Windows\System32\ADVAPI32.dll
0x00007ff8d01a0000 - 0x00007ff8d023e000 	C:\Windows\System32\msvcrt.dll
0x00007ff8cded0000 - 0x00007ff8cdf6e000 	C:\Windows\System32\sechost.dll
0x00007ff8cd9a0000 - 0x00007ff8cdac2000 	C:\Windows\System32\RPCRT4.dll
0x00007ff8cf950000 - 0x00007ff8cfae7000 	C:\Windows\System32\USER32.dll
0x00007ff8cca10000 - 0x00007ff8cca30000 	C:\Windows\System32\win32u.dll
0x00007ff8cf8c0000 - 0x00007ff8cf8e9000 	C:\Windows\System32\GDI32.dll
0x00007ff8cd2d0000 - 0x00007ff8cd469000 	C:\Windows\System32\gdi32full.dll
0x00007ff8cc860000 - 0x00007ff8cc900000 	C:\Windows\System32\msvcp_win.dll
0x00007ff8cd1d0000 - 0x00007ff8cd2ca000 	C:\Windows\System32\ucrtbase.dll
0x00007ff8ba9f0000 - 0x00007ff8bac69000 	C:\Windows\WinSxS\amd64_microsoft.windows.common-controls_6595b64144ccf1df_6.0.17763.652_none_05b13fdc0722da13\COMCTL32.dll
0x00007ff8c44a0000 - 0x00007ff8c44aa000 	C:\Windows\SYSTEM32\VERSION.dll
0x00007ff8cd670000 - 0x00007ff8cd99c000 	C:\Windows\System32\combase.dll
0x00007ff8cc7e0000 - 0x00007ff8cc85e000 	C:\Windows\System32\bcryptPrimitives.dll
0x00007ff8cf890000 - 0x00007ff8cf8be000 	C:\Windows\System32\IMM32.DLL
0x00007ff888c10000 - 0x00007ff888cff000 	D:\MDK\bin\msvcr120.dll
0x00007ff88a360000 - 0x00007ff88a406000 	D:\MDK\bin\msvcp120.dll
0x000000006b6f0000 - 0x000000006c154000 	D:\MDK\bin\server\jvm.dll
0x00007ff8cf810000 - 0x00007ff8cf818000 	C:\Windows\System32\PSAPI.DLL
0x00007ff8ba850000 - 0x00007ff8ba859000 	C:\Windows\SYSTEM32\WSOCK32.dll
0x00007ff8c7070000 - 0x00007ff8c7094000 	C:\Windows\SYSTEM32\WINMM.dll
0x00007ff8d0130000 - 0x00007ff8d019d000 	C:\Windows\System32\WS2_32.dll
0x00007ff8c7040000 - 0x00007ff8c706d000 	C:\Windows\SYSTEM32\winmmbase.dll
0x00007ff8cca30000 - 0x00007ff8cca7a000 	C:\Windows\System32\cfgmgr32.dll
0x00007ff8b6ff0000 - 0x00007ff8b6fff000 	D:\MDK\bin\verify.dll
0x00007ff8c7c70000 - 0x00007ff8c7e5d000 	C:\Windows\SYSTEM32\DBGHELP.DLL
0x00007ff89ca10000 - 0x00007ff89ca3a000 	C:\Windows\SYSTEM32\dbgcore.DLL
0x00007ff89b5f0000 - 0x00007ff89b617000 	D:\MDK\bin\java.dll
0x00007ff89d4c0000 - 0x00007ff89d4d6000 	D:\MDK\bin\zip.dll
0x00007ff8b4be0000 - 0x00007ff8b4bea000 	D:\MDK\bin\jimage.dll
0x00007ff8ce2c0000 - 0x00007ff8cf7b0000 	C:\Windows\System32\SHELL32.dll
0x00007ff8cdf70000 - 0x00007ff8ce018000 	C:\Windows\System32\shcore.dll
0x00007ff8cca80000 - 0x00007ff8cd1ca000 	C:\Windows\System32\windows.storage.dll
0x00007ff8cc310000 - 0x00007ff8cc334000 	C:\Windows\System32\profapi.dll
0x00007ff8cc2b0000 - 0x00007ff8cc30d000 	C:\Windows\System32\powrprof.dll
0x00007ff8cf7b0000 - 0x00007ff8cf802000 	C:\Windows\System32\shlwapi.dll
0x00007ff8cc340000 - 0x00007ff8cc351000 	C:\Windows\System32\kernel.appcore.dll
0x00007ff8cd470000 - 0x00007ff8cd487000 	C:\Windows\System32\cryptsp.dll
0x00007ff89bf80000 - 0x00007ff89bf99000 	D:\MDK\bin\net.dll
0x00007ff8bcdc0000 - 0x00007ff8bceb2000 	C:\Windows\SYSTEM32\WINHTTP.dll
0x00007ff8cbad0000 - 0x00007ff8cbb37000 	C:\Windows\system32\mswsock.dll
0x00007ff89ba80000 - 0x00007ff89ba91000 	D:\MDK\bin\nio.dll
0x0000000180000000 - 0x0000000180025000 	D:\MDK\bin\rxtxSerial.dll

dbghelp: loaded successfully - version: 4.0.5 - missing functions: none
symbol engine: initialized successfully - sym options: 0x614 - pdb path: .;D:\MDK\bin;C:\Windows\SYSTEM32;C:\Windows\WinSxS\amd64_microsoft.windows.common-controls_6595b64144ccf1df_6.0.17763.652_none_05b13fdc0722da13;D:\MDK\bin\server

VM Arguments:
jvm_args: -Dfile.encoding=UTF-8 
java_command: quoridor.communication
java_class_path (initial): D:\BaiduNetdiskDownload\新建文件夹\学习项目\比赛\创意组日常记录\策略部分\release\bin;C:\Users\78669\.vscode-insiders\extensions\redhat.java-0.47.0\server\config_win\org.eclipse.osgi\69\0\.cp\junit.jar;C:\Users\78669\.vscode-insiders\extensions\redhat.java-0.47.0\server\config_win\org.eclipse.osgi\67\0\.cp\;D:\BaiduNetdiskDownload\新建文件夹\学习项目\比赛\创意组日常记录\策略部分\release\lib\RXTXcomm.jar
Launcher Type: SUN_STANDARD

Logging:
Log output configuration:
 #0: stdout all=warning uptime,level,tags
 #1: stderr all=off uptime,level,tags

Environment Variables:
PATH=D:\360\;C:\Program Files (x86)\Intel\Intel(R) Management Engine Components\iCLS\;C:\Program Files\Intel\Intel(R) Management Engine Components\iCLS\;C:\Windows\system32;C:\Windows;C:\Windows\System32\Wbem;C:\Windows\System32\WindowsPowerShell\v1.0\;C:\Windows\System32\OpenSSH\;C:\Program Files (x86)\Intel\Intel(R) Management Engine Components\DAL;C:\Program Files\Intel\Intel(R) Management Engine Components\DAL;C:\Program Files (x86)\Intel\Intel(R) Management Engine Components\IPT;C:\Program Files\Intel\Intel(R) Management Engine Components\IPT;C:\Program Files (x86)\NVIDIA Corporation\PhysX\Common;C:\Program Files\NVIDIA Corporation\NVIDIA NvDLISR;D:\Matlab\runtime\win64;D:\Matlab\bin;D:\MDK\Scripts\;D:\MDK\;C:\Users\78669\AppData\Local\Microsoft\WindowsApps;D:\MDK\bin;D:\VScode\bin;
USERNAME=78669
OS=Windows_NT
PROCESSOR_IDENTIFIER=Intel64 Family 6 Model 142 Stepping 10, GenuineIntel



---------------  S Y S T E M  ---------------

OS: Windows 10 , 64 bit Build 17763 (10.0.17763.475)

CPU:total 8 (initial active 8) (4 cores per cpu, 2 threads per core) family 6 model 142 stepping 10, cmov, cx8, fxsr, mmx, sse, sse2, sse3, ssse3, sse4.1, sse4.2, popcnt, avx, avx2, aes, clmul, erms, 3dnowpref, lzcnt, ht, tsc, tscinvbit, bmi1, bmi2, adx, fma

Memory: 4k page, physical 8292580k(3775916k free), swap 9915556k(3259580k free)

vm_info: Java HotSpot(TM) 64-Bit Server VM (11-ea+5) for windows-amd64 JRE (11-ea+5), built on Mar 17 2018 01:37:32 by "mach5one" with MS VC++ 12.0 (VS2013)

END.
