#
# A fatal error has been detected by the Java Runtime Environment:
#
#  EXCEPTION_ACCESS_VIOLATION (0xc0000005) at pc=0x0000000180004465, pid=11052, tid=15544
#
# JRE version: Java(TM) SE Runtime Environment (11.0+5) (build 11-ea+5)
# Java VM: Java HotSpot(TM) 64-Bit Server VM (11-ea+5, mixed mode, tiered, compressed oops, g1 gc, windows-amd64)
# Problematic frame:
# C  [rxtxSerial.dll+0x4465]
#
# No core dump will be written. Minidumps are not enabled by default on client versions of Windows
#
# If you would like to submit a bug report, please visit:
#   http://bugreport.java.com/bugreport/crash.jsp
# The crash happened outside the Java Virtual Machine in native code.
# See problematic frame for where to report the bug.
#

---------------  S U M M A R Y ------------

Command Line: -agentlib:jdwp=transport=dt_socket,server=n,suspend=y,address=localhost:61121 -Dfile.encoding=UTF-8 quoridor.communication

Host: Intel(R) Core(TM) i7-8550U CPU @ 1.80GHz, 8 cores, 7G,  Windows 10 , 64 bit Build 17763 (10.0.17763.475)
Time: Tue Aug 06 12:38:36 2019 ?D1ú±ê×?ê±?? elapsed time: 0 seconds (0d 0h 0m 0s)

---------------  T H R E A D  ---------------

Current thread (0x000002522c9c7800):  JavaThread "main" [_thread_in_native, id=15544, stack(0x0000006af0b00000,0x0000006af0c00000)]

Stack: [0x0000006af0b00000,0x0000006af0c00000],  sp=0x0000006af0bfe700,  free space=1017k
Native frames: (J=compiled Java code, j=interpreted, Vv=VM code, C=native code)
C  [rxtxSerial.dll+0x4465]

Java frames: (J=compiled Java code, j=interpreted, Vv=VM code)
j  gnu.io.RXTXPort.nativeDrain(Z)Z+0
j  gnu.io.RXTXPort$SerialOutputStream.flush()V+92
j  quoridor.communication.uartSendDatatoSerialPort(Lgnu/io/SerialPort;[B)V+13
j  quoridor.communication.main([Ljava/lang/String;)V+22
v  ~StubRoutines::call_stub

siginfo: EXCEPTION_ACCESS_VIOLATION (0xc0000005), reading address 0xfffffffff30ff2cc


Register to memory mapping:

RIP=0x0000000180004465 rxtxSerial.dll
RAX=0x000000000000001c is an unknown value
RBX=0x000002522c9c7a70 is an unknown value
RCX=0x0000006af0bfee1c is pointing into the stack for thread: 0x000002522c9c7800
RDX=0x0 is NULL
RSP=0x0000006af0bfe700 is pointing into the stack for thread: 0x000002522c9c7800
RBP=0x0000000000000001 is an unknown value
RSI=0x0 is NULL
RDI=0x0000000000000001 is an unknown value
R8 =0x0000006af0bfe3c0 is pointing into the stack for thread: 0x000002522c9c7800
R9 =0x0000000180000000 rxtxSerial.dll
R10=0x0 is NULL
R11=0x0000000000000200 is an unknown value
R12=0xfffffffff30ff2c0 is an unknown value
R13=0x0 is NULL
R14=0x0000006af0bfef38 is pointing into the stack for thread: 0x000002522c9c7800
R15=0x000002522c9c7800 is a thread


Registers:
RAX=0x000000000000001c, RBX=0x000002522c9c7a70, RCX=0x0000006af0bfee1c, RDX=0x0000000000000000
RSP=0x0000006af0bfe700, RBP=0x0000000000000001, RSI=0x0000000000000000, RDI=0x0000000000000001
R8 =0x0000006af0bfe3c0, R9 =0x0000000180000000, R10=0x0000000000000000, R11=0x0000000000000200
R12=0xfffffffff30ff2c0, R13=0x0000000000000000, R14=0x0000006af0bfef38, R15=0x000002522c9c7800
RIP=0x0000000180004465, EFLAGS=0x0000000000010286

Top of Stack: (sp=0x0000006af0bfe700)
0x0000006af0bfe700:   000002522c9c7a70 000000018001c4c0
0x0000006af0bfe710:   0000000000000000 0000000000000001
0x0000006af0bfe720:   0000006af0bfe940 00000252382a0d90
0x0000006af0bfe730:   0000006af0bfef38 0000000000000000
0x0000006af0bfe740:   000000008921e598 00000000892598f0
0x0000006af0bfe750:   000000008921e538 00000000892598a8
0x0000006af0bfe760:   00000000894404d0 000002524f233d1f
0x0000006af0bfe770:   000002522c9c7800 00000001000022c0
0x0000006af0bfe780:   0000025200000b47 000002522c9c7800
0x0000006af0bfe790:   000002524ff321e8 000002524ff321e8
0x0000006af0bfe7a0:   fffffffe00000b47 0000000000000000
0x0000006af0bfe7b0:   0000000000000000 0000000000000000
0x0000006af0bfe7c0:   0000000000000003 000000006bd4470c
0x0000006af0bfe7d0:   000002524f22e448 000002522c9c5350
0x0000006af0bfe7e0:   0000000100011f60 000000006b99c2ce
0x0000006af0bfe7f0:   0000000000000001 000000006ba3dbaf 

Instructions: (pc=0x0000000180004465)
0x0000000180004445:   1b 48 8b d7 48 8b cb 41 ff 93 b8 00 00 00 45 84
0x0000000180004455:   ed 0f 85 97 00 00 00 4d 85 e4 0f 84 8e 00 00 00
0x0000000180004465:   41 83 7c 24 0c 00 0f 84 82 00 00 00 4c 8d 44 24
0x0000000180004475:   30 48 8d 4c 24 38 4d 8b cc 48 8b d3 e8 8a f4 ff 



---------------  P R O C E S S  ---------------

Threads class SMR info:
_java_thread_list=0x000002524ff30920, length=16, elements={
0x000002522c9c7800, 0x000002524f379800, 0x000002524f376000, 0x000002524fc45000,
0x000002524fc45800, 0x000002524fc4a800, 0x000002524fc4b000, 0x000002524fc4c000,
0x000002524fc4f800, 0x000002524fc6b800, 0x000002524fe53800, 0x000002524fe56800,
0x000002524fe57800, 0x000002524fe6e800, 0x000002524fe73800, 0x000002524ff36800
}

Java Threads: ( => current thread )
=>0x000002522c9c7800 JavaThread "main" [_thread_in_native, id=15544, stack(0x0000006af0b00000,0x0000006af0c00000)]
  0x000002524f379800 JavaThread "Reference Handler" daemon [_thread_blocked, id=9684, stack(0x0000006af2100000,0x0000006af2200000)]
  0x000002524f376000 JavaThread "Finalizer" daemon [_thread_blocked, id=9268, stack(0x0000006af2200000,0x0000006af2300000)]
  0x000002524fc45000 JavaThread "Signal Dispatcher" daemon [_thread_blocked, id=5152, stack(0x0000006af2300000,0x0000006af2400000)]
  0x000002524fc45800 JavaThread "Attach Listener" daemon [_thread_blocked, id=10948, stack(0x0000006af2400000,0x0000006af2500000)]
  0x000002524fc4a800 JavaThread "C2 CompilerThread0" daemon [_thread_blocked, id=17732, stack(0x0000006af2500000,0x0000006af2600000)]
  0x000002524fc4b000 JavaThread "C2 CompilerThread1" daemon [_thread_blocked, id=12040, stack(0x0000006af2600000,0x0000006af2700000)]
  0x000002524fc4c000 JavaThread "C2 CompilerThread2" daemon [_thread_blocked, id=8832, stack(0x0000006af2700000,0x0000006af2800000)]
  0x000002524fc4f800 JavaThread "C1 CompilerThread3" daemon [_thread_blocked, id=9820, stack(0x0000006af2800000,0x0000006af2900000)]
  0x000002524fc6b800 JavaThread "Sweeper thread" daemon [_thread_blocked, id=8732, stack(0x0000006af2900000,0x0000006af2a00000)]
  0x000002524fe53800 JavaThread "JDWP Transport Listener: dt_socket" daemon [_thread_blocked, id=12552, stack(0x0000006af2a00000,0x0000006af2b00000)]
  0x000002524fe56800 JavaThread "JDWP Event Helper Thread" daemon [_thread_blocked, id=4636, stack(0x0000006af2b00000,0x0000006af2c00000)]
  0x000002524fe57800 JavaThread "JDWP Command Reader" daemon [_thread_in_native, id=13524, stack(0x0000006af2c00000,0x0000006af2d00000)]
  0x000002524fe6e800 JavaThread "Service Thread" daemon [_thread_blocked, id=1824, stack(0x0000006af2d00000,0x0000006af2e00000)]
  0x000002524fe73800 JavaThread "Common-Cleaner" daemon [_thread_blocked, id=13396, stack(0x0000006af2e00000,0x0000006af2f00000)]
  0x000002524ff36800 JavaThread "Thread-0" [_thread_in_native, id=9552, stack(0x0000006af3000000,0x0000006af3100000)]

Other Threads:
  0x000002524f365000 VMThread "VM Thread" [stack: 0x0000006af2000000,0x0000006af2100000] [id=4908]
  0x000002524fe74800 WatcherThread [stack: 0x0000006af2f00000,0x0000006af3000000] [id=4604]
  0x000002522c9da800 GCTaskThread "GC Thread#0" [stack: 0x0000006af0c00000,0x0000006af0d00000] [id=10260]
  0x000002522c9db800 GCTaskThread "GC Thread#1" [stack: 0x0000006af0d00000,0x0000006af0e00000] [id=7256]
  0x000002522c9de800 GCTaskThread "GC Thread#2" [stack: 0x0000006af0e00000,0x0000006af0f00000] [id=3968]
  0x000002522c9e0000 GCTaskThread "GC Thread#3" [stack: 0x0000006af0f00000,0x0000006af1000000] [id=10904]
  0x000002522c9e2000 GCTaskThread "GC Thread#4" [stack: 0x0000006af1000000,0x0000006af1100000] [id=1796]
  0x000002522c9e3000 GCTaskThread "GC Thread#5" [stack: 0x0000006af1100000,0x0000006af1200000] [id=2496]
  0x000002522c9ef000 GCTaskThread "GC Thread#6" [stack: 0x0000006af1200000,0x0000006af1300000] [id=15548]
  0x000002522c9fa000 GCTaskThread "GC Thread#7" [stack: 0x0000006af1300000,0x0000006af1400000] [id=17280]
  0x000002522ca67800 ConcurrentGCThread "G1 Main Marker" [stack: 0x0000006af1400000,0x0000006af1500000] [id=18412]
  0x000002522c9f9000 ConcurrentGCThread "G1 Conc#0" [stack: 0x0000006af1500000,0x0000006af1600000] [id=7340]
  0x000002522c9fb800 ConcurrentGCThread "G1 Conc#1" [stack: 0x0000006af1600000,0x0000006af1700000] [id=12528]
  0x000002524f1e3800 ConcurrentGCThread "G1 Refine#0" [stack: 0x0000006af1700000,0x0000006af1800000] [id=8928]
  0x000002524f1e4000 ConcurrentGCThread "G1 Refine#1" [stack: 0x0000006af1800000,0x0000006af1900000] [id=1800]
  0x000002524f1e6800 ConcurrentGCThread "G1 Refine#2" [stack: 0x0000006af1900000,0x0000006af1a00000] [id=18196]
  0x000002524f1e7800 ConcurrentGCThread "G1 Refine#3" [stack: 0x0000006af1a00000,0x0000006af1b00000] [id=13304]
  0x000002524f1e8000 ConcurrentGCThread "G1 Refine#4" [stack: 0x0000006af1b00000,0x0000006af1c00000] [id=11564]
  0x000002524f1f9000 ConcurrentGCThread "G1 Refine#5" [stack: 0x0000006af1c00000,0x0000006af1d00000] [id=16916]
  0x000002524f1fe000 ConcurrentGCThread "G1 Refine#6" [stack: 0x0000006af1d00000,0x0000006af1e00000] [id=10328]
  0x000002524f1fe800 ConcurrentGCThread "G1 Refine#7" [stack: 0x0000006af1e00000,0x0000006af1f00000] [id=12456]
  0x000002524f1ff800 ConcurrentGCThread "G1 Young RemSet Sampling" [stack: 0x0000006af1f00000,0x0000006af2000000] [id=14412]

Threads with active compile tasks:

VM state:not at safepoint (normal execution)

VM Mutex/Monitor currently owned by a thread: None

Heap address: 0x0000000081600000, size: 2026 MB, Compressed Oops mode: 32-bit
Narrow klass base: 0x0000000000000000, Narrow klass shift: 3
Compressed class space size: 1073741824 Address: 0x0000000100000000

Heap:
 garbage-first heap   total 131072K, used 3072K [0x0000000081600000, 0x0000000100000000)
  region size 1024K, 4 young (4096K), 0 survivors (0K)
 Metaspace       used 5110K, capacity 5216K, committed 5376K, reserved 1056768K
  class space    used 427K, capacity 464K, committed 512K, reserved 1048576K
Heap Regions: E=young(eden), S=young(survivor), O=old, HS=humongous(starts), HC=humongous(continues), CS=collection set, F=free, A=archive, TS=gc time stamp, AC=allocation context, TAMS=top-at-mark-start (previous, next)
|   0|0x0000000081600000, 0x0000000081600000, 0x0000000081700000|  0%| F|  |TS  0|AC  0|TAMS 0x0000000081600000, 0x0000000081600000|
|   1|0x0000000081700000, 0x0000000081700000, 0x0000000081800000|  0%| F|  |TS  0|AC  0|TAMS 0x0000000081700000, 0x0000000081700000|
|   2|0x0000000081800000, 0x0000000081800000, 0x0000000081900000|  0%| F|  |TS  0|AC  0|TAMS 0x0000000081800000, 0x0000000081800000|
|   3|0x0000000081900000, 0x0000000081900000, 0x0000000081a00000|  0%| F|  |TS  0|AC  0|TAMS 0x0000000081900000, 0x0000000081900000|
|   4|0x0000000081a00000, 0x0000000081a00000, 0x0000000081b00000|  0%| F|  |TS  0|AC  0|TAMS 0x0000000081a00000, 0x0000000081a00000|
|   5|0x0000000081b00000, 0x0000000081b00000, 0x0000000081c00000|  0%| F|  |TS  0|AC  0|TAMS 0x0000000081b00000, 0x0000000081b00000|
|   6|0x0000000081c00000, 0x0000000081c00000, 0x0000000081d00000|  0%| F|  |TS  0|AC  0|TAMS 0x0000000081c00000, 0x0000000081c00000|
|   7|0x0000000081d00000, 0x0000000081d00000, 0x0000000081e00000|  0%| F|  |TS  0|AC  0|TAMS 0x0000000081d00000, 0x0000000081d00000|
|   8|0x0000000081e00000, 0x0000000081e00000, 0x0000000081f00000|  0%| F|  |TS  0|AC  0|TAMS 0x0000000081e00000, 0x0000000081e00000|
|   9|0x0000000081f00000, 0x0000000081f00000, 0x0000000082000000|  0%| F|  |TS  0|AC  0|TAMS 0x0000000081f00000, 0x0000000081f00000|
|  10|0x0000000082000000, 0x0000000082000000, 0x0000000082100000|  0%| F|  |TS  0|AC  0|TAMS 0x0000000082000000, 0x0000000082000000|
|  11|0x0000000082100000, 0x0000000082100000, 0x0000000082200000|  0%| F|  |TS  0|AC  0|TAMS 0x0000000082100000, 0x0000000082100000|
|  12|0x0000000082200000, 0x0000000082200000, 0x0000000082300000|  0%| F|  |TS  0|AC  0|TAMS 0x0000000082200000, 0x0000000082200000|
|  13|0x0000000082300000, 0x0000000082300000, 0x0000000082400000|  0%| F|  |TS  0|AC  0|TAMS 0x0000000082300000, 0x0000000082300000|
|  14|0x0000000082400000, 0x0000000082400000, 0x0000000082500000|  0%| F|  |TS  0|AC  0|TAMS 0x0000000082400000, 0x0000000082400000|
|  15|0x0000000082500000, 0x0000000082500000, 0x0000000082600000|  0%| F|  |TS  0|AC  0|TAMS 0x0000000082500000, 0x0000000082500000|
|  16|0x0000000082600000, 0x0000000082600000, 0x0000000082700000|  0%| F|  |TS  0|AC  0|TAMS 0x0000000082600000, 0x0000000082600000|
|  17|0x0000000082700000, 0x0000000082700000, 0x0000000082800000|  0%| F|  |TS  0|AC  0|TAMS 0x0000000082700000, 0x0000000082700000|
|  18|0x0000000082800000, 0x0000000082800000, 0x0000000082900000|  0%| F|  |TS  0|AC  0|TAMS 0x0000000082800000, 0x0000000082800000|
|  19|0x0000000082900000, 0x0000000082900000, 0x0000000082a00000|  0%| F|  |TS  0|AC  0|TAMS 0x0000000082900000, 0x0000000082900000|
|  20|0x0000000082a00000, 0x0000000082a00000, 0x0000000082b00000|  0%| F|  |TS  0|AC  0|TAMS 0x0000000082a00000, 0x0000000082a00000|
|  21|0x0000000082b00000, 0x0000000082b00000, 0x0000000082c00000|  0%| F|  |TS  0|AC  0|TAMS 0x0000000082b00000, 0x0000000082b00000|
|  22|0x0000000082c00000, 0x0000000082c00000, 0x0000000082d00000|  0%| F|  |TS  0|AC  0|TAMS 0x0000000082c00000, 0x0000000082c00000|
|  23|0x0000000082d00000, 0x0000000082d00000, 0x0000000082e00000|  0%| F|  |TS  0|AC  0|TAMS 0x0000000082d00000, 0x0000000082d00000|
|  24|0x0000000082e00000, 0x0000000082e00000, 0x0000000082f00000|  0%| F|  |TS  0|AC  0|TAMS 0x0000000082e00000, 0x0000000082e00000|
|  25|0x0000000082f00000, 0x0000000082f00000, 0x0000000083000000|  0%| F|  |TS  0|AC  0|TAMS 0x0000000082f00000, 0x0000000082f00000|
|  26|0x0000000083000000, 0x0000000083000000, 0x0000000083100000|  0%| F|  |TS  0|AC  0|TAMS 0x0000000083000000, 0x0000000083000000|
|  27|0x0000000083100000, 0x0000000083100000, 0x0000000083200000|  0%| F|  |TS  0|AC  0|TAMS 0x0000000083100000, 0x0000000083100000|
|  28|0x0000000083200000, 0x0000000083200000, 0x0000000083300000|  0%| F|  |TS  0|AC  0|TAMS 0x0000000083200000, 0x0000000083200000|
|  29|0x0000000083300000, 0x0000000083300000, 0x0000000083400000|  0%| F|  |TS  0|AC  0|TAMS 0x0000000083300000, 0x0000000083300000|
|  30|0x0000000083400000, 0x0000000083400000, 0x0000000083500000|  0%| F|  |TS  0|AC  0|TAMS 0x0000000083400000, 0x0000000083400000|
|  31|0x0000000083500000, 0x0000000083500000, 0x0000000083600000|  0%| F|  |TS  0|AC  0|TAMS 0x0000000083500000, 0x0000000083500000|
|  32|0x0000000083600000, 0x0000000083600000, 0x0000000083700000|  0%| F|  |TS  0|AC  0|TAMS 0x0000000083600000, 0x0000000083600000|
|  33|0x0000000083700000, 0x0000000083700000, 0x0000000083800000|  0%| F|  |TS  0|AC  0|TAMS 0x0000000083700000, 0x0000000083700000|
|  34|0x0000000083800000, 0x0000000083800000, 0x0000000083900000|  0%| F|  |TS  0|AC  0|TAMS 0x0000000083800000, 0x0000000083800000|
|  35|0x0000000083900000, 0x0000000083900000, 0x0000000083a00000|  0%| F|  |TS  0|AC  0|TAMS 0x0000000083900000, 0x0000000083900000|
|  36|0x0000000083a00000, 0x0000000083a00000, 0x0000000083b00000|  0%| F|  |TS  0|AC  0|TAMS 0x0000000083a00000, 0x0000000083a00000|
|  37|0x0000000083b00000, 0x0000000083b00000, 0x0000000083c00000|  0%| F|  |TS  0|AC  0|TAMS 0x0000000083b00000, 0x0000000083b00000|
|  38|0x0000000083c00000, 0x0000000083c00000, 0x0000000083d00000|  0%| F|  |TS  0|AC  0|TAMS 0x0000000083c00000, 0x0000000083c00000|
|  39|0x0000000083d00000, 0x0000000083d00000, 0x0000000083e00000|  0%| F|  |TS  0|AC  0|TAMS 0x0000000083d00000, 0x0000000083d00000|
|  40|0x0000000083e00000, 0x0000000083e00000, 0x0000000083f00000|  0%| F|  |TS  0|AC  0|TAMS 0x0000000083e00000, 0x0000000083e00000|
|  41|0x0000000083f00000, 0x0000000083f00000, 0x0000000084000000|  0%| F|  |TS  0|AC  0|TAMS 0x0000000083f00000, 0x0000000083f00000|
|  42|0x0000000084000000, 0x0000000084000000, 0x0000000084100000|  0%| F|  |TS  0|AC  0|TAMS 0x0000000084000000, 0x0000000084000000|
|  43|0x0000000084100000, 0x0000000084100000, 0x0000000084200000|  0%| F|  |TS  0|AC  0|TAMS 0x0000000084100000, 0x0000000084100000|
|  44|0x0000000084200000, 0x0000000084200000, 0x0000000084300000|  0%| F|  |TS  0|AC  0|TAMS 0x0000000084200000, 0x0000000084200000|
|  45|0x0000000084300000, 0x0000000084300000, 0x0000000084400000|  0%| F|  |TS  0|AC  0|TAMS 0x0000000084300000, 0x0000000084300000|
|  46|0x0000000084400000, 0x0000000084400000, 0x0000000084500000|  0%| F|  |TS  0|AC  0|TAMS 0x0000000084400000, 0x0000000084400000|
|  47|0x0000000084500000, 0x0000000084500000, 0x0000000084600000|  0%| F|  |TS  0|AC  0|TAMS 0x0000000084500000, 0x0000000084500000|
|  48|0x0000000084600000, 0x0000000084600000, 0x0000000084700000|  0%| F|  |TS  0|AC  0|TAMS 0x0000000084600000, 0x0000000084600000|
|  49|0x0000000084700000, 0x0000000084700000, 0x0000000084800000|  0%| F|  |TS  0|AC  0|TAMS 0x0000000084700000, 0x0000000084700000|
|  50|0x0000000084800000, 0x0000000084800000, 0x0000000084900000|  0%| F|  |TS  0|AC  0|TAMS 0x0000000084800000, 0x0000000084800000|
|  51|0x0000000084900000, 0x0000000084900000, 0x0000000084a00000|  0%| F|  |TS  0|AC  0|TAMS 0x0000000084900000, 0x0000000084900000|
|  52|0x0000000084a00000, 0x0000000084a00000, 0x0000000084b00000|  0%| F|  |TS  0|AC  0|TAMS 0x0000000084a00000, 0x0000000084a00000|
|  53|0x0000000084b00000, 0x0000000084b00000, 0x0000000084c00000|  0%| F|  |TS  0|AC  0|TAMS 0x0000000084b00000, 0x0000000084b00000|
|  54|0x0000000084c00000, 0x0000000084c00000, 0x0000000084d00000|  0%| F|  |TS  0|AC  0|TAMS 0x0000000084c00000, 0x0000000084c00000|
|  55|0x0000000084d00000, 0x0000000084d00000, 0x0000000084e00000|  0%| F|  |TS  0|AC  0|TAMS 0x0000000084d00000, 0x0000000084d00000|
|  56|0x0000000084e00000, 0x0000000084e00000, 0x0000000084f00000|  0%| F|  |TS  0|AC  0|TAMS 0x0000000084e00000, 0x0000000084e00000|
|  57|0x0000000084f00000, 0x0000000084f00000, 0x0000000085000000|  0%| F|  |TS  0|AC  0|TAMS 0x0000000084f00000, 0x0000000084f00000|
|  58|0x0000000085000000, 0x0000000085000000, 0x0000000085100000|  0%| F|  |TS  0|AC  0|TAMS 0x0000000085000000, 0x0000000085000000|
|  59|0x0000000085100000, 0x0000000085100000, 0x0000000085200000|  0%| F|  |TS  0|AC  0|TAMS 0x0000000085100000, 0x0000000085100000|
|  60|0x0000000085200000, 0x0000000085200000, 0x0000000085300000|  0%| F|  |TS  0|AC  0|TAMS 0x0000000085200000, 0x0000000085200000|
|  61|0x0000000085300000, 0x0000000085300000, 0x0000000085400000|  0%| F|  |TS  0|AC  0|TAMS 0x0000000085300000, 0x0000000085300000|
|  62|0x0000000085400000, 0x0000000085400000, 0x0000000085500000|  0%| F|  |TS  0|AC  0|TAMS 0x0000000085400000, 0x0000000085400000|
|  63|0x0000000085500000, 0x0000000085500000, 0x0000000085600000|  0%| F|  |TS  0|AC  0|TAMS 0x0000000085500000, 0x0000000085500000|
|  64|0x0000000085600000, 0x0000000085600000, 0x0000000085700000|  0%| F|  |TS  0|AC  0|TAMS 0x0000000085600000, 0x0000000085600000|
|  65|0x0000000085700000, 0x0000000085700000, 0x0000000085800000|  0%| F|  |TS  0|AC  0|TAMS 0x0000000085700000, 0x0000000085700000|
|  66|0x0000000085800000, 0x0000000085800000, 0x0000000085900000|  0%| F|  |TS  0|AC  0|TAMS 0x0000000085800000, 0x0000000085800000|
|  67|0x0000000085900000, 0x0000000085900000, 0x0000000085a00000|  0%| F|  |TS  0|AC  0|TAMS 0x0000000085900000, 0x0000000085900000|
|  68|0x0000000085a00000, 0x0000000085a00000, 0x0000000085b00000|  0%| F|  |TS  0|AC  0|TAMS 0x0000000085a00000, 0x0000000085a00000|
|  69|0x0000000085b00000, 0x0000000085b00000, 0x0000000085c00000|  0%| F|  |TS  0|AC  0|TAMS 0x0000000085b00000, 0x0000000085b00000|
|  70|0x0000000085c00000, 0x0000000085c00000, 0x0000000085d00000|  0%| F|  |TS  0|AC  0|TAMS 0x0000000085c00000, 0x0000000085c00000|
|  71|0x0000000085d00000, 0x0000000085d00000, 0x0000000085e00000|  0%| F|  |TS  0|AC  0|TAMS 0x0000000085d00000, 0x0000000085d00000|
|  72|0x0000000085e00000, 0x0000000085e00000, 0x0000000085f00000|  0%| F|  |TS  0|AC  0|TAMS 0x0000000085e00000, 0x0000000085e00000|
|  73|0x0000000085f00000, 0x0000000085f00000, 0x0000000086000000|  0%| F|  |TS  0|AC  0|TAMS 0x0000000085f00000, 0x0000000085f00000|
|  74|0x0000000086000000, 0x0000000086000000, 0x0000000086100000|  0%| F|  |TS  0|AC  0|TAMS 0x0000000086000000, 0x0000000086000000|
|  75|0x0000000086100000, 0x0000000086100000, 0x0000000086200000|  0%| F|  |TS  0|AC  0|TAMS 0x0000000086100000, 0x0000000086100000|
|  76|0x0000000086200000, 0x0000000086200000, 0x0000000086300000|  0%| F|  |TS  0|AC  0|TAMS 0x0000000086200000, 0x0000000086200000|
|  77|0x0000000086300000, 0x0000000086300000, 0x0000000086400000|  0%| F|  |TS  0|AC  0|TAMS 0x0000000086300000, 0x0000000086300000|
|  78|0x0000000086400000, 0x0000000086400000, 0x0000000086500000|  0%| F|  |TS  0|AC  0|TAMS 0x0000000086400000, 0x0000000086400000|
|  79|0x0000000086500000, 0x0000000086500000, 0x0000000086600000|  0%| F|  |TS  0|AC  0|TAMS 0x0000000086500000, 0x0000000086500000|
|  80|0x0000000086600000, 0x0000000086600000, 0x0000000086700000|  0%| F|  |TS  0|AC  0|TAMS 0x0000000086600000, 0x0000000086600000|
|  81|0x0000000086700000, 0x0000000086700000, 0x0000000086800000|  0%| F|  |TS  0|AC  0|TAMS 0x0000000086700000, 0x0000000086700000|
|  82|0x0000000086800000, 0x0000000086800000, 0x0000000086900000|  0%| F|  |TS  0|AC  0|TAMS 0x0000000086800000, 0x0000000086800000|
|  83|0x0000000086900000, 0x0000000086900000, 0x0000000086a00000|  0%| F|  |TS  0|AC  0|TAMS 0x0000000086900000, 0x0000000086900000|
|  84|0x0000000086a00000, 0x0000000086a00000, 0x0000000086b00000|  0%| F|  |TS  0|AC  0|TAMS 0x0000000086a00000, 0x0000000086a00000|
|  85|0x0000000086b00000, 0x0000000086b00000, 0x0000000086c00000|  0%| F|  |TS  0|AC  0|TAMS 0x0000000086b00000, 0x0000000086b00000|
|  86|0x0000000086c00000, 0x0000000086c00000, 0x0000000086d00000|  0%| F|  |TS  0|AC  0|TAMS 0x0000000086c00000, 0x0000000086c00000|
|  87|0x0000000086d00000, 0x0000000086d00000, 0x0000000086e00000|  0%| F|  |TS  0|AC  0|TAMS 0x0000000086d00000, 0x0000000086d00000|
|  88|0x0000000086e00000, 0x0000000086e00000, 0x0000000086f00000|  0%| F|  |TS  0|AC  0|TAMS 0x0000000086e00000, 0x0000000086e00000|
|  89|0x0000000086f00000, 0x0000000086f00000, 0x0000000087000000|  0%| F|  |TS  0|AC  0|TAMS 0x0000000086f00000, 0x0000000086f00000|
|  90|0x0000000087000000, 0x0000000087000000, 0x0000000087100000|  0%| F|  |TS  0|AC  0|TAMS 0x0000000087000000, 0x0000000087000000|
|  91|0x0000000087100000, 0x0000000087100000, 0x0000000087200000|  0%| F|  |TS  0|AC  0|TAMS 0x0000000087100000, 0x0000000087100000|
|  92|0x0000000087200000, 0x0000000087200000, 0x0000000087300000|  0%| F|  |TS  0|AC  0|TAMS 0x0000000087200000, 0x0000000087200000|
|  93|0x0000000087300000, 0x0000000087300000, 0x0000000087400000|  0%| F|  |TS  0|AC  0|TAMS 0x0000000087300000, 0x0000000087300000|
|  94|0x0000000087400000, 0x0000000087400000, 0x0000000087500000|  0%| F|  |TS  0|AC  0|TAMS 0x0000000087400000, 0x0000000087400000|
|  95|0x0000000087500000, 0x0000000087500000, 0x0000000087600000|  0%| F|  |TS  0|AC  0|TAMS 0x0000000087500000, 0x0000000087500000|
|  96|0x0000000087600000, 0x0000000087600000, 0x0000000087700000|  0%| F|  |TS  0|AC  0|TAMS 0x0000000087600000, 0x0000000087600000|
|  97|0x0000000087700000, 0x0000000087700000, 0x0000000087800000|  0%| F|  |TS  0|AC  0|TAMS 0x0000000087700000, 0x0000000087700000|
|  98|0x0000000087800000, 0x0000000087800000, 0x0000000087900000|  0%| F|  |TS  0|AC  0|TAMS 0x0000000087800000, 0x0000000087800000|
|  99|0x0000000087900000, 0x0000000087900000, 0x0000000087a00000|  0%| F|  |TS  0|AC  0|TAMS 0x0000000087900000, 0x0000000087900000|
| 100|0x0000000087a00000, 0x0000000087a00000, 0x0000000087b00000|  0%| F|  |TS  0|AC  0|TAMS 0x0000000087a00000, 0x0000000087a00000|
| 101|0x0000000087b00000, 0x0000000087b00000, 0x0000000087c00000|  0%| F|  |TS  0|AC  0|TAMS 0x0000000087b00000, 0x0000000087b00000|
| 102|0x0000000087c00000, 0x0000000087c00000, 0x0000000087d00000|  0%| F|  |TS  0|AC  0|TAMS 0x0000000087c00000, 0x0000000087c00000|
| 103|0x0000000087d00000, 0x0000000087d00000, 0x0000000087e00000|  0%| F|  |TS  0|AC  0|TAMS 0x0000000087d00000, 0x0000000087d00000|
| 104|0x0000000087e00000, 0x0000000087e00000, 0x0000000087f00000|  0%| F|  |TS  0|AC  0|TAMS 0x0000000087e00000, 0x0000000087e00000|
| 105|0x0000000087f00000, 0x0000000087f00000, 0x0000000088000000|  0%| F|  |TS  0|AC  0|TAMS 0x0000000087f00000, 0x0000000087f00000|
| 106|0x0000000088000000, 0x0000000088000000, 0x0000000088100000|  0%| F|  |TS  0|AC  0|TAMS 0x0000000088000000, 0x0000000088000000|
| 107|0x0000000088100000, 0x0000000088100000, 0x0000000088200000|  0%| F|  |TS  0|AC  0|TAMS 0x0000000088100000, 0x0000000088100000|
| 108|0x0000000088200000, 0x0000000088200000, 0x0000000088300000|  0%| F|  |TS  0|AC  0|TAMS 0x0000000088200000, 0x0000000088200000|
| 109|0x0000000088300000, 0x0000000088300000, 0x0000000088400000|  0%| F|  |TS  0|AC  0|TAMS 0x0000000088300000, 0x0000000088300000|
| 110|0x0000000088400000, 0x0000000088400000, 0x0000000088500000|  0%| F|  |TS  0|AC  0|TAMS 0x0000000088400000, 0x0000000088400000|
| 111|0x0000000088500000, 0x0000000088500000, 0x0000000088600000|  0%| F|  |TS  0|AC  0|TAMS 0x0000000088500000, 0x0000000088500000|
| 112|0x0000000088600000, 0x0000000088600000, 0x0000000088700000|  0%| F|  |TS  0|AC  0|TAMS 0x0000000088600000, 0x0000000088600000|
| 113|0x0000000088700000, 0x0000000088700000, 0x0000000088800000|  0%| F|  |TS  0|AC  0|TAMS 0x0000000088700000, 0x0000000088700000|
| 114|0x0000000088800000, 0x0000000088800000, 0x0000000088900000|  0%| F|  |TS  0|AC  0|TAMS 0x0000000088800000, 0x0000000088800000|
| 115|0x0000000088900000, 0x0000000088900000, 0x0000000088a00000|  0%| F|  |TS  0|AC  0|TAMS 0x0000000088900000, 0x0000000088900000|
| 116|0x0000000088a00000, 0x0000000088a00000, 0x0000000088b00000|  0%| F|  |TS  0|AC  0|TAMS 0x0000000088a00000, 0x0000000088a00000|
| 117|0x0000000088b00000, 0x0000000088b00000, 0x0000000088c00000|  0%| F|  |TS  0|AC  0|TAMS 0x0000000088b00000, 0x0000000088b00000|
| 118|0x0000000088c00000, 0x0000000088c00000, 0x0000000088d00000|  0%| F|  |TS  0|AC  0|TAMS 0x0000000088c00000, 0x0000000088c00000|
| 119|0x0000000088d00000, 0x0000000088d00000, 0x0000000088e00000|  0%| F|  |TS  0|AC  0|TAMS 0x0000000088d00000, 0x0000000088d00000|
| 120|0x0000000088e00000, 0x0000000088e00000, 0x0000000088f00000|  0%| F|  |TS  0|AC  0|TAMS 0x0000000088e00000, 0x0000000088e00000|
| 121|0x0000000088f00000, 0x0000000088f00000, 0x0000000089000000|  0%| F|  |TS  0|AC  0|TAMS 0x0000000088f00000, 0x0000000088f00000|
| 122|0x0000000089000000, 0x0000000089000000, 0x0000000089100000|  0%| F|  |TS  0|AC  0|TAMS 0x0000000089000000, 0x0000000089000000|
| 123|0x0000000089100000, 0x0000000089100000, 0x0000000089200000|  0%| F|  |TS  0|AC  0|TAMS 0x0000000089100000, 0x0000000089100000|
| 124|0x0000000089200000, 0x00000000892f7cc0, 0x0000000089300000| 96%| E|  |TS  0|AC  0|TAMS 0x0000000089200000, 0x0000000089200000|
| 125|0x0000000089300000, 0x0000000089400000, 0x0000000089400000|100%| E|CS|TS  0|AC  0|TAMS 0x0000000089300000, 0x0000000089300000|
| 126|0x0000000089400000, 0x0000000089500000, 0x0000000089500000|100%| E|CS|TS  0|AC  0|TAMS 0x0000000089400000, 0x0000000089400000|
| 127|0x0000000089500000, 0x0000000089600000, 0x0000000089600000|100%| E|CS|TS  0|AC  0|TAMS 0x0000000089500000, 0x0000000089500000|

Card table byte_map: [0x0000025248110000,0x0000025248510000] _byte_map_base: 0x0000025247d05000

Marking Bits (Prev, Next): (CMBitMap*) 0x000002522ca66d10, (CMBitMap*) 0x000002522ca66d48
 Prev Bits: [0x0000025248910000, 0x000002524a8b8000)
 Next Bits: [0x000002524a8c0000, 0x000002524c868000)

Polling page: 0x000002522c830000

CodeHeap 'non-profiled nmethods': size=120000Kb used=42Kb max_used=42Kb free=119958Kb
 bounds [0x000002523fd70000, 0x000002523ffe0000, 0x00000252472a0000]
CodeHeap 'profiled nmethods': size=120000Kb used=294Kb max_used=294Kb free=119705Kb
 bounds [0x0000025238840000, 0x0000025238ab0000, 0x000002523fd70000]
CodeHeap 'non-nmethods': size=5760Kb used=1104Kb max_used=1115Kb free=4656Kb
 bounds [0x00000252382a0000, 0x0000025238510000, 0x0000025238840000]
 total_blobs=550 nmethods=190 adapters=209
 compilation: enabled

Compilation events (10 events):
Event: 0.327 Thread 0x000002524fc4f800  187       3       java.lang.StringLatin1::replace (196 bytes)
Event: 0.328 Thread 0x000002524fc4f800 nmethod 187 0x0000025238886a90 code [0x0000025238886d00, 0x00000252388879a0]
Event: 0.328 Thread 0x000002524fc4f800  188       3       java.lang.AbstractStringBuilder::newCapacity (55 bytes)
Event: 0.328 Thread 0x000002524fc4f800 nmethod 188 0x0000025238887e10 code [0x0000025238887fe0, 0x0000025238888290]
Event: 0.328 Thread 0x000002524fc4f800  189       1       java.util.zip.ZipFile::access$300 (5 bytes)
Event: 0.328 Thread 0x000002524fc4f800 nmethod 189 0x000002523fd7a490 code [0x000002523fd7a640, 0x000002523fd7a738]
Event: 0.332 Thread 0x000002524fc4f800  190       3       java.lang.String::indexOf (65 bytes)
Event: 0.333 Thread 0x000002524fc4f800 nmethod 190 0x0000025238888390 code [0x0000025238888600, 0x0000025238889030]
Event: 0.333 Thread 0x000002524fc4f800  191       3       java.lang.StringLatin1::indexOf (25 bytes)
Event: 0.333 Thread 0x000002524fc4f800 nmethod 191 0x0000025238889390 code [0x0000025238889560, 0x0000025238889790]

GC Heap History (0 events):
No events

Deoptimization events (1 events):
Event: 0.254 Thread 0x000002522c9c7800 Uncommon trap: reason=unstable_if action=reinterpret pc=0x000002523fd7473c method=java.lang.String.hashCode()I @ 14 c2

Classes redefined (0 events):
No events

Internal exceptions (2 events):
Event: 0.320 Thread 0x000002522c9c7800 Exception <a 'java/io/FileNotFoundException'{0x00000000892222b0}> (0x00000000892222b0) thrown at [t:/workspace/open/src/hotspot/share/prims/jni.cpp, line 613]
Event: 0.324 Thread 0x000002522c9c7800 Exception <a 'java/io/FileNotFoundException'{0x0000000089233fa8}> (0x0000000089233fa8) thrown at [t:/workspace/open/src/hotspot/share/prims/jni.cpp, line 613]

Events (10 events):
Event: 0.327 loading class gnu/io/Zystem done
Event: 0.328 loading class gnu/io/UnSupportedLoggerException
Event: 0.328 loading class gnu/io/UnSupportedLoggerException done
Event: 0.328 loading class java/lang/NumberFormatException
Event: 0.328 loading class java/lang/NumberFormatException done
Event: 0.329 loading class java/lang/IndexOutOfBoundsException
Event: 0.329 loading class java/lang/IndexOutOfBoundsException done
Event: 0.332 loading class gnu/io/RXTXPort$MonitorThread
Event: 0.332 loading class gnu/io/RXTXPort$MonitorThread done
Event: 0.333 Thread 0x000002524ff36800 Thread added: 0x000002524ff36800


Dynamic libraries:
0x00007ff62bb80000 - 0x00007ff62bbbe000 	D:\MDK\bin\java.exe
0x00007ff8d0290000 - 0x00007ff8d047d000 	C:\Windows\SYSTEM32\ntdll.dll
0x00007ff8ce0d0000 - 0x00007ff8ce183000 	C:\Windows\System32\KERNEL32.DLL
0x00007ff8cc360000 - 0x00007ff8cc5f3000 	C:\Windows\System32\KERNELBASE.dll
0x00007ff8cdad0000 - 0x00007ff8cdb73000 	C:\Windows\System32\ADVAPI32.dll
0x00007ff8d01a0000 - 0x00007ff8d023e000 	C:\Windows\System32\msvcrt.dll
0x00007ff8cded0000 - 0x00007ff8cdf6e000 	C:\Windows\System32\sechost.dll
0x00007ff8cd9a0000 - 0x00007ff8cdac2000 	C:\Windows\System32\RPCRT4.dll
0x00007ff8cf950000 - 0x00007ff8cfae7000 	C:\Windows\System32\USER32.dll
0x00007ff8cca10000 - 0x00007ff8cca30000 	C:\Windows\System32\win32u.dll
0x00007ff8cf8c0000 - 0x00007ff8cf8e9000 	C:\Windows\System32\GDI32.dll
0x00007ff8cd2d0000 - 0x00007ff8cd469000 	C:\Windows\System32\gdi32full.dll
0x00007ff8cc860000 - 0x00007ff8cc900000 	C:\Windows\System32\msvcp_win.dll
0x00007ff8cd1d0000 - 0x00007ff8cd2ca000 	C:\Windows\System32\ucrtbase.dll
0x00007ff8ba9f0000 - 0x00007ff8bac69000 	C:\Windows\WinSxS\amd64_microsoft.windows.common-controls_6595b64144ccf1df_6.0.17763.652_none_05b13fdc0722da13\COMCTL32.dll
0x00007ff8c44a0000 - 0x00007ff8c44aa000 	C:\Windows\SYSTEM32\VERSION.dll
0x00007ff8cd670000 - 0x00007ff8cd99c000 	C:\Windows\System32\combase.dll
0x00007ff8cc7e0000 - 0x00007ff8cc85e000 	C:\Windows\System32\bcryptPrimitives.dll
0x00007ff8cf890000 - 0x00007ff8cf8be000 	C:\Windows\System32\IMM32.DLL
0x00007ff888c10000 - 0x00007ff888cff000 	D:\MDK\bin\msvcr120.dll
0x00007ff88a360000 - 0x00007ff88a406000 	D:\MDK\bin\msvcp120.dll
0x000000006b6f0000 - 0x000000006c154000 	D:\MDK\bin\server\jvm.dll
0x00007ff8cf810000 - 0x00007ff8cf818000 	C:\Windows\System32\PSAPI.DLL
0x00007ff8ba850000 - 0x00007ff8ba859000 	C:\Windows\SYSTEM32\WSOCK32.dll
0x00007ff8c7070000 - 0x00007ff8c7094000 	C:\Windows\SYSTEM32\WINMM.dll
0x00007ff8d0130000 - 0x00007ff8d019d000 	C:\Windows\System32\WS2_32.dll
0x00007ff8c7040000 - 0x00007ff8c706d000 	C:\Windows\SYSTEM32\winmmbase.dll
0x00007ff8cca30000 - 0x00007ff8cca7a000 	C:\Windows\System32\cfgmgr32.dll
0x00007ff8b6ff0000 - 0x00007ff8b6fff000 	D:\MDK\bin\verify.dll
0x00007ff8c7c70000 - 0x00007ff8c7e5d000 	C:\Windows\SYSTEM32\DBGHELP.DLL
0x00007ff89ca10000 - 0x00007ff89ca3a000 	C:\Windows\SYSTEM32\dbgcore.DLL
0x00007ff89b5f0000 - 0x00007ff89b617000 	D:\MDK\bin\java.dll
0x00007ff89fcc0000 - 0x00007ff89fcf6000 	D:\MDK\bin\jdwp.dll
0x00007ff89d4c0000 - 0x00007ff89d4d6000 	D:\MDK\bin\zip.dll
0x00007ff8b4be0000 - 0x00007ff8b4bea000 	D:\MDK\bin\jimage.dll
0x00007ff8ce2c0000 - 0x00007ff8cf7b0000 	C:\Windows\System32\SHELL32.dll
0x00007ff8cdf70000 - 0x00007ff8ce018000 	C:\Windows\System32\shcore.dll
0x00007ff8cca80000 - 0x00007ff8cd1ca000 	C:\Windows\System32\windows.storage.dll
0x00007ff8cc310000 - 0x00007ff8cc334000 	C:\Windows\System32\profapi.dll
0x00007ff8cc2b0000 - 0x00007ff8cc30d000 	C:\Windows\System32\powrprof.dll
0x00007ff8cf7b0000 - 0x00007ff8cf802000 	C:\Windows\System32\shlwapi.dll
0x00007ff8cc340000 - 0x00007ff8cc351000 	C:\Windows\System32\kernel.appcore.dll
0x00007ff8cd470000 - 0x00007ff8cd487000 	C:\Windows\System32\cryptsp.dll
0x00007ff8c7220000 - 0x00007ff8c722a000 	D:\MDK\bin\dt_socket.dll
0x00007ff8cbad0000 - 0x00007ff8cbb37000 	C:\Windows\System32\mswsock.dll
0x00007ff8cb830000 - 0x00007ff8cb8f6000 	C:\Windows\SYSTEM32\DNSAPI.dll
0x00007ff8cfaf0000 - 0x00007ff8cfaf8000 	C:\Windows\System32\NSI.dll
0x00007ff8cb7f0000 - 0x00007ff8cb82d000 	C:\Windows\SYSTEM32\IPHLPAPI.DLL
0x00007ff8bcd30000 - 0x00007ff8bcda9000 	C:\Windows\System32\fwpuclnt.dll
0x00007ff8cd490000 - 0x00007ff8cd4b6000 	C:\Windows\System32\bcrypt.dll
0x00007ff8bc8b0000 - 0x00007ff8bc8ba000 	C:\Windows\System32\rasadhlp.dll
0x00007ff89bf80000 - 0x00007ff89bf99000 	D:\MDK\bin\net.dll
0x00007ff8bcdc0000 - 0x00007ff8bceb2000 	C:\Windows\SYSTEM32\WINHTTP.dll
0x00007ff89ba80000 - 0x00007ff89ba91000 	D:\MDK\bin\nio.dll
0x0000000180000000 - 0x0000000180025000 	D:\MDK\bin\rxtxSerial.dll

dbghelp: loaded successfully - version: 4.0.5 - missing functions: none
symbol engine: initialized successfully - sym options: 0x614 - pdb path: .;D:\MDK\bin;C:\Windows\SYSTEM32;C:\Windows\WinSxS\amd64_microsoft.windows.common-controls_6595b64144ccf1df_6.0.17763.652_none_05b13fdc0722da13;D:\MDK\bin\server

VM Arguments:
jvm_args: -agentlib:jdwp=transport=dt_socket,server=n,suspend=y,address=localhost:61121 -Dfile.encoding=UTF-8 
java_command: quoridor.communication
java_class_path (initial): D:\BaiduNetdiskDownload\新建文件夹\学习项目\比赛\创意组日常记录\策略部分\release\bin;C:\Users\78669\.vscode-insiders\extensions\redhat.java-0.47.0\server\config_win\org.eclipse.osgi\69\0\.cp\junit.jar;C:\Users\78669\.vscode-insiders\extensions\redhat.java-0.47.0\server\config_win\org.eclipse.osgi\67\0\.cp\;D:\BaiduNetdiskDownload\新建文件夹\学习项目\比赛\创意组日常记录\策略部分\release\lib\RXTXcomm.jar
Launcher Type: SUN_STANDARD

Logging:
Log output configuration:
 #0: stdout all=warning uptime,level,tags
 #1: stderr all=off uptime,level,tags

Environment Variables:
PATH=D:\360\;C:\Program Files (x86)\Intel\Intel(R) Management Engine Components\iCLS\;C:\Program Files\Intel\Intel(R) Management Engine Components\iCLS\;C:\Windows\system32;C:\Windows;C:\Windows\System32\Wbem;C:\Windows\System32\WindowsPowerShell\v1.0\;C:\Windows\System32\OpenSSH\;C:\Program Files (x86)\Intel\Intel(R) Management Engine Components\DAL;C:\Program Files\Intel\Intel(R) Management Engine Components\DAL;C:\Program Files (x86)\Intel\Intel(R) Management Engine Components\IPT;C:\Program Files\Intel\Intel(R) Management Engine Components\IPT;C:\Program Files (x86)\NVIDIA Corporation\PhysX\Common;C:\Program Files\NVIDIA Corporation\NVIDIA NvDLISR;D:\Matlab\runtime\win64;D:\Matlab\bin;D:\MDK\Scripts\;D:\MDK\;C:\Users\78669\AppData\Local\Microsoft\WindowsApps;D:\MDK\bin;D:\VScode\bin;
USERNAME=78669
OS=Windows_NT
PROCESSOR_IDENTIFIER=Intel64 Family 6 Model 142 Stepping 10, GenuineIntel



---------------  S Y S T E M  ---------------

OS: Windows 10 , 64 bit Build 17763 (10.0.17763.475)

CPU:total 8 (initial active 8) (4 cores per cpu, 2 threads per core) family 6 model 142 stepping 10, cmov, cx8, fxsr, mmx, sse, sse2, sse3, ssse3, sse4.1, sse4.2, popcnt, avx, avx2, aes, clmul, erms, 3dnowpref, lzcnt, ht, tsc, tscinvbit, bmi1, bmi2, adx, fma

Memory: 4k page, physical 8292580k(3921804k free), swap 9915556k(3624164k free)

vm_info: Java HotSpot(TM) 64-Bit Server VM (11-ea+5) for windows-amd64 JRE (11-ea+5), built on Mar 17 2018 01:37:32 by "mach5one" with MS VC++ 12.0 (VS2013)

END.
